8/09/2020 15:49:48 PM - Save Script: Version 13.3.0.1.262 User SUJITSWAIN
8/09/2020 15:50:04 PM - Launch Browser: IE version 9.11.18362.0
8/09/2020 15:55:34 PM - Save Script: Version 13.3.0.1.262 User SUJITSWAIN
8/09/2020 15:57:14 PM - Save Script: Version 13.3.0.1.262 User SUJITSWAIN
8/09/2020 15:58:42 PM - Save Script: Version 13.3.0.1.262 User SUJITSWAIN
8/09/2020 16:02:32 PM - Save Script: Version 13.3.0.1.262 User SUJITSWAIN
8/09/2020 16:02:45 PM - Save Script: Version 13.3.0.1.262 User SUJITSWAIN
8/09/2020 16:02:56 PM - Save Script: Version 13.3.0.1.262 User SUJITSWAIN
8/09/2020 16:03:01 PM - Save Script: Version 13.3.0.1.262 User SUJITSWAIN
8/09/2020 16:04:37 PM - Save Script: Version 13.3.0.1.262 User SUJITSWAIN
8/09/2020 16:15:54 PM - Save Script: Version 13.3.0.1.262 User SUJITSWAIN
8/09/2020 16:20:14 PM - Save Script: Version 13.3.0.1.262 User SUJITSWAIN
8/09/2020 16:20:43 PM - Save Script: Version 13.3.0.1.262 User SUJITSWAIN
8/09/2020 16:22:10 PM - Save Script: Version 13.3.0.1.262 User SUJITSWAIN
8/09/2020 16:25:09 PM - Save Script: Version 13.3.0.1.262 User SUJITSWAIN
8/09/2020 16:27:33 PM - Save Script: Version 13.3.0.1.262 User SUJITSWAIN
8/09/2020 16:28:30 PM - Save Script: Version 13.3.0.1.262 User SUJITSWAIN
8/09/2020 18:12:03 PM - Upgrade Script Results: Successfully upgraded script results.
8/09/2020 18:17:47 PM - Save Script: Version 13.3.0.1.262 User SUJITSWAIN
8/09/2020 18:24:28 PM - Save Script: Version 13.3.0.1.262 User SUJITSWAIN
8/09/2020 18:28:02 PM - Save Script: Version 13.3.0.1.262 User SUJITSWAIN
8/09/2020 18:29:45 PM - Save Script: Version 13.3.0.1.262 User SUJITSWAIN
8/09/2020 19:25:14 PM - Upgrade Script Results: Successfully upgraded script results.
8/09/2020 19:36:03 PM - Launch Browser: IE version 9.11.18362.0
8/09/2020 19:37:55 PM - Save Script: Version 13.3.0.1.262 User SUJITSWAIN
8/09/2020 19:50:31 PM - Save Script: Version 13.3.0.1.262 User SUJITSWAIN
8/09/2020 19:52:07 PM - Save Script: Version 13.3.0.1.262 User SUJITSWAIN
8/09/2020 20:05:11 PM - Save Script: Version 13.3.0.1.262 User SUJITSWAIN
8/09/2020 20:07:15 PM - Save Script: Version 13.3.0.1.262 User SUJITSWAIN
8/09/2020 20:21:04 PM - Save Script: Version 13.3.0.1.262 User SUJITSWAIN
8/09/2020 20:22:14 PM - Save Script: Version 13.3.0.1.262 User SUJITSWAIN
8/09/2020 20:23:53 PM - Save Script: Version 13.3.0.1.262 User SUJITSWAIN
8/09/2020 20:24:37 PM - Save Script: Version 13.3.0.1.262 User SUJITSWAIN
8/09/2020 20:28:30 PM - Save Script: Version 13.3.0.1.262 User SUJITSWAIN
8/09/2020 20:30:04 PM - Save Script: Version 13.3.0.1.262 User SUJITSWAIN
8/09/2020 20:31:55 PM - Save Script: Version 13.3.0.1.262 User SUJITSWAIN
8/09/2020 20:35:44 PM - Save Script: Version 13.3.0.1.262 User SUJITSWAIN
8/09/2020 20:38:06 PM - Save Script: Version 13.3.0.1.262 User SUJITSWAIN
8/09/2020 20:38:37 PM - Save Script: Version 13.3.0.1.262 User SUJITSWAIN
8/09/2020 20:40:03 PM - Save Script: Version 13.3.0.1.262 User SUJITSWAIN
8/09/2020 20:40:19 PM - Save Script: Version 13.3.0.1.262 User SUJITSWAIN
8/09/2020 20:42:36 PM - Save Script: Version 13.3.0.1.262 User SUJITSWAIN
8/09/2020 20:49:37 PM - Launch Browser: IE version 9.11.18362.0
8/09/2020 20:50:44 PM - Save Script: Version 13.3.0.1.262 User SUJITSWAIN
8/09/2020 20:55:12 PM - Save Script: Version 13.3.0.1.262 User SUJITSWAIN
8/09/2020 20:58:31 PM - Launch Browser: IE version 9.11.18362.0
8/09/2020 20:59:31 PM - Save Script: Version 13.3.0.1.262 User SUJITSWAIN
8/09/2020 20:59:54 PM - Save Script: Version 13.3.0.1.262 User SUJITSWAIN
8/09/2020 21:06:10 PM - Launch Browser: IE version 9.11.18362.0
8/09/2020 21:08:49 PM - Save Script: Version 13.3.0.1.262 User SUJITSWAIN
8/09/2020 21:22:30 PM - Upgrade Script Results: Successfully upgraded script results.
8/09/2020 21:24:08 PM - Save Script: Version 13.3.0.1.262 User SUJITSWAIN
8/09/2020 21:25:14 PM - Save Script: Version 13.3.0.1.262 User SUJITSWAIN
8/09/2020 21:37:42 PM - Save Script: Version 13.3.0.1.262 User SUJITSWAIN
8/09/2020 21:37:51 PM - Save Script: Version 13.3.0.1.262 User SUJITSWAIN
8/09/2020 21:37:58 PM - Save Script: Version 13.3.0.1.262 User SUJITSWAIN
8/09/2020 21:38:57 PM - Launch Browser: IE version 9.11.18362.0
8/09/2020 21:45:35 PM - Save Script: Version 13.3.0.1.262 User SUJITSWAIN
8/09/2020 21:46:54 PM - Save Script: Version 13.3.0.1.262 User SUJITSWAIN
8/09/2020 21:50:30 PM - Save Script: Version 13.3.0.1.262 User SUJITSWAIN
8/09/2020 21:55:22 PM - Save Script: Version 13.3.0.1.262 User SUJITSWAIN
8/09/2020 22:00:03 PM - Save Script: Version 13.3.0.1.262 User SUJITSWAIN
8/09/2020 22:00:41 PM - Launch Browser: IE version 9.11.18362.0
8/09/2020 22:01:05 PM - Save Script: Version 13.3.0.1.262 User SUJITSWAIN
8/09/2020 22:02:01 PM - Save Script: Version 13.3.0.1.262 User SUJITSWAIN
8/09/2020 22:02:17 PM - Save Script: Version 13.3.0.1.262 User SUJITSWAIN
8/09/2020 22:16:00 PM - Save Script: Version 13.3.0.1.262 User SUJITSWAIN
8/09/2020 22:18:40 PM - Save Script: Version 13.3.0.1.262 User SUJITSWAIN
8/09/2020 22:19:05 PM - Save Script: Version 13.3.0.1.262 User SUJITSWAIN
8/09/2020 22:22:46 PM - Save Script: Version 13.3.0.1.262 User SUJITSWAIN
8/09/2020 22:27:06 PM - Save Script: Version 13.3.0.1.262 User SUJITSWAIN
8/09/2020 22:30:36 PM - Save Script: Version 13.3.0.1.262 User SUJITSWAIN
8/09/2020 22:30:53 PM - Save Script: Version 13.3.0.1.262 User SUJITSWAIN
8/09/2020 22:31:12 PM - Save Script: Version 13.3.0.1.262 User SUJITSWAIN
8/09/2020 22:36:03 PM - Save Script: Version 13.3.0.1.262 User SUJITSWAIN
8/09/2020 22:36:36 PM - Save Script: Version 13.3.0.1.262 User SUJITSWAIN
8/09/2020 22:50:06 PM - Save Script: Version 13.3.0.1.262 User SUJITSWAIN
8/09/2020 22:50:36 PM - Save Script: Version 13.3.0.1.262 User SUJITSWAIN
8/09/2020 22:59:27 PM - Save Script: Version 13.3.0.1.262 User SUJITSWAIN
8/09/2020 22:59:34 PM - Launch Browser: IE version 9.11.18362.0
8/09/2020 23:18:55 PM - Launch Browser: IE version 9.11.18362.0
8/09/2020 23:19:56 PM - Save Script: Version 13.3.0.1.262 User SUJITSWAIN
8/09/2020 23:21:38 PM - Save Script: Version 13.3.0.1.262 User SUJITSWAIN
8/10/2020 06:04:47 AM - Save Script: Version 13.3.0.1.262 User SUJITSWAIN
8/10/2020 06:05:49 AM - Save Script: Version 13.3.0.1.262 User SUJITSWAIN
8/10/2020 06:07:21 AM - Save Script: Version 13.3.0.1.262 User SUJITSWAIN
8/10/2020 06:10:11 AM - Save Script: Version 13.3.0.1.262 User SUJITSWAIN
8/10/2020 06:15:51 AM - Save Script: Version 13.3.0.1.262 User SUJITSWAIN
8/10/2020 06:16:57 AM - Save Script: Version 13.3.0.1.262 User SUJITSWAIN
8/10/2020 06:18:38 AM - Save Script: Version 13.3.0.1.262 User SUJITSWAIN
8/10/2020 06:19:03 AM - Save Script: Version 13.3.0.1.262 User SUJITSWAIN
8/10/2020 06:19:42 AM - Save Script: Version 13.3.0.1.262 User SUJITSWAIN
8/10/2020 06:22:13 AM - Save Script: Version 13.3.0.1.262 User SUJITSWAIN
8/10/2020 06:24:01 AM - Save Script: Version 13.3.0.1.262 User SUJITSWAIN
8/10/2020 06:24:30 AM - Save Script: Version 13.3.0.1.262 User SUJITSWAIN
8/10/2020 06:26:26 AM - Save Script: Version 13.3.0.1.262 User SUJITSWAIN
8/10/2020 06:36:39 AM - Save Script: Version 13.3.0.1.262 User SUJITSWAIN
8/10/2020 06:41:15 AM - Save Script: Version 13.3.0.1.262 User SUJITSWAIN
8/10/2020 06:43:10 AM - Save Script: Version 13.3.0.1.262 User SUJITSWAIN
8/10/2020 06:44:46 AM - Save Script: Version 13.3.0.1.262 User SUJITSWAIN
8/10/2020 06:49:58 AM - Save Script: Version 13.3.0.1.262 User SUJITSWAIN
8/10/2020 06:50:07 AM - Save Script: Version 13.3.0.1.262 User SUJITSWAIN
8/10/2020 06:51:08 AM - Save Script: Version 13.3.0.1.262 User SUJITSWAIN
8/10/2020 06:55:34 AM - Save Script: Version 13.3.0.1.262 User SUJITSWAIN
8/10/2020 17:58:08 PM - Save Script: Version 13.3.0.1.262 User SUJITSWAIN
8/10/2020 17:58:53 PM - Save Script: Version 13.3.0.1.262 User SUJITSWAIN
8/10/2020 18:02:05 PM - Save Script: Version 13.3.0.1.262 User SUJITSWAIN
8/10/2020 18:03:53 PM - Save Script: Version 13.3.0.1.262 User SUJITSWAIN
8/10/2020 18:12:42 PM - Launch Browser: IE version 9.11.18362.0
8/10/2020 18:18:01 PM - Save Script: Version 13.3.0.1.262 User SUJITSWAIN
8/10/2020 18:20:24 PM - Save Script: Version 13.3.0.1.262 User SUJITSWAIN
8/10/2020 18:26:16 PM - Save Script: Version 13.3.0.1.262 User SUJITSWAIN
8/10/2020 18:28:44 PM - Save Script: Version 13.3.0.1.262 User SUJITSWAIN
8/10/2020 18:29:46 PM - Save Script: Version 13.3.0.1.262 User SUJITSWAIN
8/10/2020 18:50:34 PM - Save Script: Version 13.3.0.1.262 User SUJITSWAIN
8/10/2020 18:51:27 PM - Save Script: Version 13.3.0.1.262 User SUJITSWAIN
8/10/2020 19:06:39 PM - Save Script: Version 13.3.0.1.262 User SUJITSWAIN
8/10/2020 19:09:40 PM - Save Script: Version 13.3.0.1.262 User SUJITSWAIN
8/10/2020 19:12:01 PM - Save Script: Version 13.3.0.1.262 User SUJITSWAIN
8/10/2020 19:12:22 PM - Save Script: Version 13.3.0.1.262 User SUJITSWAIN
8/10/2020 19:17:48 PM - Save Script: Version 13.3.0.1.262 User SUJITSWAIN
8/10/2020 19:20:41 PM - Save Script: Version 13.3.0.1.262 User SUJITSWAIN
8/10/2020 19:25:27 PM - Save Script: Version 13.3.0.1.262 User SUJITSWAIN
8/10/2020 19:34:30 PM - Save Script: Version 13.3.0.1.262 User SUJITSWAIN
8/12/2020 10:08:33 AM - Save Script: Version 13.3.0.1.262 User SUJITSWAIN
8/12/2020 10:09:25 AM - Save Script: Version 13.3.0.1.262 User SUJITSWAIN
8/12/2020 10:12:36 AM - Save Script: Version 13.3.0.1.262 User SUJITSWAIN
8/12/2020 10:13:29 AM - Save Script: Version 13.3.0.1.262 User SUJITSWAIN
8/12/2020 10:24:26 AM - Save Script: Version 13.3.0.1.262 User SUJITSWAIN
8/12/2020 10:28:51 AM - Launch Browser: IE version 9.11.18362.0
8/12/2020 10:48:08 AM - Save Script: Version 13.3.0.1.262 User SUJITSWAIN
8/12/2020 10:48:41 AM - Save Script: Version 13.3.0.1.262 User SUJITSWAIN
8/12/2020 10:53:27 AM - Save Script: Version 13.3.0.1.262 User SUJITSWAIN
8/12/2020 10:58:44 AM - Save Script: Version 13.3.0.1.262 User SUJITSWAIN
8/12/2020 10:58:51 AM - Launch Browser: IE version 9.11.18362.0
8/12/2020 11:04:58 AM - Save Script: Version 13.3.0.1.262 User SUJITSWAIN
8/12/2020 11:10:30 AM - Save Script: Version 13.3.0.1.262 User SUJITSWAIN
8/12/2020 11:46:41 AM - Save Script: Version 13.3.0.1.262 User SUJITSWAIN
8/12/2020 11:53:02 AM - Save Script: Version 13.3.0.1.262 User SUJITSWAIN
8/12/2020 12:00:53 PM - Save Script: Version 13.3.0.1.262 User SUJITSWAIN
8/12/2020 12:01:00 PM - Save Script: Version 13.3.0.1.262 User SUJITSWAIN
8/12/2020 12:06:25 PM - Save Script: Version 13.3.0.1.262 User SUJITSWAIN
8/12/2020 12:07:37 PM - Save Script: Version 13.3.0.1.262 User SUJITSWAIN
8/12/2020 12:08:57 PM - Save Script: Version 13.3.0.1.262 User SUJITSWAIN
8/12/2020 12:09:37 PM - Save Script: Version 13.3.0.1.262 User SUJITSWAIN
8/12/2020 12:10:09 PM - Save Script: Version 13.3.0.1.262 User SUJITSWAIN
8/12/2020 12:13:26 PM - Save Script: Version 13.3.0.1.262 User SUJITSWAIN
8/12/2020 12:16:42 PM - Save Script: Version 13.3.0.1.262 User SUJITSWAIN
8/12/2020 12:19:19 PM - Save Script: Version 13.3.0.1.262 User SUJITSWAIN
8/12/2020 12:23:23 PM - Save Script: Version 13.3.0.1.262 User SUJITSWAIN
8/12/2020 12:23:37 PM - Save Script: Version 13.3.0.1.262 User SUJITSWAIN
8/12/2020 12:31:26 PM - Save Script: Version 13.3.0.1.262 User SUJITSWAIN
8/12/2020 12:31:41 PM - Save Script: Version 13.3.0.1.262 User SUJITSWAIN
8/12/2020 12:32:28 PM - Save Script: Version 13.3.0.1.262 User SUJITSWAIN
8/12/2020 12:35:24 PM - Save Script: Version 13.3.0.1.262 User SUJITSWAIN
8/12/2020 12:51:20 PM - Save Script: Version 13.3.0.1.262 User SUJITSWAIN
8/12/2020 12:55:12 PM - Save Script: Version 13.3.0.1.262 User SUJITSWAIN
8/12/2020 19:58:11 PM - Save Script: Version 13.3.0.1.262 User SUJITSWAIN
8/12/2020 19:59:07 PM - Save Script: Version 13.3.0.1.262 User SUJITSWAIN
8/12/2020 20:04:02 PM - Save Script: Version 13.3.0.1.262 User SUJITSWAIN
8/12/2020 20:07:43 PM - Save Script: Version 13.3.0.1.262 User SUJITSWAIN
8/12/2020 20:08:50 PM - Save Script: Version 13.3.0.1.262 User SUJITSWAIN
8/12/2020 20:14:40 PM - Save Script: Version 13.3.0.1.262 User SUJITSWAIN
8/12/2020 20:43:55 PM - Save Script: Version 13.3.0.1.262 User SUJITSWAIN
8/12/2020 20:46:53 PM - Save Script: Version 13.3.0.1.262 User SUJITSWAIN
8/12/2020 20:47:32 PM - Save Script: Version 13.3.0.1.262 User SUJITSWAIN
8/12/2020 20:50:51 PM - Save Script: Version 13.3.0.1.262 User SUJITSWAIN
8/12/2020 20:54:20 PM - Save Script: Version 13.3.0.1.262 User SUJITSWAIN
8/12/2020 20:57:05 PM - Save Script: Version 13.3.0.1.262 User SUJITSWAIN
8/12/2020 20:58:06 PM - Save Script: Version 13.3.0.1.262 User SUJITSWAIN
8/12/2020 21:09:10 PM - Save Script: Version 13.3.0.1.262 User SUJITSWAIN