8/03/2020 10:32:58 AM - Save Script: Version 13.3.0.1.262 User SUJITSWAIN
8/03/2020 11:08:05 AM - Save Script: Version 13.3.0.1.262 User SUJITSWAIN
8/03/2020 11:08:53 AM - Save Script: Version 13.3.0.1.262 User SUJITSWAIN
8/03/2020 12:14:17 PM - Save Script: Version 13.3.0.1.262 User SUJITSWAIN
8/03/2020 12:16:38 PM - Save Script: Version 13.3.0.1.262 User SUJITSWAIN
8/03/2020 12:18:25 PM - Save Script: Version 13.3.0.1.262 User SUJITSWAIN
8/03/2020 12:18:59 PM - Save Script: Version 13.3.0.1.262 User SUJITSWAIN
8/03/2020 12:27:20 PM - Save Script: Version 13.3.0.1.262 User SUJITSWAIN
8/03/2020 12:27:36 PM - Save Script: Version 13.3.0.1.262 User SUJITSWAIN
8/03/2020 12:30:25 PM - Save Script: Version 13.3.0.1.262 User SUJITSWAIN
8/03/2020 15:20:50 PM - Launch Browser: IE version 9.11.18362.0
8/03/2020 15:25:26 PM - Save Script: Version 13.3.0.1.262 User SUJITSWAIN
8/03/2020 15:25:39 PM - Save Script: Version 13.3.0.1.262 User SUJITSWAIN
8/03/2020 15:28:50 PM - Save Script: Version 13.3.0.1.262 User SUJITSWAIN
8/03/2020 15:33:22 PM - Save Script: Version 13.3.0.1.262 User SUJITSWAIN
8/03/2020 15:35:37 PM - Save Script: Version 13.3.0.1.262 User SUJITSWAIN
8/03/2020 21:24:10 PM - Upgrade Script Results: Successfully upgraded script results.
8/04/2020 08:46:55 AM - Save Script: Version 13.3.0.1.262 User SUJITSWAIN
8/04/2020 08:47:10 AM - Save Script: Version 13.3.0.1.262 User SUJITSWAIN
8/04/2020 08:47:37 AM - Save Script: Version 13.3.0.1.262 User SUJITSWAIN
8/04/2020 08:51:26 AM - Save Script: Version 13.3.0.1.262 User SUJITSWAIN
8/04/2020 08:54:23 AM - Save Script: Version 13.3.0.1.262 User SUJITSWAIN
8/04/2020 08:59:08 AM - Save Script: Version 13.3.0.1.262 User SUJITSWAIN
8/04/2020 08:59:24 AM - Save Script: Version 13.3.0.1.262 User SUJITSWAIN
8/04/2020 09:05:33 AM - Save Script: Version 13.3.0.1.262 User SUJITSWAIN
8/04/2020 09:11:20 AM - Save Script: Version 13.3.0.1.262 User SUJITSWAIN
8/04/2020 09:16:44 AM - Save Script: Version 13.3.0.1.262 User SUJITSWAIN
8/04/2020 09:20:04 AM - Save Script: Version 13.3.0.1.262 User SUJITSWAIN
8/04/2020 09:25:17 AM - Save Script: Version 13.3.0.1.262 User SUJITSWAIN
8/04/2020 09:31:30 AM - Save Script: Version 13.3.0.1.262 User SUJITSWAIN
8/04/2020 09:32:30 AM - Save Script: Version 13.3.0.1.262 User SUJITSWAIN
8/04/2020 09:39:00 AM - Save Script: Version 13.3.0.1.262 User SUJITSWAIN
8/04/2020 09:39:53 AM - Save Script: Version 13.3.0.1.262 User SUJITSWAIN
8/04/2020 09:46:37 AM - Save Script: Version 13.3.0.1.262 User SUJITSWAIN
8/04/2020 09:56:10 AM - Launch Browser: IE version 9.11.18362.0
8/04/2020 09:58:53 AM - Save Script: Version 13.3.0.1.262 User SUJITSWAIN
8/04/2020 09:59:55 AM - Save Script: Version 13.3.0.1.262 User SUJITSWAIN
8/04/2020 10:00:09 AM - Save Script: Version 13.3.0.1.262 User SUJITSWAIN
8/04/2020 10:01:41 AM - Save Script: Version 13.3.0.1.262 User SUJITSWAIN
8/04/2020 10:02:54 AM - Save Script: Version 13.3.0.1.262 User SUJITSWAIN
8/04/2020 10:09:15 AM - Save Script: Version 13.3.0.1.262 User SUJITSWAIN
8/04/2020 10:09:22 AM - Save Script: Version 13.3.0.1.262 User SUJITSWAIN
8/04/2020 10:09:52 AM - Save Script: Version 13.3.0.1.262 User SUJITSWAIN
8/04/2020 10:22:50 AM - Save Script: Version 13.3.0.1.262 User SUJITSWAIN
8/04/2020 10:23:55 AM - Save Script: Version 13.3.0.1.262 User SUJITSWAIN
8/04/2020 10:38:34 AM - Save Script: Version 13.3.0.1.262 User SUJITSWAIN
8/04/2020 10:39:07 AM - Save Script: Version 13.3.0.1.262 User SUJITSWAIN
8/04/2020 10:41:31 AM - Save Script: Version 13.3.0.1.262 User SUJITSWAIN
8/04/2020 10:42:00 AM - Save Script: Version 13.3.0.1.262 User SUJITSWAIN
8/04/2020 10:42:24 AM - Save Script: Version 13.3.0.1.262 User SUJITSWAIN
8/04/2020 10:44:25 AM - Save Script: Version 13.3.0.1.262 User SUJITSWAIN
8/04/2020 10:44:54 AM - Save Script: Version 13.3.0.1.262 User SUJITSWAIN
8/04/2020 10:45:11 AM - Save Script: Version 13.3.0.1.262 User SUJITSWAIN
8/04/2020 11:27:16 AM - Save Script: Version 13.3.0.1.262 User SUJITSWAIN
8/04/2020 11:36:13 AM - Upgrade Script Results: Successfully upgraded script results.
8/04/2020 11:37:05 AM - Save Script: Version 13.3.0.1.262 User SUJITSWAIN
8/04/2020 12:17:35 PM - Save Script: Version 13.3.0.1.262 User SUJITSWAIN
8/04/2020 12:23:46 PM - Save Script: Version 13.3.0.1.262 User SUJITSWAIN
8/04/2020 12:28:19 PM - Save Script: Version 13.3.0.1.262 User SUJITSWAIN
8/04/2020 12:31:35 PM - Save Script: Version 13.3.0.1.262 User SUJITSWAIN
8/04/2020 12:32:04 PM - Save Script: Version 13.3.0.1.262 User SUJITSWAIN
8/04/2020 12:34:00 PM - Save Script: Version 13.3.0.1.262 User SUJITSWAIN
8/04/2020 12:34:11 PM - Save Script: Version 13.3.0.1.262 User SUJITSWAIN
8/04/2020 12:35:05 PM - Save Script: Version 13.3.0.1.262 User SUJITSWAIN
8/04/2020 12:35:11 PM - Save Script: Version 13.3.0.1.262 User SUJITSWAIN
8/04/2020 12:38:39 PM - Save Script: Version 13.3.0.1.262 User SUJITSWAIN
8/04/2020 12:41:51 PM - Save Script: Version 13.3.0.1.262 User SUJITSWAIN
8/04/2020 12:42:07 PM - Save Script: Version 13.3.0.1.262 User SUJITSWAIN
8/04/2020 12:42:11 PM - Save Script: Version 13.3.0.1.262 User SUJITSWAIN
8/04/2020 12:48:50 PM - Save Script: Version 13.3.0.1.262 User SUJITSWAIN
8/04/2020 12:49:36 PM - Save Script: Version 13.3.0.1.262 User SUJITSWAIN
8/04/2020 12:53:41 PM - Launch Browser: IE version 9.11.18362.0
8/04/2020 12:57:07 PM - Save Script: Version 13.3.0.1.262 User SUJITSWAIN
8/04/2020 21:08:58 PM - Save Script: Version 13.3.0.1.262 User SUJITSWAIN
8/04/2020 21:14:31 PM - Save Script: Version 13.3.0.1.262 User SUJITSWAIN
8/04/2020 21:30:23 PM - Save Script: Version 13.3.0.1.262 User SUJITSWAIN
8/04/2020 21:31:38 PM - Save Script: Version 13.3.0.1.262 User SUJITSWAIN
8/04/2020 21:34:58 PM - Save Script: Version 13.3.0.1.262 User SUJITSWAIN
8/04/2020 21:36:01 PM - Save Script: Version 13.3.0.1.262 User SUJITSWAIN
8/04/2020 21:36:46 PM - Save Script: Version 13.3.0.1.262 User SUJITSWAIN
8/04/2020 21:36:49 PM - Save Script: Version 13.3.0.1.262 User SUJITSWAIN
8/04/2020 21:37:24 PM - Save Script: Version 13.3.0.1.262 User SUJITSWAIN
8/04/2020 21:38:22 PM - Save Script: Version 13.3.0.1.262 User SUJITSWAIN
8/04/2020 21:38:50 PM - Save Script: Version 13.3.0.1.262 User SUJITSWAIN
8/04/2020 21:39:44 PM - Save Script: Version 13.3.0.1.262 User SUJITSWAIN
8/04/2020 21:41:03 PM - Save Script: Version 13.3.0.1.262 User SUJITSWAIN
8/04/2020 21:41:53 PM - Save Script: Version 13.3.0.1.262 User SUJITSWAIN
8/04/2020 21:42:07 PM - Save Script: Version 13.3.0.1.262 User SUJITSWAIN
8/04/2020 21:42:48 PM - Save Script: Version 13.3.0.1.262 User SUJITSWAIN
8/05/2020 00:04:22 AM - Upgrade Script Results: Successfully upgraded script results.
8/05/2020 00:08:17 AM - Save Script: Version 13.3.0.1.262 User SUJITSWAIN
8/05/2020 00:11:37 AM - Save Script: Version 13.3.0.1.262 User SUJITSWAIN
8/05/2020 00:13:02 AM - Save Script: Version 13.3.0.1.262 User SUJITSWAIN
8/05/2020 00:18:55 AM - Save Script: Version 13.3.0.1.262 User SUJITSWAIN
8/05/2020 00:21:10 AM - Save Script: Version 13.3.0.1.262 User SUJITSWAIN
8/05/2020 00:24:40 AM - Save Script: Version 13.3.0.1.262 User SUJITSWAIN
8/05/2020 00:29:41 AM - Save Script: Version 13.3.0.1.262 User SUJITSWAIN
8/05/2020 00:29:53 AM - Save Script: Version 13.3.0.1.262 User SUJITSWAIN
8/05/2020 00:36:30 AM - Save Script: Version 13.3.0.1.262 User SUJITSWAIN
8/05/2020 00:37:37 AM - Save Script: Version 13.3.0.1.262 User SUJITSWAIN
8/05/2020 00:42:11 AM - Save Script: Version 13.3.0.1.262 User SUJITSWAIN
8/05/2020 00:44:21 AM - Save Script: Version 13.3.0.1.262 User SUJITSWAIN
8/05/2020 00:45:55 AM - Save Script: Version 13.3.0.1.262 User SUJITSWAIN
8/05/2020 00:47:55 AM - Save Script: Version 13.3.0.1.262 User SUJITSWAIN
8/05/2020 00:51:02 AM - Save Script: Version 13.3.0.1.262 User SUJITSWAIN
8/05/2020 00:57:54 AM - Save Script: Version 13.3.0.1.262 User SUJITSWAIN
8/05/2020 01:04:06 AM - Save Script: Version 13.3.0.1.262 User SUJITSWAIN
8/05/2020 01:04:39 AM - Save Script: Version 13.3.0.1.262 User SUJITSWAIN
8/05/2020 09:47:04 AM - Save Script: Version 13.3.0.1.262 User SUJITSWAIN
8/05/2020 09:47:45 AM - Save Script: Version 13.3.0.1.262 User SUJITSWAIN
8/05/2020 09:47:50 AM - Save Script: Version 13.3.0.1.262 User SUJITSWAIN
8/05/2020 09:52:00 AM - Save Script: Version 13.3.0.1.262 User SUJITSWAIN
8/05/2020 09:54:38 AM - Save Script: Version 13.3.0.1.262 User SUJITSWAIN
8/05/2020 10:00:46 AM - Launch Browser: IE version 9.11.18362.0
8/05/2020 10:04:52 AM - Save Script: Version 13.3.0.1.262 User SUJITSWAIN
8/05/2020 10:09:45 AM - Save Script: Version 13.3.0.1.262 User SUJITSWAIN
8/05/2020 11:16:54 AM - Save Script: Version 13.3.0.1.262 User SUJITSWAIN
8/05/2020 11:20:49 AM - Save Script: Version 13.3.0.1.262 User SUJITSWAIN
8/05/2020 11:25:27 AM - Save Script: Version 13.3.0.1.262 User SUJITSWAIN
8/05/2020 11:31:47 AM - Upgrade Script Results: Successfully upgraded script results.
8/05/2020 13:42:05 PM - Launch Browser: IE version 9.11.18362.0
8/05/2020 13:44:37 PM - Save Script: Version 13.3.0.1.262 User SUJITSWAIN
8/05/2020 13:49:00 PM - Save Script: Version 13.3.0.1.262 User SUJITSWAIN
8/05/2020 13:52:03 PM - Save Script: Version 13.3.0.1.262 User SUJITSWAIN
8/05/2020 13:55:25 PM - Save Script: Version 13.3.0.1.262 User SUJITSWAIN
8/05/2020 14:00:14 PM - Save Script: Version 13.3.0.1.262 User SUJITSWAIN
8/05/2020 14:00:50 PM - Save Script: Version 13.3.0.1.262 User SUJITSWAIN
8/05/2020 14:02:32 PM - Save Script: Version 13.3.0.1.262 User SUJITSWAIN
8/05/2020 14:02:58 PM - Save Script: Version 13.3.0.1.262 User SUJITSWAIN
8/05/2020 14:04:35 PM - Save Script: Version 13.3.0.1.262 User SUJITSWAIN
8/05/2020 14:04:54 PM - Save Script: Version 13.3.0.1.262 User SUJITSWAIN
8/05/2020 14:18:21 PM - Save Script: Version 13.3.0.1.262 User SUJITSWAIN
8/05/2020 14:24:19 PM - Save Script: Version 13.3.0.1.262 User SUJITSWAIN
8/05/2020 14:27:58 PM - Save Script: Version 13.3.0.1.262 User SUJITSWAIN
8/05/2020 14:31:10 PM - Save Script: Version 13.3.0.1.262 User SUJITSWAIN
8/05/2020 14:36:41 PM - Save Script: Version 13.3.0.1.262 User SUJITSWAIN
8/05/2020 15:20:48 PM - Launch Browser: IE version 9.11.18362.0
8/05/2020 15:22:11 PM - Save Script: Version 13.3.0.1.262 User SUJITSWAIN
8/05/2020 15:28:09 PM - Launch Browser: IE version 9.11.18362.0
8/05/2020 15:30:30 PM - Save Script: Version 13.3.0.1.262 User SUJITSWAIN
8/05/2020 15:30:34 PM - Save Script: Version 13.3.0.1.262 User SUJITSWAIN
8/05/2020 15:33:30 PM - Save Script: Version 13.3.0.1.262 User SUJITSWAIN
8/05/2020 15:37:31 PM - Save Script: Version 13.3.0.1.262 User SUJITSWAIN
8/05/2020 15:37:56 PM - Save Script: Version 13.3.0.1.262 User SUJITSWAIN
8/05/2020 15:41:38 PM - Save Script: Version 13.3.0.1.262 User SUJITSWAIN
8/05/2020 15:41:58 PM - Save Script: Version 13.3.0.1.262 User SUJITSWAIN
8/05/2020 15:51:56 PM - Upgrade Script Results: Successfully upgraded script results.
8/05/2020 15:56:26 PM - Save Script: Version 13.3.0.1.262 User SUJITSWAIN
8/05/2020 15:57:02 PM - Save Script: Version 13.3.0.1.262 User SUJITSWAIN
8/05/2020 15:57:06 PM - Save Script: Version 13.3.0.1.262 User SUJITSWAIN
8/05/2020 16:02:23 PM - Save Script: Version 13.3.0.1.262 User SUJITSWAIN
8/05/2020 16:07:01 PM - Save Script: Version 13.3.0.1.262 User SUJITSWAIN
8/05/2020 16:07:13 PM - Save Script: Version 13.3.0.1.262 User SUJITSWAIN
8/05/2020 16:07:22 PM - Save Script: Version 13.3.0.1.262 User SUJITSWAIN
8/09/2020 00:37:32 AM - Save Script: Version 13.3.0.1.262 User SUJITSWAIN
8/09/2020 00:38:08 AM - Save Script: Version 13.3.0.1.262 User SUJITSWAIN