8/21/2019 15:12:56 PM - Save Script: Version 13.3.0.1.262 User SUJITSWAIN
8/21/2019 15:13:18 PM - Save Script: Version 13.3.0.1.262 User SUJITSWAIN
8/21/2019 15:13:59 PM - Launch Browser: IE version 9.11.17763.0
8/21/2019 15:25:33 PM - Save Script: Version 13.3.0.1.262 User SUJITSWAIN
8/21/2019 15:25:41 PM - Save Script: Version 13.3.0.1.262 User SUJITSWAIN
8/21/2019 15:38:42 PM - Save Script: Version 13.3.0.1.262 User SUJITSWAIN
8/21/2019 15:40:07 PM - Save Script: Version 13.3.0.1.262 User SUJITSWAIN
8/21/2019 15:41:44 PM - Launch Browser: IE version 9.11.17763.0
8/21/2019 15:52:44 PM - Save Script: Version 13.3.0.1.262 User SUJITSWAIN
8/21/2019 15:52:57 PM - Save Script: Version 13.3.0.1.262 User SUJITSWAIN
8/21/2019 15:55:16 PM - Save Script: Version 13.3.0.1.262 User SUJITSWAIN
8/21/2019 15:56:06 PM - Save Script: Version 13.3.0.1.262 User SUJITSWAIN
8/21/2019 15:56:47 PM - Save Script: Version 13.3.0.1.262 User SUJITSWAIN
8/21/2019 15:57:48 PM - Save Script: Version 13.3.0.1.262 User SUJITSWAIN
8/21/2019 16:10:16 PM - Save Script: Version 13.3.0.1.262 User SUJITSWAIN
8/21/2019 16:21:26 PM - Save Script: Version 13.3.0.1.262 User SUJITSWAIN
8/21/2019 16:24:44 PM - Save Script: Version 13.3.0.1.262 User SUJITSWAIN
8/21/2019 16:31:07 PM - Save Script: Version 13.3.0.1.262 User SUJITSWAIN
8/21/2019 16:33:32 PM - Save Script: Version 13.3.0.1.262 User SUJITSWAIN
8/21/2019 16:35:25 PM - Save Script: Version 13.3.0.1.262 User SUJITSWAIN
8/21/2019 16:36:37 PM - Save Script: Version 13.3.0.1.262 User SUJITSWAIN
8/21/2019 16:37:40 PM - Save Script: Version 13.3.0.1.262 User SUJITSWAIN
8/21/2019 16:38:13 PM - Save Script: Version 13.3.0.1.262 User SUJITSWAIN
8/21/2019 16:40:35 PM - Save Script: Version 13.3.0.1.262 User SUJITSWAIN
8/21/2019 16:40:46 PM - Save Script: Version 13.3.0.1.262 User SUJITSWAIN
8/21/2019 16:43:05 PM - Launch Browser: IE version 9.11.17763.0
8/21/2019 16:46:29 PM - Save Script: Version 13.3.0.1.262 User SUJITSWAIN
8/21/2019 16:46:38 PM - Save Script: Version 13.3.0.1.262 User SUJITSWAIN
8/21/2019 16:51:02 PM - Save Script: Version 13.3.0.1.262 User SUJITSWAIN
8/21/2019 16:52:41 PM - Save Script: Version 13.3.0.1.262 User SUJITSWAIN
8/21/2019 17:00:12 PM - Save Script: Version 13.3.0.1.262 User SUJITSWAIN
8/21/2019 17:34:00 PM - Save Script: Version 13.3.0.1.262 User SUJITSWAIN
8/21/2019 17:38:00 PM - Save Script: Version 13.3.0.1.262 User SUJITSWAIN
8/21/2019 17:38:53 PM - Save Script: Version 13.3.0.1.262 User SUJITSWAIN
8/21/2019 17:42:35 PM - Save Script: Version 13.3.0.1.262 User SUJITSWAIN
8/21/2019 18:06:08 PM - Save Script: Version 13.3.0.1.262 User SUJITSWAIN
8/21/2019 18:14:47 PM - Save Script: Version 13.3.0.1.262 User SUJITSWAIN
8/21/2019 18:16:27 PM - Save Script: Version 13.3.0.1.262 User SUJITSWAIN
8/21/2019 18:16:49 PM - Launch Browser: IE version 9.11.17763.0
8/21/2019 18:20:49 PM - Save Script: Version 13.3.0.1.262 User SUJITSWAIN
8/21/2019 18:21:05 PM - Save Script: Version 13.3.0.1.262 User SUJITSWAIN
8/21/2019 18:23:29 PM - Save Script: Version 13.3.0.1.262 User SUJITSWAIN
8/21/2019 18:23:56 PM - Save Script: Version 13.3.0.1.262 User SUJITSWAIN
8/21/2019 18:51:34 PM - Save Script: Version 13.3.0.1.262 User SUJITSWAIN
8/21/2019 18:52:16 PM - Save Script: Version 13.3.0.1.262 User SUJITSWAIN
8/21/2019 18:53:46 PM - Save Script: Version 13.3.0.1.262 User SUJITSWAIN
8/21/2019 18:54:35 PM - Save Script: Version 13.3.0.1.262 User SUJITSWAIN
8/21/2019 18:54:51 PM - Save Script: Version 13.3.0.1.262 User SUJITSWAIN
8/21/2019 19:02:52 PM - Save Script: Version 13.3.0.1.262 User SUJITSWAIN
8/21/2019 19:11:19 PM - Save Script: Version 13.3.0.1.262 User SUJITSWAIN
8/21/2019 19:13:37 PM - Save Script: Version 13.3.0.1.262 User SUJITSWAIN
8/21/2019 19:20:42 PM - Save Script: Version 13.3.0.1.262 User SUJITSWAIN
8/21/2019 19:28:18 PM - Save Script: Version 13.3.0.1.262 User SUJITSWAIN
9/09/2019 23:49:55 PM - Save Script: Version 13.3.0.1.262 User SUJITSWAIN
9/10/2019 00:30:43 AM - Save Script: Version 13.3.0.1.262 User SUJITSWAIN
9/10/2019 00:55:12 AM - Save Script: Version 13.3.0.1.262 User SUJITSWAIN
9/10/2019 01:09:24 AM - Save Script: Version 13.3.0.1.262 User SUJITSWAIN
9/10/2019 01:18:15 AM - Save Script: Version 13.3.0.1.262 User SUJITSWAIN
9/10/2019 01:30:06 AM - Launch Browser: IE version 9.11.17763.0
9/10/2019 01:30:51 AM - Save Script: Version 13.3.0.1.262 User SUJITSWAIN
9/10/2019 01:36:52 AM - Save Script: Version 13.3.0.1.262 User SUJITSWAIN
9/10/2019 01:40:25 AM - Save Script: Version 13.3.0.1.262 User SUJITSWAIN
9/10/2019 11:04:54 AM - Save Script: Version 13.3.0.1.262 User SUJITSWAIN
9/10/2019 11:05:16 AM - Save Script: Version 13.3.0.1.262 User SUJITSWAIN
9/10/2019 11:05:56 AM - Save Script: Version 13.3.0.1.262 User SUJITSWAIN
9/10/2019 11:13:40 AM - Save Script: Version 13.3.0.1.262 User SUJITSWAIN
9/22/2019 13:35:41 PM - Upgrade Script Results: Successfully upgraded script results.
9/23/2019 17:04:01 PM - Save Script: Version 13.3.0.1.262 User SUJITSWAIN
9/23/2019 17:46:40 PM - Upgrade Script Results: Successfully upgraded script results.
10/27/2019 13:02:46 PM - Upgrade Script Results: Successfully upgraded script results.
2/16/2020 12:54:56 PM - Upgrade Script Results: Successfully upgraded script results.
2/17/2020 11:47:28 AM - Upgrade Script Results: Successfully upgraded script results.
2/17/2020 15:26:16 PM - Upgrade Script Results: Successfully upgraded script results.
2/17/2020 15:36:44 PM - Upgrade Script Results: Successfully upgraded script results.
2/19/2020 10:30:23 AM - Upgrade Script Results: Successfully upgraded script results.
3/12/2020 14:40:19 PM - Upgrade Script Results: Successfully upgraded script results.
5/28/2020 12:31:29 PM - Save Script: Version 13.3.0.1.262 User SUJITSWAIN
5/28/2020 12:32:36 PM - Save Script: Version 13.3.0.1.262 User SUJITSWAIN
5/28/2020 12:32:56 PM - Save Script: Version 13.3.0.1.262 User SUJITSWAIN
5/28/2020 15:26:46 PM - Upgrade Script Results: Successfully upgraded script results.
5/31/2020 13:26:49 PM - Upgrade Script Results: Successfully upgraded script results.