8/16/2020 12:34:15 PM - Save Script: Version 13.3.0.1.262 User SUJITSWAIN
8/16/2020 12:34:32 PM - Launch Browser: IE version 9.11.18362.0
8/16/2020 12:37:37 PM - Save Script: Version 13.3.0.1.262 User SUJITSWAIN
8/16/2020 12:38:02 PM - Save Script: Version 13.3.0.1.262 User SUJITSWAIN
8/16/2020 12:38:22 PM - Save Script: Version 13.3.0.1.262 User SUJITSWAIN
8/16/2020 12:39:51 PM - Save Script: Version 13.3.0.1.262 User SUJITSWAIN
8/16/2020 12:40:13 PM - Save Script: Version 13.3.0.1.262 User SUJITSWAIN
8/16/2020 12:41:39 PM - Launch Browser: IE version 9.11.18362.0
8/16/2020 12:46:41 PM - Save Script: Version 13.3.0.1.262 User SUJITSWAIN
8/16/2020 12:47:54 PM - Save Script: Version 13.3.0.1.262 User SUJITSWAIN
8/16/2020 12:52:03 PM - Save Script: Version 13.3.0.1.262 User SUJITSWAIN
8/16/2020 12:52:59 PM - Save Script: Version 13.3.0.1.262 User SUJITSWAIN
8/16/2020 13:02:42 PM - Save Script: Version 13.3.0.1.262 User SUJITSWAIN
8/16/2020 13:03:33 PM - Save Script: Version 13.3.0.1.262 User SUJITSWAIN
8/16/2020 13:04:27 PM - Save Script: Version 13.3.0.1.262 User SUJITSWAIN
8/16/2020 13:06:51 PM - Save Script: Version 13.3.0.1.262 User SUJITSWAIN
8/16/2020 13:38:26 PM - Save Script: Version 13.3.0.1.262 User SUJITSWAIN
8/16/2020 13:40:07 PM - Save Script: Version 13.3.0.1.262 User SUJITSWAIN
8/16/2020 13:40:55 PM - Launch Browser: IE version 9.11.18362.0
8/16/2020 13:50:30 PM - Save Script: Version 13.3.0.1.262 User SUJITSWAIN
8/16/2020 13:53:27 PM - Save Script: Version 13.3.0.1.262 User SUJITSWAIN
8/16/2020 13:58:25 PM - Save Script: Version 13.3.0.1.262 User SUJITSWAIN
8/16/2020 13:59:02 PM - Save Script: Version 13.3.0.1.262 User SUJITSWAIN
8/16/2020 14:10:37 PM - Save Script: Version 13.3.0.1.262 User SUJITSWAIN
8/16/2020 14:29:29 PM - Save Script: Version 13.3.0.1.262 User SUJITSWAIN
8/16/2020 14:33:57 PM - Save Script: Version 13.3.0.1.262 User SUJITSWAIN
8/16/2020 14:35:38 PM - Save Script: Version 13.3.0.1.262 User SUJITSWAIN
8/16/2020 14:37:11 PM - Save Script: Version 13.3.0.1.262 User SUJITSWAIN
8/16/2020 14:38:17 PM - Save Script: Version 13.3.0.1.262 User SUJITSWAIN
8/16/2020 14:45:42 PM - Save Script: Version 13.3.0.1.262 User SUJITSWAIN
8/16/2020 14:51:33 PM - Save Script: Version 13.3.0.1.262 User SUJITSWAIN
8/16/2020 14:54:15 PM - Save Script: Version 13.3.0.1.262 User SUJITSWAIN
8/16/2020 15:04:06 PM - Save Script: Version 13.3.0.1.262 User SUJITSWAIN
8/16/2020 15:06:11 PM - Save Script: Version 13.3.0.1.262 User SUJITSWAIN
8/16/2020 15:06:39 PM - Save Script: Version 13.3.0.1.262 User SUJITSWAIN
8/16/2020 15:22:20 PM - Save Script: Version 13.3.0.1.262 User SUJITSWAIN
8/16/2020 17:38:18 PM - Save Script: Version 13.3.0.1.262 User SUJITSWAIN
8/16/2020 17:39:40 PM - Save Script: Version 13.3.0.1.262 User SUJITSWAIN
8/16/2020 17:41:10 PM - Save Script: Version 13.3.0.1.262 User SUJITSWAIN
8/16/2020 17:44:23 PM - Save Script: Version 13.3.0.1.262 User SUJITSWAIN
8/16/2020 17:45:17 PM - Launch Browser: IE version 9.11.18362.0
8/16/2020 17:50:53 PM - Save Script: Version 13.3.0.1.262 User SUJITSWAIN
8/16/2020 17:50:59 PM - Save Script: Version 13.3.0.1.262 User SUJITSWAIN
8/16/2020 17:51:46 PM - Save Script: Version 13.3.0.1.262 User SUJITSWAIN
8/16/2020 17:52:36 PM - Save Script: Version 13.3.0.1.262 User SUJITSWAIN
8/16/2020 17:57:34 PM - Launch Browser: IE version 9.11.18362.0
8/16/2020 18:03:51 PM - Save Script: Version 13.3.0.1.262 User SUJITSWAIN
8/16/2020 18:09:49 PM - Launch Browser: IE version 9.11.18362.0
8/16/2020 18:31:21 PM - Save Script: Version 13.3.0.1.262 User SUJITSWAIN
8/16/2020 18:56:29 PM - Upgrade Script Results: Successfully upgraded script results.
8/16/2020 19:03:28 PM - Launch Browser: IE version 9.11.18362.0
8/16/2020 19:08:47 PM - Save Script: Version 13.3.0.1.262 User SUJITSWAIN
8/16/2020 19:11:09 PM - Save Script: Version 13.3.0.1.262 User SUJITSWAIN
8/16/2020 19:13:29 PM - Save Script: Version 13.3.0.1.262 User SUJITSWAIN
8/16/2020 19:15:04 PM - Save Script: Version 13.3.0.1.262 User SUJITSWAIN
8/16/2020 19:15:45 PM - Save Script: Version 13.3.0.1.262 User SUJITSWAIN
8/16/2020 19:31:38 PM - Save Script: Version 13.3.0.1.262 User SUJITSWAIN
8/16/2020 19:31:57 PM - Save Script: Version 13.3.0.1.262 User SUJITSWAIN
8/16/2020 19:34:53 PM - Save Script: Version 13.3.0.1.262 User SUJITSWAIN
8/16/2020 19:40:47 PM - Save Script: Version 13.3.0.1.262 User SUJITSWAIN
8/16/2020 19:43:12 PM - Launch Browser: IE version 9.11.18362.0
8/16/2020 19:48:27 PM - Save Script: Version 13.3.0.1.262 User SUJITSWAIN
8/16/2020 19:48:58 PM - Save Script: Version 13.3.0.1.262 User SUJITSWAIN
8/16/2020 19:49:15 PM - Save Script: Version 13.3.0.1.262 User SUJITSWAIN
8/16/2020 19:49:27 PM - Save Script: Version 13.3.0.1.262 User SUJITSWAIN
8/16/2020 19:50:09 PM - Launch Browser: IE version 9.11.18362.0
8/16/2020 19:52:17 PM - Save Script: Version 13.3.0.1.262 User SUJITSWAIN
8/16/2020 19:53:00 PM - Save Script: Version 13.3.0.1.262 User SUJITSWAIN
8/16/2020 19:56:11 PM - Save Script: Version 13.3.0.1.262 User SUJITSWAIN
8/16/2020 19:56:24 PM - Save Script: Version 13.3.0.1.262 User SUJITSWAIN
8/16/2020 19:57:36 PM - Save Script: Version 13.3.0.1.262 User SUJITSWAIN
8/16/2020 19:58:36 PM - Save Script: Version 13.3.0.1.262 User SUJITSWAIN
8/16/2020 19:58:41 PM - Save Script: Version 13.3.0.1.262 User SUJITSWAIN
8/16/2020 19:59:59 PM - Save Script: Version 13.3.0.1.262 User SUJITSWAIN
8/16/2020 20:01:00 PM - Save Script: Version 13.3.0.1.262 User SUJITSWAIN
8/16/2020 20:02:03 PM - Launch Browser: IE version 9.11.18362.0
8/16/2020 20:12:05 PM - Save Script: Version 13.3.0.1.262 User SUJITSWAIN
8/16/2020 20:17:20 PM - Launch Browser: IE version 9.11.18362.0
8/16/2020 20:24:03 PM - Save Script: Version 13.3.0.1.262 User SUJITSWAIN
8/16/2020 20:28:50 PM - Save Script: Version 13.3.0.1.262 User SUJITSWAIN
8/16/2020 20:30:15 PM - Save Script: Version 13.3.0.1.262 User SUJITSWAIN
8/16/2020 20:30:50 PM - Save Script: Version 13.3.0.1.262 User SUJITSWAIN
8/16/2020 20:31:01 PM - Save Script: Version 13.3.0.1.262 User SUJITSWAIN
8/16/2020 20:34:09 PM - Save Script: Version 13.3.0.1.262 User SUJITSWAIN
8/16/2020 20:34:24 PM - Save Script: Version 13.3.0.1.262 User SUJITSWAIN
8/17/2020 12:27:02 PM - Save Script: Version 13.3.0.1.262 User SUJITSWAIN
8/17/2020 14:39:54 PM - Upgrade Script Results: Successfully upgraded script results.
8/20/2020 09:40:15 AM - Upgrade Script Results: Successfully upgraded script results.
8/21/2020 13:26:03 PM - Upgrade Script Results: Successfully upgraded script results.
8/21/2020 14:35:23 PM - Save Script: Version 13.3.0.1.262 User SUJITSWAIN
8/21/2020 14:36:44 PM - Save Script: Version 13.3.0.1.262 User SUJITSWAIN
8/21/2020 14:51:33 PM - Launch Browser: IE version 9.11.18362.0
8/21/2020 14:52:50 PM - Launch Browser: Chrome version null
8/21/2020 14:54:52 PM - Save Script: Version 13.3.0.1.262 User SUJITSWAIN
8/21/2020 15:02:05 PM - Launch Browser: Chrome version null
8/21/2020 15:12:23 PM - Launch Browser: IE version 9.11.18362.0
8/23/2020 13:06:13 PM - Launch Browser: Chrome version null
8/23/2020 14:46:54 PM - Save Script: Version 13.3.0.1.262 User SUJITSWAIN
8/23/2020 14:50:42 PM - Save Script: Version 13.3.0.1.262 User SUJITSWAIN
8/23/2020 14:53:04 PM - Save Script: Version 13.3.0.1.262 User SUJITSWAIN
8/23/2020 14:55:22 PM - Launch Browser: IE version 9.11.18362.0
8/23/2020 14:59:10 PM - Save Script: Version 13.3.0.1.262 User SUJITSWAIN
8/23/2020 15:00:30 PM - Save Script: Version 13.3.0.1.262 User SUJITSWAIN
8/23/2020 15:00:45 PM - Save Script: Version 13.3.0.1.262 User SUJITSWAIN
8/23/2020 15:01:20 PM - Save Script: Version 13.3.0.1.262 User SUJITSWAIN
8/23/2020 15:02:28 PM - Save Script: Version 13.3.0.1.262 User SUJITSWAIN
8/23/2020 15:03:23 PM - Save Script: Version 13.3.0.1.262 User SUJITSWAIN
8/23/2020 15:05:20 PM - Save Script: Version 13.3.0.1.262 User SUJITSWAIN
8/23/2020 15:33:59 PM - Save Script: Version 13.3.0.1.262 User SUJITSWAIN
8/23/2020 15:34:42 PM - Save Script: Version 13.3.0.1.262 User SUJITSWAIN
8/23/2020 15:39:04 PM - Save Script: Version 13.3.0.1.262 User SUJITSWAIN
8/23/2020 15:41:32 PM - Save Script: Version 13.3.0.1.262 User SUJITSWAIN
8/23/2020 15:44:25 PM - Save Script: Version 13.3.0.1.262 User SUJITSWAIN
8/23/2020 15:48:28 PM - Save Script: Version 13.3.0.1.262 User SUJITSWAIN
8/23/2020 15:49:50 PM - Save Script: Version 13.3.0.1.262 User SUJITSWAIN
8/23/2020 15:50:47 PM - Save Script: Version 13.3.0.1.262 User SUJITSWAIN
8/23/2020 15:51:56 PM - Save Script: Version 13.3.0.1.262 User SUJITSWAIN
8/23/2020 15:55:43 PM - Save Script: Version 13.3.0.1.262 User SUJITSWAIN
8/23/2020 16:01:50 PM - Save Script: Version 13.3.0.1.262 User SUJITSWAIN
8/23/2020 16:09:39 PM - Save Script: Version 13.3.0.1.262 User SUJITSWAIN
8/23/2020 16:09:48 PM - Save Script: Version 13.3.0.1.262 User SUJITSWAIN
8/23/2020 16:11:34 PM - Save Script: Version 13.3.0.1.262 User SUJITSWAIN
8/23/2020 16:11:44 PM - Save Script: Version 13.3.0.1.262 User SUJITSWAIN
8/23/2020 16:18:31 PM - Save Script: Version 13.3.0.1.262 User SUJITSWAIN
8/23/2020 16:19:58 PM - Save Script: Version 13.3.0.1.262 User SUJITSWAIN
8/23/2020 16:20:08 PM - Save Script: Version 13.3.0.1.262 User SUJITSWAIN
8/23/2020 16:25:15 PM - Save Script: Version 13.3.0.1.262 User SUJITSWAIN
8/23/2020 16:31:09 PM - Save Script: Version 13.3.0.1.262 User SUJITSWAIN
8/23/2020 16:31:19 PM - Save Script: Version 13.3.0.1.262 User SUJITSWAIN
8/23/2020 16:34:10 PM - Save Script: Version 13.3.0.1.262 User SUJITSWAIN
8/23/2020 16:42:29 PM - Save Script: Version 13.3.0.1.262 User SUJITSWAIN
8/23/2020 16:44:25 PM - Save Script: Version 13.3.0.1.262 User SUJITSWAIN
8/23/2020 16:44:51 PM - Save Script: Version 13.3.0.1.262 User SUJITSWAIN
8/23/2020 16:52:24 PM - Save Script: Version 13.3.0.1.262 User SUJITSWAIN
8/23/2020 16:52:42 PM - Save Script: Version 13.3.0.1.262 User SUJITSWAIN
8/23/2020 16:54:57 PM - Save Script: Version 13.3.0.1.262 User SUJITSWAIN
8/23/2020 16:55:31 PM - Save Script: Version 13.3.0.1.262 User SUJITSWAIN
8/23/2020 16:55:35 PM - Save Script: Version 13.3.0.1.262 User SUJITSWAIN
8/23/2020 16:58:26 PM - Save Script: Version 13.3.0.1.262 User SUJITSWAIN
8/23/2020 17:54:40 PM - Save Script: Version 13.3.0.1.262 User SUJITSWAIN
8/23/2020 17:56:13 PM - Save Script: Version 13.3.0.1.262 User SUJITSWAIN
8/23/2020 18:06:38 PM - Save Script: Version 13.3.0.1.262 User SUJITSWAIN
8/24/2020 13:20:18 PM - Upgrade Script Results: Successfully upgraded script results.
8/24/2020 13:43:34 PM - Save Script: Version 13.3.0.1.262 User SUJITSWAIN
8/24/2020 14:41:27 PM - Launch Browser: IE version 9.11.18362.0
8/24/2020 14:42:37 PM - Save Script: Version 13.3.0.1.262 User SUJITSWAIN
8/24/2020 14:43:25 PM - Save Script: Version 13.3.0.1.262 User SUJITSWAIN
8/24/2020 14:44:10 PM - Save Script: Version 13.3.0.1.262 User SUJITSWAIN
8/24/2020 14:44:48 PM - Save Script: Version 13.3.0.1.262 User SUJITSWAIN
8/24/2020 14:45:06 PM - Save Script: Version 13.3.0.1.262 User SUJITSWAIN
8/24/2020 14:45:24 PM - Save Script: Version 13.3.0.1.262 User SUJITSWAIN
8/24/2020 14:50:44 PM - Save Script: Version 13.3.0.1.262 User SUJITSWAIN
8/24/2020 14:50:57 PM - Save Script: Version 13.3.0.1.262 User SUJITSWAIN
8/24/2020 15:10:34 PM - Save Script: Version 13.3.0.1.262 User SUJITSWAIN
8/24/2020 15:12:50 PM - Save Script: Version 13.3.0.1.262 User SUJITSWAIN
8/24/2020 16:53:19 PM - Save Script: Version 13.3.0.1.262 User SUJITSWAIN
8/24/2020 17:22:09 PM - Save Script: Version 13.3.0.1.262 User SUJITSWAIN
8/24/2020 17:32:59 PM - Save Script: Version 13.3.0.1.262 User SUJITSWAIN
8/24/2020 17:37:45 PM - Save Script: Version 13.3.0.1.262 User SUJITSWAIN
8/24/2020 17:40:07 PM - Save Script: Version 13.3.0.1.262 User SUJITSWAIN
8/24/2020 17:43:37 PM - Save Script: Version 13.3.0.1.262 User SUJITSWAIN
8/24/2020 17:43:49 PM - Save Script: Version 13.3.0.1.262 User SUJITSWAIN
8/24/2020 17:47:56 PM - Launch Browser: IE version 9.11.18362.0
8/24/2020 17:49:47 PM - Launch Browser: IE version 9.11.18362.0
8/24/2020 17:50:12 PM - Save Script: Version 13.3.0.1.262 User SUJITSWAIN
8/24/2020 17:50:56 PM - Save Script: Version 13.3.0.1.262 User SUJITSWAIN
8/24/2020 17:55:15 PM - Save Script: Version 13.3.0.1.262 User SUJITSWAIN
8/24/2020 17:58:28 PM - Save Script: Version 13.3.0.1.262 User SUJITSWAIN
8/24/2020 18:00:00 PM - Save Script: Version 13.3.0.1.262 User SUJITSWAIN
8/25/2020 09:40:38 AM - Save Script: Version 13.3.0.1.262 User SUJITSWAIN
8/25/2020 09:40:48 AM - Save Script: Version 13.3.0.1.262 User SUJITSWAIN
8/25/2020 09:47:03 AM - Save Script: Version 13.3.0.1.262 User SUJITSWAIN
8/25/2020 09:47:19 AM - Save Script: Version 13.3.0.1.262 User SUJITSWAIN
8/25/2020 09:48:04 AM - Save Script: Version 13.3.0.1.262 User SUJITSWAIN
8/25/2020 09:48:23 AM - Save Script: Version 13.3.0.1.262 User SUJITSWAIN
8/25/2020 09:56:59 AM - Save Script: Version 13.3.0.1.262 User SUJITSWAIN
8/25/2020 10:03:59 AM - Save Script: Version 13.3.0.1.262 User SUJITSWAIN
8/25/2020 10:04:08 AM - Save Script: Version 13.3.0.1.262 User SUJITSWAIN
8/25/2020 10:04:50 AM - Save Script: Version 13.3.0.1.262 User SUJITSWAIN
8/25/2020 10:05:36 AM - Save Script: Version 13.3.0.1.262 User SUJITSWAIN
8/25/2020 10:07:58 AM - Save Script: Version 13.3.0.1.262 User SUJITSWAIN
8/25/2020 10:15:24 AM - Save Script: Version 13.3.0.1.262 User SUJITSWAIN
8/25/2020 10:16:13 AM - Save Script: Version 13.3.0.1.262 User SUJITSWAIN
8/25/2020 10:16:33 AM - Save Script: Version 13.3.0.1.262 User SUJITSWAIN
8/25/2020 13:59:35 PM - Save Script: Version 13.3.0.1.262 User SUJITSWAIN
8/25/2020 14:01:59 PM - Save Script: Version 13.3.0.1.262 User SUJITSWAIN
8/26/2020 11:38:51 AM - Save Script: Version 13.3.0.1.262 User SUJITSWAIN
8/26/2020 11:40:59 AM - Save Script: Version 13.3.0.1.262 User SUJITSWAIN
8/26/2020 11:42:44 AM - Launch Browser: IE version 9.11.18362.0
8/26/2020 11:45:06 AM - Save Script: Version 13.3.0.1.262 User SUJITSWAIN
8/26/2020 11:45:44 AM - Save Script: Version 13.3.0.1.262 User SUJITSWAIN
8/26/2020 11:47:04 AM - Save Script: Version 13.3.0.1.262 User SUJITSWAIN
8/26/2020 11:48:56 AM - Save Script: Version 13.3.0.1.262 User SUJITSWAIN
8/26/2020 11:55:27 AM - Save Script: Version 13.3.0.1.262 User SUJITSWAIN
8/26/2020 11:57:02 AM - Save Script: Version 13.3.0.1.262 User SUJITSWAIN
8/26/2020 11:58:42 AM - Save Script: Version 13.3.0.1.262 User SUJITSWAIN
8/26/2020 12:00:57 PM - Save Script: Version 13.3.0.1.262 User SUJITSWAIN
8/26/2020 18:47:47 PM - Upgrade Script Results: Successfully upgraded script results.
8/26/2020 19:17:03 PM - Save Script: Version 13.3.0.1.262 User SUJITSWAIN
8/26/2020 19:18:01 PM - Save Script: Version 13.3.0.1.262 User SUJITSWAIN
8/26/2020 19:19:56 PM - Save Script: Version 13.3.0.1.262 User SUJITSWAIN
8/26/2020 19:20:39 PM - Save Script: Version 13.3.0.1.262 User SUJITSWAIN
8/30/2020 12:59:48 PM - Upgrade Script Results: Successfully upgraded script results.
8/30/2020 15:21:35 PM - Save Script: Version 13.3.0.1.262 User SUJITSWAIN
8/30/2020 15:22:12 PM - Save Script: Version 13.3.0.1.262 User SUJITSWAIN
8/30/2020 15:22:43 PM - Save Script: Version 13.3.0.1.262 User SUJITSWAIN
8/30/2020 15:30:33 PM - Save Script: Version 13.3.0.1.262 User SUJITSWAIN
8/30/2020 15:31:35 PM - Save Script: Version 13.3.0.1.262 User SUJITSWAIN
8/30/2020 15:34:02 PM - Launch Browser: Chrome version null
8/30/2020 15:35:29 PM - Save Script: Version 13.3.0.1.262 User SUJITSWAIN
8/30/2020 15:36:24 PM - Save Script: Version 13.3.0.1.262 User SUJITSWAIN
8/30/2020 15:40:21 PM - Save Script: Version 13.3.0.1.262 User SUJITSWAIN
8/30/2020 15:51:42 PM - Launch Browser: Chrome version null
8/30/2020 15:55:10 PM - Save Script: Version 13.3.0.1.262 User SUJITSWAIN
8/30/2020 15:58:19 PM - Save Script: Version 13.3.0.1.262 User SUJITSWAIN
8/30/2020 16:17:19 PM - Save Script: Version 13.3.0.1.262 User SUJITSWAIN
8/30/2020 16:21:23 PM - Save Script: Version 13.3.0.1.262 User SUJITSWAIN
8/30/2020 16:21:58 PM - Save Script: Version 13.3.0.1.262 User SUJITSWAIN
8/30/2020 16:22:23 PM - Save Script: Version 13.3.0.1.262 User SUJITSWAIN
8/30/2020 16:25:10 PM - Save Script: Version 13.3.0.1.262 User SUJITSWAIN
8/30/2020 16:26:18 PM - Save Script: Version 13.3.0.1.262 User SUJITSWAIN
8/30/2020 16:27:40 PM - Save Script: Version 13.3.0.1.262 User SUJITSWAIN
8/30/2020 16:28:06 PM - Save Script: Version 13.3.0.1.262 User SUJITSWAIN
8/30/2020 16:32:29 PM - Save Script: Version 13.3.0.1.262 User SUJITSWAIN
8/30/2020 16:34:51 PM - Save Script: Version 13.3.0.1.262 User SUJITSWAIN
8/30/2020 16:39:36 PM - Save Script: Version 13.3.0.1.262 User SUJITSWAIN
8/30/2020 16:47:45 PM - Save Script: Version 13.3.0.1.262 User SUJITSWAIN
8/30/2020 16:48:01 PM - Save Script: Version 13.3.0.1.262 User SUJITSWAIN
8/30/2020 16:55:39 PM - Launch Browser: Chrome version null
8/30/2020 17:16:15 PM - Save Script: Version 13.3.0.1.262 User SUJITSWAIN
8/31/2020 14:31:46 PM - Upgrade Script Results: Successfully upgraded script results.
9/01/2020 15:44:19 PM - Save Script: Version 13.3.0.1.262 User SUJITSWAIN
9/01/2020 15:45:30 PM - Save Script: Version 13.3.0.1.262 User SUJITSWAIN
9/01/2020 15:46:03 PM - Save Script: Version 13.3.0.1.262 User SUJITSWAIN
9/01/2020 15:54:52 PM - Save Script: Version 13.3.0.1.262 User SUJITSWAIN
9/01/2020 15:57:55 PM - Save Script: Version 13.3.0.1.262 User SUJITSWAIN
9/01/2020 15:59:56 PM - Save Script: Version 13.3.0.1.262 User SUJITSWAIN
9/01/2020 16:02:05 PM - Launch Browser: Chrome version null
9/01/2020 16:05:02 PM - Save Script: Version 13.3.0.1.262 User SUJITSWAIN
9/01/2020 16:13:52 PM - Save Script: Version 13.3.0.1.262 User SUJITSWAIN
9/01/2020 16:15:26 PM - Save Script: Version 13.3.0.1.262 User SUJITSWAIN
9/01/2020 16:19:00 PM - Save Script: Version 13.3.0.1.262 User SUJITSWAIN
9/01/2020 16:19:38 PM - Save Script: Version 13.3.0.1.262 User SUJITSWAIN
9/01/2020 16:21:34 PM - Save Script: Version 13.3.0.1.262 User SUJITSWAIN
9/01/2020 16:22:17 PM - Save Script: Version 13.3.0.1.262 User SUJITSWAIN
9/01/2020 16:22:52 PM - Save Script: Version 13.3.0.1.262 User SUJITSWAIN
9/01/2020 16:26:38 PM - Save Script: Version 13.3.0.1.262 User SUJITSWAIN
9/01/2020 16:27:54 PM - Save Script: Version 13.3.0.1.262 User SUJITSWAIN
9/01/2020 16:30:24 PM - Save Script: Version 13.3.0.1.262 User SUJITSWAIN
9/01/2020 16:32:55 PM - Save Script: Version 13.3.0.1.262 User SUJITSWAIN
9/01/2020 16:35:15 PM - Save Script: Version 13.3.0.1.262 User SUJITSWAIN
9/01/2020 17:11:39 PM - Save Script: Version 13.3.0.1.262 User SUJITSWAIN
9/01/2020 17:20:48 PM - Save Script: Version 13.3.0.1.262 User SUJITSWAIN
9/01/2020 17:21:12 PM - Save Script: Version 13.3.0.1.262 User SUJITSWAIN
9/01/2020 17:22:13 PM - Save Script: Version 13.3.0.1.262 User SUJITSWAIN
9/01/2020 17:54:15 PM - Save Script: Version 13.3.0.1.262 User SUJITSWAIN
9/01/2020 17:55:14 PM - Save Script: Version 13.3.0.1.262 User SUJITSWAIN
9/01/2020 17:57:06 PM - Save Script: Version 13.3.0.1.262 User SUJITSWAIN
9/01/2020 18:06:40 PM - Save Script: Version 13.3.0.1.262 User SUJITSWAIN
9/01/2020 18:08:13 PM - Save Script: Version 13.3.0.1.262 User SUJITSWAIN
9/01/2020 18:08:33 PM - Save Script: Version 13.3.0.1.262 User SUJITSWAIN
9/01/2020 18:12:23 PM - Save Script: Version 13.3.0.1.262 User SUJITSWAIN
9/01/2020 18:12:43 PM - Save Script: Version 13.3.0.1.262 User SUJITSWAIN
9/01/2020 18:15:45 PM - Save Script: Version 13.3.0.1.262 User SUJITSWAIN
9/01/2020 18:16:26 PM - Save Script: Version 13.3.0.1.262 User SUJITSWAIN
9/01/2020 18:18:06 PM - Save Script: Version 13.3.0.1.262 User SUJITSWAIN
9/01/2020 18:21:29 PM - Save Script: Version 13.3.0.1.262 User SUJITSWAIN
9/01/2020 18:21:54 PM - Save Script: Version 13.3.0.1.262 User SUJITSWAIN
9/01/2020 18:23:29 PM - Save Script: Version 13.3.0.1.262 User SUJITSWAIN
9/01/2020 18:26:14 PM - Save Script: Version 13.3.0.1.262 User SUJITSWAIN
9/01/2020 18:30:16 PM - Save Script: Version 13.3.0.1.262 User SUJITSWAIN
9/01/2020 18:32:42 PM - Save Script: Version 13.3.0.1.262 User SUJITSWAIN
9/01/2020 18:34:55 PM - Save Script: Version 13.3.0.1.262 User SUJITSWAIN
9/01/2020 18:35:11 PM - Save Script: Version 13.3.0.1.262 User SUJITSWAIN
9/01/2020 18:41:40 PM - Launch Browser: Chrome version null
9/01/2020 18:42:44 PM - Save Script: Version 13.3.0.1.262 User SUJITSWAIN
9/01/2020 18:42:57 PM - Save Script: Version 13.3.0.1.262 User SUJITSWAIN
9/01/2020 18:45:03 PM - Launch Browser: Chrome version null
9/01/2020 18:47:37 PM - Save Script: Version 13.3.0.1.262 User SUJITSWAIN
9/01/2020 18:48:14 PM - Save Script: Version 13.3.0.1.262 User SUJITSWAIN
9/01/2020 18:53:39 PM - Launch Browser: Chrome version null
9/01/2020 18:54:34 PM - Save Script: Version 13.3.0.1.262 User SUJITSWAIN
9/01/2020 18:54:50 PM - Save Script: Version 13.3.0.1.262 User SUJITSWAIN
9/01/2020 18:58:12 PM - Save Script: Version 13.3.0.1.262 User SUJITSWAIN
9/01/2020 19:03:31 PM - Save Script: Version 13.3.0.1.262 User SUJITSWAIN
9/01/2020 19:04:58 PM - Save Script: Version 13.3.0.1.262 User SUJITSWAIN
9/01/2020 19:05:37 PM - Save Script: Version 13.3.0.1.262 User SUJITSWAIN
9/01/2020 19:10:30 PM - Save Script: Version 13.3.0.1.262 User SUJITSWAIN
9/01/2020 19:10:42 PM - Save Script: Version 13.3.0.1.262 User SUJITSWAIN
9/01/2020 19:18:55 PM - Save Script: Version 13.3.0.1.262 User SUJITSWAIN
9/03/2020 17:22:05 PM - Save Script: Version 13.3.0.1.262 User SUJITSWAIN
9/03/2020 17:22:45 PM - Save Script: Version 13.3.0.1.262 User SUJITSWAIN
9/03/2020 17:25:35 PM - Save Script: Version 13.3.0.1.262 User SUJITSWAIN
9/03/2020 17:26:54 PM - Save Script: Version 13.3.0.1.262 User SUJITSWAIN
9/03/2020 17:32:38 PM - Save Script: Version 13.3.0.1.262 User SUJITSWAIN
9/03/2020 17:33:01 PM - Launch Browser: Chrome version null
9/03/2020 17:35:32 PM - Save Script: Version 13.3.0.1.262 User SUJITSWAIN
9/03/2020 18:27:14 PM - Save Script: Version 13.3.0.1.262 User SUJITSWAIN
9/04/2020 12:17:47 PM - Save Script: Version 13.3.0.1.262 User SUJITSWAIN
9/04/2020 12:26:27 PM - Save Script: Version 13.3.0.1.262 User SUJITSWAIN
9/04/2020 12:29:15 PM - Save Script: Version 13.3.0.1.262 User SUJITSWAIN
9/04/2020 12:30:53 PM - Save Script: Version 13.3.0.1.262 User SUJITSWAIN
9/04/2020 12:31:32 PM - Save Script: Version 13.3.0.1.262 User SUJITSWAIN
9/04/2020 12:49:45 PM - Save Script: Version 13.3.0.1.262 User SUJITSWAIN
9/04/2020 12:51:27 PM - Save Script: Version 13.3.0.1.262 User SUJITSWAIN
9/04/2020 12:56:34 PM - Save Script: Version 13.3.0.1.262 User SUJITSWAIN
9/04/2020 13:01:29 PM - Launch Browser: Chrome version null
9/04/2020 13:03:31 PM - Save Script: Version 13.3.0.1.262 User SUJITSWAIN
9/04/2020 13:06:51 PM - Save Script: Version 13.3.0.1.262 User SUJITSWAIN
9/04/2020 13:15:56 PM - Save Script: Version 13.3.0.1.262 User SUJITSWAIN
9/04/2020 13:19:04 PM - Save Script: Version 13.3.0.1.262 User SUJITSWAIN
9/04/2020 13:19:10 PM - Save Script: Version 13.3.0.1.262 User SUJITSWAIN
9/04/2020 13:26:45 PM - Save Script: Version 13.3.0.1.262 User SUJITSWAIN
9/07/2020 15:46:18 PM - Save Script: Version 13.3.0.1.262 User SUJITSWAIN
9/07/2020 15:47:03 PM - Save Script: Version 13.3.0.1.262 User SUJITSWAIN
9/07/2020 15:48:08 PM - Save Script: Version 13.3.0.1.262 User SUJITSWAIN
9/07/2020 15:50:22 PM - Save Script: Version 13.3.0.1.262 User SUJITSWAIN
9/07/2020 15:52:30 PM - Save Script: Version 13.3.0.1.262 User SUJITSWAIN
9/07/2020 15:56:05 PM - Save Script: Version 13.3.0.1.262 User SUJITSWAIN
9/07/2020 15:57:05 PM - Save Script: Version 13.3.0.1.262 User SUJITSWAIN
9/07/2020 16:01:37 PM - Launch Browser: Chrome version null
9/07/2020 16:03:28 PM - Save Script: Version 13.3.0.1.262 User SUJITSWAIN
9/07/2020 16:10:31 PM - Save Script: Version 13.3.0.1.262 User SUJITSWAIN
9/07/2020 16:17:34 PM - Save Script: Version 13.3.0.1.262 User SUJITSWAIN
9/07/2020 16:18:07 PM - Save Script: Version 13.3.0.1.262 User SUJITSWAIN
9/07/2020 16:20:27 PM - Save Script: Version 13.3.0.1.262 User SUJITSWAIN
9/07/2020 16:25:02 PM - Save Script: Version 13.3.0.1.262 User SUJITSWAIN
9/07/2020 16:25:47 PM - Save Script: Version 13.3.0.1.262 User SUJITSWAIN
9/07/2020 16:43:23 PM - Save Script: Version 13.3.0.1.262 User SUJITSWAIN
9/07/2020 16:43:34 PM - Launch Browser: Chrome version null
9/07/2020 16:45:46 PM - Save Script: Version 13.3.0.1.262 User SUJITSWAIN
9/07/2020 16:53:45 PM - Save Script: Version 13.3.0.1.262 User SUJITSWAIN
9/07/2020 17:06:02 PM - Save Script: Version 13.3.0.1.262 User SUJITSWAIN
9/07/2020 17:06:14 PM - Save Script: Version 13.3.0.1.262 User SUJITSWAIN
9/07/2020 17:06:19 PM - Launch Browser: Chrome version null
9/07/2020 17:11:32 PM - Save Script: Version 13.3.0.1.262 User SUJITSWAIN
9/07/2020 17:15:11 PM - Launch Browser: Chrome version null
9/07/2020 17:16:48 PM - Save Script: Version 13.3.0.1.262 User SUJITSWAIN
9/07/2020 17:17:12 PM - Save Script: Version 13.3.0.1.262 User SUJITSWAIN
9/07/2020 17:17:29 PM - Save Script: Version 13.3.0.1.262 User SUJITSWAIN
9/07/2020 17:17:34 PM - Save Script: Version 13.3.0.1.262 User SUJITSWAIN
9/07/2020 17:22:14 PM - Save Script: Version 13.3.0.1.262 User SUJITSWAIN
9/07/2020 17:23:15 PM - Save Script: Version 13.3.0.1.262 User SUJITSWAIN
9/07/2020 17:25:37 PM - Launch Browser: Chrome version null
9/07/2020 17:27:21 PM - Save Script: Version 13.3.0.1.262 User SUJITSWAIN
9/07/2020 17:30:18 PM - Save Script: Version 13.3.0.1.262 User SUJITSWAIN
9/07/2020 17:32:25 PM - Save Script: Version 13.3.0.1.262 User SUJITSWAIN
9/07/2020 17:41:58 PM - Save Script: Version 13.3.0.1.262 User SUJITSWAIN
9/07/2020 17:43:01 PM - Save Script: Version 13.3.0.1.262 User SUJITSWAIN
9/07/2020 17:43:20 PM - Save Script: Version 13.3.0.1.262 User SUJITSWAIN
9/07/2020 17:50:51 PM - Save Script: Version 13.3.0.1.262 User SUJITSWAIN
9/07/2020 18:05:48 PM - Save Script: Version 13.3.0.1.262 User SUJITSWAIN
9/07/2020 19:02:03 PM - Save Script: Version 13.3.0.1.262 User SUJITSWAIN
9/07/2020 19:03:52 PM - Save Script: Version 13.3.0.1.262 User SUJITSWAIN
9/07/2020 19:12:06 PM - Save Script: Version 13.3.0.1.262 User SUJITSWAIN
9/07/2020 19:12:59 PM - Save Script: Version 13.3.0.1.262 User SUJITSWAIN
9/07/2020 19:16:10 PM - Save Script: Version 13.3.0.1.262 User SUJITSWAIN
9/07/2020 19:16:56 PM - Save Script: Version 13.3.0.1.262 User SUJITSWAIN
9/07/2020 19:17:34 PM - Save Script: Version 13.3.0.1.262 User SUJITSWAIN
9/07/2020 19:17:48 PM - Save Script: Version 13.3.0.1.262 User SUJITSWAIN
9/07/2020 19:26:01 PM - Launch Browser: Chrome version null
9/07/2020 19:28:15 PM - Save Script: Version 13.3.0.1.262 User SUJITSWAIN
9/07/2020 19:32:57 PM - Save Script: Version 13.3.0.1.262 User SUJITSWAIN
9/07/2020 19:34:57 PM - Save Script: Version 13.3.0.1.262 User SUJITSWAIN
9/07/2020 19:36:18 PM - Save Script: Version 13.3.0.1.262 User SUJITSWAIN
9/07/2020 19:36:39 PM - Save Script: Version 13.3.0.1.262 User SUJITSWAIN
9/07/2020 19:36:46 PM - Save Script: Version 13.3.0.1.262 User SUJITSWAIN
9/23/2020 11:14:10 AM - Upgrade Script Results: Successfully upgraded script results.
9/23/2020 11:27:31 AM - Save Script: Version 13.3.0.1.262 User SUJITSWAIN
9/23/2020 11:28:49 AM - Save Script: Version 13.3.0.1.262 User SUJITSWAIN
9/23/2020 11:28:56 AM - Save Script: Version 13.3.0.1.262 User SUJITSWAIN
9/23/2020 11:29:51 AM - Save Script: Version 13.3.0.1.262 User SUJITSWAIN
9/23/2020 11:30:48 AM - Save Script: Version 13.3.0.1.262 User SUJITSWAIN
9/23/2020 11:31:25 AM - Save Script: Version 13.3.0.1.262 User SUJITSWAIN
9/23/2020 11:33:14 AM - Save Script: Version 13.3.0.1.262 User SUJITSWAIN
9/23/2020 13:02:24 PM - Launch Browser: Chrome version null
9/23/2020 13:03:21 PM - Save Script: Version 13.3.0.1.262 User SUJITSWAIN
9/23/2020 13:04:39 PM - Save Script: Version 13.3.0.1.262 User SUJITSWAIN
9/23/2020 13:13:49 PM - Launch Browser: Chrome version null
9/23/2020 13:27:25 PM - Save Script: Version 13.3.0.1.262 User SUJITSWAIN
9/23/2020 13:27:41 PM - Save Script: Version 13.3.0.1.262 User SUJITSWAIN
9/23/2020 13:28:03 PM - Save Script: Version 13.3.0.1.262 User SUJITSWAIN
9/23/2020 13:35:24 PM - Save Script: Version 13.3.0.1.262 User SUJITSWAIN
9/26/2020 20:06:41 PM - Save Script: Version 13.3.0.1.262 User SUJITSWAIN
9/26/2020 20:08:00 PM - Save Script: Version 13.3.0.1.262 User SUJITSWAIN
9/26/2020 20:09:38 PM - Save Script: Version 13.3.0.1.262 User SUJITSWAIN
9/26/2020 20:10:42 PM - Save Script: Version 13.3.0.1.262 User SUJITSWAIN
9/26/2020 20:12:54 PM - Launch Browser: Chrome version null
9/26/2020 20:14:51 PM - Save Script: Version 13.3.0.1.262 User SUJITSWAIN
9/26/2020 20:15:18 PM - Save Script: Version 13.3.0.1.262 User SUJITSWAIN
9/26/2020 20:16:54 PM - Save Script: Version 13.3.0.1.262 User SUJITSWAIN
9/26/2020 20:26:18 PM - Save Script: Version 13.3.0.1.262 User SUJITSWAIN
9/26/2020 20:31:50 PM - Save Script: Version 13.3.0.1.262 User SUJITSWAIN
9/26/2020 20:36:16 PM - Save Script: Version 13.3.0.1.262 User SUJITSWAIN
9/26/2020 20:37:10 PM - Save Script: Version 13.3.0.1.262 User SUJITSWAIN
9/26/2020 20:41:30 PM - Save Script: Version 13.3.0.1.262 User SUJITSWAIN
9/26/2020 20:45:20 PM - Save Script: Version 13.3.0.1.262 User SUJITSWAIN
9/29/2020 16:51:50 PM - Save Script: Version 13.3.0.1.262 User SUJITSWAIN
9/29/2020 16:53:03 PM - Save Script: Version 13.3.0.1.262 User SUJITSWAIN
9/29/2020 16:57:47 PM - Save Script: Version 13.3.0.1.262 User SUJITSWAIN
9/29/2020 16:59:05 PM - Launch Browser: Chrome version null
9/29/2020 17:01:52 PM - Save Script: Version 13.3.0.1.262 User SUJITSWAIN
9/29/2020 17:06:24 PM - Launch Browser: Chrome version null
9/29/2020 17:15:08 PM - Save Script: Version 13.3.0.1.262 User SUJITSWAIN
9/29/2020 17:17:09 PM - Save Script: Version 13.3.0.1.262 User SUJITSWAIN
9/29/2020 17:28:05 PM - Save Script: Version 13.3.0.1.262 User SUJITSWAIN
9/29/2020 17:30:07 PM - Launch Browser: Chrome version null
9/29/2020 17:32:11 PM - Save Script: Version 13.3.0.1.262 User SUJITSWAIN
9/29/2020 17:35:28 PM - Save Script: Version 13.3.0.1.262 User SUJITSWAIN
9/29/2020 17:39:25 PM - Save Script: Version 13.3.0.1.262 User SUJITSWAIN
9/29/2020 17:39:45 PM - Save Script: Version 13.3.0.1.262 User SUJITSWAIN
9/29/2020 17:42:47 PM - Save Script: Version 13.3.0.1.262 User SUJITSWAIN
9/29/2020 17:49:49 PM - Launch Browser: Chrome version null
9/29/2020 17:51:01 PM - Save Script: Version 13.3.0.1.262 User SUJITSWAIN
9/29/2020 18:10:57 PM - Save Script: Version 13.3.0.1.262 User SUJITSWAIN
9/29/2020 18:11:21 PM - Save Script: Version 13.3.0.1.262 User SUJITSWAIN
9/29/2020 18:13:00 PM - Save Script: Version 13.3.0.1.262 User SUJITSWAIN
9/29/2020 18:17:22 PM - Save Script: Version 13.3.0.1.262 User SUJITSWAIN
9/29/2020 18:18:32 PM - Launch Browser: Chrome version null
9/29/2020 18:19:09 PM - Save Script: Version 13.3.0.1.262 User SUJITSWAIN
9/29/2020 18:22:03 PM - Save Script: Version 13.3.0.1.262 User SUJITSWAIN
9/29/2020 18:26:27 PM - Save Script: Version 13.3.0.1.262 User SUJITSWAIN
9/29/2020 18:30:39 PM - Save Script: Version 13.3.0.1.262 User SUJITSWAIN
9/29/2020 18:32:21 PM - Save Script: Version 13.3.0.1.262 User SUJITSWAIN
9/29/2020 18:34:55 PM - Save Script: Version 13.3.0.1.262 User SUJITSWAIN
9/29/2020 18:35:08 PM - Save Script: Version 13.3.0.1.262 User SUJITSWAIN
9/29/2020 18:38:02 PM - Save Script: Version 13.3.0.1.262 User SUJITSWAIN
9/29/2020 18:39:43 PM - Launch Browser: Chrome version null
9/29/2020 19:53:04 PM - Launch Browser: Chrome version null
9/29/2020 19:58:43 PM - Save Script: Version 13.3.0.1.262 User SUJITSWAIN
9/29/2020 20:17:34 PM - Save Script: Version 13.3.0.1.262 User SUJITSWAIN
9/29/2020 20:18:11 PM - Save Script: Version 13.3.0.1.262 User SUJITSWAIN
9/29/2020 20:19:59 PM - Save Script: Version 13.3.0.1.262 User SUJITSWAIN
9/29/2020 20:32:36 PM - Save Script: Version 13.3.0.1.262 User SUJITSWAIN
9/29/2020 20:33:21 PM - Save Script: Version 13.3.0.1.262 User SUJITSWAIN
9/29/2020 20:34:24 PM - Save Script: Version 13.3.0.1.262 User SUJITSWAIN
9/29/2020 20:36:28 PM - Save Script: Version 13.3.0.1.262 User SUJITSWAIN
9/29/2020 20:38:47 PM - Save Script: Version 13.3.0.1.262 User SUJITSWAIN
9/29/2020 20:53:57 PM - Save Script: Version 13.3.0.1.262 User SUJITSWAIN
9/29/2020 20:58:45 PM - Save Script: Version 13.3.0.1.262 User SUJITSWAIN
9/29/2020 20:59:01 PM - Save Script: Version 13.3.0.1.262 User SUJITSWAIN
9/29/2020 21:00:48 PM - Save Script: Version 13.3.0.1.262 User SUJITSWAIN
9/29/2020 21:01:59 PM - Save Script: Version 13.3.0.1.262 User SUJITSWAIN
9/29/2020 21:10:56 PM - Save Script: Version 13.3.0.1.262 User SUJITSWAIN
9/29/2020 21:18:41 PM - Save Script: Version 13.3.0.1.262 User SUJITSWAIN
9/29/2020 21:20:54 PM - Save Script: Version 13.3.0.1.262 User SUJITSWAIN
9/29/2020 21:43:11 PM - Save Script: Version 13.3.0.1.262 User SUJITSWAIN
9/29/2020 21:48:20 PM - Save Script: Version 13.3.0.1.262 User SUJITSWAIN
9/29/2020 21:52:06 PM - Save Script: Version 13.3.0.1.262 User SUJITSWAIN
9/29/2020 21:53:36 PM - Save Script: Version 13.3.0.1.262 User SUJITSWAIN
9/29/2020 22:00:41 PM - Save Script: Version 13.3.0.1.262 User SUJITSWAIN
9/29/2020 22:11:36 PM - Save Script: Version 13.3.0.1.262 User SUJITSWAIN
9/29/2020 22:15:39 PM - Save Script: Version 13.3.0.1.262 User SUJITSWAIN
9/29/2020 22:18:11 PM - Save Script: Version 13.3.0.1.262 User SUJITSWAIN
9/29/2020 22:18:36 PM - Save Script: Version 13.3.0.1.262 User SUJITSWAIN
9/29/2020 22:26:44 PM - Save Script: Version 13.3.0.1.262 User SUJITSWAIN
9/29/2020 22:29:54 PM - Save Script: Version 13.3.0.1.262 User SUJITSWAIN
9/29/2020 22:30:39 PM - Save Script: Version 13.3.0.1.262 User SUJITSWAIN
9/29/2020 22:33:22 PM - Save Script: Version 13.3.0.1.262 User SUJITSWAIN
9/29/2020 22:33:30 PM - Save Script: Version 13.3.0.1.262 User SUJITSWAIN
9/29/2020 22:35:04 PM - Save Script: Version 13.3.0.1.262 User SUJITSWAIN
9/29/2020 22:36:59 PM - Save Script: Version 13.3.0.1.262 User SUJITSWAIN
9/29/2020 22:37:18 PM - Save Script: Version 13.3.0.1.262 User SUJITSWAIN
9/29/2020 22:47:10 PM - Launch Browser: Chrome version null
9/29/2020 22:48:23 PM - Save Script: Version 13.3.0.1.262 User SUJITSWAIN
9/29/2020 22:50:21 PM - Save Script: Version 13.3.0.1.262 User SUJITSWAIN
9/29/2020 22:50:58 PM - Save Script: Version 13.3.0.1.262 User SUJITSWAIN
9/29/2020 22:59:12 PM - Save Script: Version 13.3.0.1.262 User SUJITSWAIN
9/29/2020 23:28:42 PM - Save Script: Version 13.3.0.1.262 User SUJITSWAIN
9/29/2020 23:29:31 PM - Save Script: Version 13.3.0.1.262 User SUJITSWAIN
9/29/2020 23:31:15 PM - Save Script: Version 13.3.0.1.262 User SUJITSWAIN
9/29/2020 23:31:44 PM - Save Script: Version 13.3.0.1.262 User SUJITSWAIN
9/29/2020 23:32:23 PM - Save Script: Version 13.3.0.1.262 User SUJITSWAIN
9/29/2020 23:34:46 PM - Save Script: Version 13.3.0.1.262 User SUJITSWAIN
9/29/2020 23:39:11 PM - Save Script: Version 13.3.0.1.262 User SUJITSWAIN
9/29/2020 23:44:48 PM - Save Script: Version 13.3.0.1.262 User SUJITSWAIN
9/30/2020 13:40:59 PM - Save Script: Version 13.3.0.1.262 User SUJITSWAIN
9/30/2020 14:41:21 PM - Save Script: Version 13.3.0.1.262 User SUJITSWAIN
9/30/2020 14:43:51 PM - Save Script: Version 13.3.0.1.262 User SUJITSWAIN
9/30/2020 14:44:31 PM - Save Script: Version 13.3.0.1.262 User SUJITSWAIN
9/30/2020 16:13:50 PM - Save Script: Version 13.3.0.1.262 User SUJITSWAIN
9/30/2020 16:14:47 PM - Save Script: Version 13.3.0.1.262 User SUJITSWAIN
9/30/2020 16:27:41 PM - Save Script: Version 13.3.0.1.262 User SUJITSWAIN
9/30/2020 16:28:15 PM - Save Script: Version 13.3.0.1.262 User SUJITSWAIN
9/30/2020 16:29:19 PM - Save Script: Version 13.3.0.1.262 User SUJITSWAIN
9/30/2020 16:29:27 PM - Save Script: Version 13.3.0.1.262 User SUJITSWAIN
9/30/2020 16:53:04 PM - Save Script: Version 13.3.0.1.262 User SUJITSWAIN
10/01/2020 12:38:19 PM - Save Script: Version 13.3.0.1.262 User SUJITSWAIN
10/01/2020 12:39:27 PM - Save Script: Version 13.3.0.1.262 User SUJITSWAIN
10/01/2020 12:40:40 PM - Save Script: Version 13.3.0.1.262 User SUJITSWAIN
10/01/2020 12:44:25 PM - Save Script: Version 13.3.0.1.262 User SUJITSWAIN
10/01/2020 12:49:19 PM - Save Script: Version 13.3.0.1.262 User SUJITSWAIN
10/01/2020 12:50:40 PM - Launch Browser: Chrome version null
10/01/2020 12:54:16 PM - Save Script: Version 13.3.0.1.262 User SUJITSWAIN
10/01/2020 12:54:33 PM - Save Script: Version 13.3.0.1.262 User SUJITSWAIN
10/01/2020 12:55:35 PM - Save Script: Version 13.3.0.1.262 User SUJITSWAIN
10/01/2020 12:57:02 PM - Save Script: Version 13.3.0.1.262 User SUJITSWAIN
10/01/2020 13:36:04 PM - Save Script: Version 13.3.0.1.262 User SUJITSWAIN
10/01/2020 13:51:25 PM - Launch Browser: Chrome version null
10/01/2020 13:52:24 PM - Save Script: Version 13.3.0.1.262 User SUJITSWAIN
10/01/2020 13:54:39 PM - Save Script: Version 13.3.0.1.262 User SUJITSWAIN
10/01/2020 13:54:48 PM - Save Script: Version 13.3.0.1.262 User SUJITSWAIN
10/01/2020 13:57:09 PM - Save Script: Version 13.3.0.1.262 User SUJITSWAIN
10/01/2020 13:59:54 PM - Launch Browser: Chrome version null
10/01/2020 14:02:06 PM - Save Script: Version 13.3.0.1.262 User SUJITSWAIN
10/01/2020 14:04:45 PM - Save Script: Version 13.3.0.1.262 User SUJITSWAIN
10/01/2020 14:07:42 PM - Launch Browser: Chrome version null
10/01/2020 14:08:52 PM - Launch Browser: Chrome version null
10/01/2020 14:11:55 PM - Save Script: Version 13.3.0.1.262 User SUJITSWAIN
10/01/2020 14:15:33 PM - Launch Browser: Chrome version null
10/01/2020 14:16:18 PM - Save Script: Version 13.3.0.1.262 User SUJITSWAIN
10/01/2020 14:26:45 PM - Save Script: Version 13.3.0.1.262 User SUJITSWAIN
10/01/2020 14:30:42 PM - Save Script: Version 13.3.0.1.262 User SUJITSWAIN
10/01/2020 14:32:17 PM - Save Script: Version 13.3.0.1.262 User SUJITSWAIN
10/01/2020 14:34:32 PM - Save Script: Version 13.3.0.1.262 User SUJITSWAIN
10/01/2020 14:34:39 PM - Save Script: Version 13.3.0.1.262 User SUJITSWAIN
10/01/2020 14:38:10 PM - Save Script: Version 13.3.0.1.262 User SUJITSWAIN
10/01/2020 18:21:53 PM - Save Script: Version 13.3.0.1.262 User SUJITSWAIN
10/01/2020 18:22:50 PM - Save Script: Version 13.3.0.1.262 User SUJITSWAIN
10/01/2020 18:26:51 PM - Save Script: Version 13.3.0.1.262 User SUJITSWAIN
10/01/2020 18:29:19 PM - Save Script: Version 13.3.0.1.262 User SUJITSWAIN
10/01/2020 18:32:45 PM - Launch Browser: Chrome version null
10/01/2020 18:35:51 PM - Save Script: Version 13.3.0.1.262 User SUJITSWAIN
10/01/2020 18:35:57 PM - Save Script: Version 13.3.0.1.262 User SUJITSWAIN
10/01/2020 18:38:54 PM - Save Script: Version 13.3.0.1.262 User SUJITSWAIN
10/01/2020 18:41:48 PM - Save Script: Version 13.3.0.1.262 User SUJITSWAIN
10/01/2020 18:45:13 PM - Save Script: Version 13.3.0.1.262 User SUJITSWAIN
10/03/2020 15:18:54 PM - Save Script: Version 13.3.0.1.262 User SUJITSWAIN
10/03/2020 15:20:29 PM - Save Script: Version 13.3.0.1.262 User SUJITSWAIN
10/03/2020 15:23:28 PM - Save Script: Version 13.3.0.1.262 User SUJITSWAIN
10/03/2020 15:25:46 PM - Save Script: Version 13.3.0.1.262 User SUJITSWAIN
10/03/2020 15:26:02 PM - Save Script: Version 13.3.0.1.262 User SUJITSWAIN
10/03/2020 15:33:44 PM - Launch Browser: Chrome version null
10/03/2020 15:36:25 PM - Save Script: Version 13.3.0.1.262 User SUJITSWAIN
10/03/2020 15:38:32 PM - Save Script: Version 13.3.0.1.262 User SUJITSWAIN
10/03/2020 15:40:53 PM - Save Script: Version 13.3.0.1.262 User SUJITSWAIN
10/03/2020 15:41:09 PM - Save Script: Version 13.3.0.1.262 User SUJITSWAIN
10/03/2020 15:55:34 PM - Launch Browser: Chrome version null
10/03/2020 16:03:34 PM - Save Script: Version 13.3.0.1.262 User SUJITSWAIN
10/03/2020 16:11:42 PM - Save Script: Version 13.3.0.1.262 User SUJITSWAIN
10/03/2020 16:13:33 PM - Save Script: Version 13.3.0.1.262 User SUJITSWAIN
10/03/2020 16:15:08 PM - Save Script: Version 13.3.0.1.262 User SUJITSWAIN
10/03/2020 16:16:51 PM - Save Script: Version 13.3.0.1.262 User SUJITSWAIN
10/03/2020 16:24:56 PM - Save Script: Version 13.3.0.1.262 User SUJITSWAIN
10/03/2020 16:29:27 PM - Save Script: Version 13.3.0.1.262 User SUJITSWAIN
10/03/2020 16:30:52 PM - Save Script: Version 13.3.0.1.262 User SUJITSWAIN
10/03/2020 16:33:14 PM - Save Script: Version 13.3.0.1.262 User SUJITSWAIN
10/03/2020 16:37:27 PM - Save Script: Version 13.3.0.1.262 User SUJITSWAIN
10/03/2020 16:39:39 PM - Save Script: Version 13.3.0.1.262 User SUJITSWAIN
10/03/2020 16:47:00 PM - Save Script: Version 13.3.0.1.262 User SUJITSWAIN
10/03/2020 16:48:57 PM - Save Script: Version 13.3.0.1.262 User SUJITSWAIN
10/03/2020 16:49:08 PM - Save Script: Version 13.3.0.1.262 User SUJITSWAIN
10/04/2020 11:23:16 AM - Save Script: Version 13.3.0.1.262 User SUJITSWAIN
10/04/2020 11:49:37 AM - Save Script: Version 13.3.0.1.262 User SUJITSWAIN
10/04/2020 11:50:27 AM - Save Script: Version 13.3.0.1.262 User SUJITSWAIN
10/04/2020 11:52:43 AM - Save Script: Version 13.3.0.1.262 User SUJITSWAIN
10/04/2020 11:52:57 AM - Save Script: Version 13.3.0.1.262 User SUJITSWAIN
10/04/2020 11:53:54 AM - Save Script: Version 13.3.0.1.262 User SUJITSWAIN
10/04/2020 11:58:01 AM - Launch Browser: Chrome version null
10/04/2020 11:58:25 AM - Save Script: Version 13.3.0.1.262 User SUJITSWAIN
10/04/2020 11:59:21 AM - Save Script: Version 13.3.0.1.262 User SUJITSWAIN
10/04/2020 12:00:53 PM - Save Script: Version 13.3.0.1.262 User SUJITSWAIN
10/04/2020 12:07:15 PM - Save Script: Version 13.3.0.1.262 User SUJITSWAIN
10/04/2020 12:07:36 PM - Save Script: Version 13.3.0.1.262 User SUJITSWAIN
10/04/2020 12:07:48 PM - Save Script: Version 13.3.0.1.262 User SUJITSWAIN
10/04/2020 12:07:53 PM - Save Script: Version 13.3.0.1.262 User SUJITSWAIN
10/04/2020 15:44:19 PM - Save Script: Version 13.3.0.1.262 User SUJITSWAIN
10/04/2020 20:34:49 PM - Save Script: Version 13.3.0.1.262 User SUJITSWAIN
10/04/2020 20:35:53 PM - Save Script: Version 13.3.0.1.262 User SUJITSWAIN
10/04/2020 20:37:04 PM - Save Script: Version 13.3.0.1.262 User SUJITSWAIN
10/04/2020 20:49:08 PM - Save Script: Version 13.3.0.1.262 User SUJITSWAIN
10/04/2020 20:50:01 PM - Save Script: Version 13.3.0.1.262 User SUJITSWAIN
10/04/2020 20:50:40 PM - Save Script: Version 13.3.0.1.262 User SUJITSWAIN
10/04/2020 20:51:38 PM - Save Script: Version 13.3.0.1.262 User SUJITSWAIN
10/04/2020 20:53:10 PM - Save Script: Version 13.3.0.1.262 User SUJITSWAIN
10/05/2020 14:41:18 PM - Save Script: Version 13.3.0.1.262 User SUJITSWAIN
10/05/2020 14:44:57 PM - Save Script: Version 13.3.0.1.262 User SUJITSWAIN
10/05/2020 14:47:11 PM - Save Script: Version 13.3.0.1.262 User SUJITSWAIN
10/05/2020 14:49:22 PM - Save Script: Version 13.3.0.1.262 User SUJITSWAIN
10/05/2020 14:51:51 PM - Save Script: Version 13.3.0.1.262 User SUJITSWAIN
10/05/2020 14:53:28 PM - Save Script: Version 13.3.0.1.262 User SUJITSWAIN
10/05/2020 14:55:10 PM - Save Script: Version 13.3.0.1.262 User SUJITSWAIN
10/05/2020 15:06:47 PM - Save Script: Version 13.3.0.1.262 User SUJITSWAIN
10/05/2020 15:07:18 PM - Save Script: Version 13.3.0.1.262 User SUJITSWAIN
10/05/2020 15:09:38 PM - Launch Browser: Chrome version null
10/05/2020 15:22:13 PM - Save Script: Version 13.3.0.1.262 User SUJITSWAIN
10/05/2020 15:22:26 PM - Launch Browser: Chrome version null
10/05/2020 15:24:12 PM - Save Script: Version 13.3.0.1.262 User SUJITSWAIN
10/05/2020 15:28:43 PM - Save Script: Version 13.3.0.1.262 User SUJITSWAIN
10/05/2020 15:31:15 PM - Save Script: Version 13.3.0.1.262 User SUJITSWAIN
10/05/2020 15:33:11 PM - Save Script: Version 13.3.0.1.262 User SUJITSWAIN
10/05/2020 15:38:22 PM - Save Script: Version 13.3.0.1.262 User SUJITSWAIN
10/05/2020 15:39:35 PM - Save Script: Version 13.3.0.1.262 User SUJITSWAIN
10/05/2020 15:47:02 PM - Save Script: Version 13.3.0.1.262 User SUJITSWAIN
10/05/2020 15:49:16 PM - Save Script: Version 13.3.0.1.262 User SUJITSWAIN
10/05/2020 16:02:12 PM - Save Script: Version 13.3.0.1.262 User SUJITSWAIN
10/05/2020 16:13:53 PM - Save Script: Version 13.3.0.1.262 User SUJITSWAIN
10/05/2020 16:14:53 PM - Save Script: Version 13.3.0.1.262 User SUJITSWAIN
10/05/2020 16:16:55 PM - Save Script: Version 13.3.0.1.262 User SUJITSWAIN
10/05/2020 16:18:54 PM - Save Script: Version 13.3.0.1.262 User SUJITSWAIN
10/05/2020 16:22:41 PM - Save Script: Version 13.3.0.1.262 User SUJITSWAIN
10/05/2020 16:25:45 PM - Save Script: Version 13.3.0.1.262 User SUJITSWAIN
10/05/2020 16:32:53 PM - Save Script: Version 13.3.0.1.262 User SUJITSWAIN
10/05/2020 16:38:25 PM - Save Script: Version 13.3.0.1.262 User SUJITSWAIN
10/05/2020 16:38:48 PM - Save Script: Version 13.3.0.1.262 User SUJITSWAIN
10/05/2020 16:43:58 PM - Save Script: Version 13.3.0.1.262 User SUJITSWAIN
10/05/2020 16:46:29 PM - Save Script: Version 13.3.0.1.262 User SUJITSWAIN
10/05/2020 16:52:40 PM - Save Script: Version 13.3.0.1.262 User SUJITSWAIN
10/05/2020 16:53:00 PM - Save Script: Version 13.3.0.1.262 User SUJITSWAIN
10/05/2020 16:57:15 PM - Save Script: Version 13.3.0.1.262 User SUJITSWAIN
10/05/2020 16:57:29 PM - Save Script: Version 13.3.0.1.262 User SUJITSWAIN
10/05/2020 17:06:58 PM - Save Script: Version 13.3.0.1.262 User SUJITSWAIN
10/05/2020 17:13:54 PM - Save Script: Version 13.3.0.1.262 User SUJITSWAIN
10/05/2020 17:14:33 PM - Save Script: Version 13.3.0.1.262 User SUJITSWAIN
10/05/2020 17:18:55 PM - Save Script: Version 13.3.0.1.262 User SUJITSWAIN
10/05/2020 17:22:59 PM - Save Script: Version 13.3.0.1.262 User SUJITSWAIN
10/05/2020 17:25:53 PM - Launch Browser: Chrome version null
10/05/2020 17:26:23 PM - Save Script: Version 13.3.0.1.262 User SUJITSWAIN
10/05/2020 17:28:26 PM - Save Script: Version 13.3.0.1.262 User SUJITSWAIN
10/05/2020 17:28:41 PM - Save Script: Version 13.3.0.1.262 User SUJITSWAIN
10/05/2020 17:30:48 PM - Save Script: Version 13.3.0.1.262 User SUJITSWAIN
10/05/2020 17:32:49 PM - Save Script: Version 13.3.0.1.262 User SUJITSWAIN
10/05/2020 17:37:58 PM - Save Script: Version 13.3.0.1.262 User SUJITSWAIN
10/05/2020 17:47:28 PM - Save Script: Version 13.3.0.1.262 User SUJITSWAIN
10/05/2020 17:49:26 PM - Save Script: Version 13.3.0.1.262 User SUJITSWAIN
10/05/2020 17:56:05 PM - Save Script: Version 13.3.0.1.262 User SUJITSWAIN
10/05/2020 17:57:55 PM - Save Script: Version 13.3.0.1.262 User SUJITSWAIN
10/05/2020 17:59:43 PM - Save Script: Version 13.3.0.1.262 User SUJITSWAIN
10/05/2020 18:00:01 PM - Save Script: Version 13.3.0.1.262 User SUJITSWAIN
10/05/2020 18:02:51 PM - Launch Browser: Chrome version null
10/05/2020 18:04:14 PM - Save Script: Version 13.3.0.1.262 User SUJITSWAIN
10/05/2020 18:04:59 PM - Save Script: Version 13.3.0.1.262 User SUJITSWAIN
10/05/2020 18:15:25 PM - Launch Browser: Chrome version null
10/05/2020 18:17:58 PM - Save Script: Version 13.3.0.1.262 User SUJITSWAIN
10/05/2020 18:23:28 PM - Save Script: Version 13.3.0.1.262 User SUJITSWAIN
10/05/2020 18:26:00 PM - Save Script: Version 13.3.0.1.262 User SUJITSWAIN
10/05/2020 18:27:30 PM - Save Script: Version 13.3.0.1.262 User SUJITSWAIN
10/05/2020 18:31:39 PM - Save Script: Version 13.3.0.1.262 User SUJITSWAIN
10/05/2020 18:33:03 PM - Save Script: Version 13.3.0.1.262 User SUJITSWAIN
10/05/2020 18:38:33 PM - Save Script: Version 13.3.0.1.262 User SUJITSWAIN
10/05/2020 18:39:34 PM - Save Script: Version 13.3.0.1.262 User SUJITSWAIN
10/05/2020 18:44:24 PM - Save Script: Version 13.3.0.1.262 User SUJITSWAIN
10/05/2020 18:50:01 PM - Save Script: Version 13.3.0.1.262 User SUJITSWAIN
10/05/2020 18:52:33 PM - Save Script: Version 13.3.0.1.262 User SUJITSWAIN
10/05/2020 18:53:46 PM - Save Script: Version 13.3.0.1.262 User SUJITSWAIN
10/05/2020 18:59:13 PM - Save Script: Version 13.3.0.1.262 User SUJITSWAIN
10/05/2020 19:00:20 PM - Save Script: Version 13.3.0.1.262 User SUJITSWAIN
10/05/2020 19:00:29 PM - Launch Browser: Chrome version null
10/05/2020 19:09:04 PM - Save Script: Version 13.3.0.1.262 User SUJITSWAIN
10/05/2020 19:11:32 PM - Save Script: Version 13.3.0.1.262 User SUJITSWAIN
10/05/2020 19:12:42 PM - Save Script: Version 13.3.0.1.262 User SUJITSWAIN
10/05/2020 19:13:37 PM - Save Script: Version 13.3.0.1.262 User SUJITSWAIN
10/05/2020 21:27:23 PM - Launch Browser: Chrome version null
10/05/2020 21:28:58 PM - Save Script: Version 13.3.0.1.262 User SUJITSWAIN
10/06/2020 12:13:40 PM - Upgrade Script Results: Successfully upgraded script results.