8/20/2019 14:07:38 PM - Save Script: Version 13.3.0.1.262 User SUJITSWAIN
8/20/2019 14:08:23 PM - Launch Browser: IE version 9.11.17763.0
8/20/2019 14:13:47 PM - Save Script: Version 13.3.0.1.262 User SUJITSWAIN
8/20/2019 14:14:57 PM - Save Script: Version 13.3.0.1.262 User SUJITSWAIN
8/20/2019 14:17:26 PM - Save Script: Version 13.3.0.1.262 User SUJITSWAIN
8/20/2019 14:19:11 PM - Save Script: Version 13.3.0.1.262 User SUJITSWAIN
8/20/2019 14:20:30 PM - Save Script: Version 13.3.0.1.262 User SUJITSWAIN
8/20/2019 14:36:01 PM - Save Script: Version 13.3.0.1.262 User SUJITSWAIN
8/20/2019 14:39:37 PM - Save Script: Version 13.3.0.1.262 User SUJITSWAIN
8/20/2019 14:42:13 PM - Save Script: Version 13.3.0.1.262 User SUJITSWAIN
8/20/2019 14:43:05 PM - Save Script: Version 13.3.0.1.262 User SUJITSWAIN
8/20/2019 14:46:32 PM - Save Script: Version 13.3.0.1.262 User SUJITSWAIN
8/20/2019 14:49:10 PM - Save Script: Version 13.3.0.1.262 User SUJITSWAIN
8/20/2019 14:53:43 PM - Save Script: Version 13.3.0.1.262 User SUJITSWAIN
8/20/2019 15:05:26 PM - Save Script: Version 13.3.0.1.262 User SUJITSWAIN
8/20/2019 15:11:40 PM - Save Script: Version 13.3.0.1.262 User SUJITSWAIN
8/20/2019 15:25:44 PM - Save Script: Version 13.3.0.1.262 User SUJITSWAIN
8/20/2019 15:43:36 PM - Save Script: Version 13.3.0.1.262 User SUJITSWAIN
8/20/2019 15:47:57 PM - Save Script: Version 13.3.0.1.262 User SUJITSWAIN
8/20/2019 15:48:24 PM - Save Script: Version 13.3.0.1.262 User SUJITSWAIN
8/20/2019 15:48:44 PM - Save Script: Version 13.3.0.1.262 User SUJITSWAIN
8/20/2019 15:49:08 PM - Save Script: Version 13.3.0.1.262 User SUJITSWAIN
8/20/2019 15:56:22 PM - Save Script: Version 13.3.0.1.262 User SUJITSWAIN
8/20/2019 16:06:08 PM - Save Script: Version 13.3.0.1.262 User SUJITSWAIN
8/20/2019 16:09:05 PM - Save Script: Version 13.3.0.1.262 User SUJITSWAIN
8/20/2019 16:40:04 PM - Save Script: Version 13.3.0.1.262 User SUJITSWAIN
8/20/2019 16:49:10 PM - Upgrade Script Results: Successfully upgraded script results.
8/20/2019 16:51:37 PM - Launch Browser: IE version 9.11.17763.0
8/20/2019 16:54:43 PM - Save Script: Version 13.3.0.1.262 User SUJITSWAIN
8/20/2019 17:12:45 PM - Save Script: Version 13.3.0.1.262 User SUJITSWAIN
8/20/2019 17:13:31 PM - Save Script: Version 13.3.0.1.262 User SUJITSWAIN
8/20/2019 17:17:05 PM - Save Script: Version 13.3.0.1.262 User SUJITSWAIN
8/20/2019 17:23:22 PM - Save Script: Version 13.3.0.1.262 User SUJITSWAIN
8/20/2019 17:36:04 PM - Save Script: Version 13.3.0.1.262 User SUJITSWAIN
8/20/2019 18:30:20 PM - Save Script: Version 13.3.0.1.262 User SUJITSWAIN
8/20/2019 18:33:49 PM - Save Script: Version 13.3.0.1.262 User SUJITSWAIN
8/21/2019 12:45:22 PM - Save Script: Version 13.3.0.1.262 User SUJITSWAIN
8/21/2019 14:26:49 PM - Save Script: Version 13.3.0.1.262 User SUJITSWAIN
8/30/2019 00:34:41 AM - Save Script: Version 13.3.0.1.262 User SUJITSWAIN
8/30/2019 00:34:48 AM - Save Script: Version 13.3.0.1.262 User SUJITSWAIN
9/10/2019 12:44:15 PM - Save Script: Version 13.3.0.1.262 User SUJITSWAIN
9/10/2019 12:49:02 PM - Save Script: Version 13.3.0.1.262 User SUJITSWAIN
9/10/2019 12:51:44 PM - Save Script: Version 13.3.0.1.262 User SUJITSWAIN
9/10/2019 12:52:19 PM - Save Script: Version 13.3.0.1.262 User SUJITSWAIN
9/10/2019 12:59:27 PM - Launch Browser: IE version 9.11.17763.0
9/10/2019 13:01:51 PM - Save Script: Version 13.3.0.1.262 User SUJITSWAIN
9/10/2019 13:04:13 PM - Launch Browser: IE version 9.11.17763.0
9/10/2019 13:07:53 PM - Save Script: Version 13.3.0.1.262 User SUJITSWAIN
9/10/2019 13:08:13 PM - Save Script: Version 13.3.0.1.262 User SUJITSWAIN
9/10/2019 13:11:21 PM - Save Script: Version 13.3.0.1.262 User SUJITSWAIN
9/10/2019 13:12:28 PM - Launch Browser: IE version 9.11.17763.0
9/10/2019 13:14:23 PM - Save Script: Version 13.3.0.1.262 User SUJITSWAIN
9/10/2019 13:17:46 PM - Save Script: Version 13.3.0.1.262 User SUJITSWAIN
9/10/2019 13:21:02 PM - Save Script: Version 13.3.0.1.262 User SUJITSWAIN
9/10/2019 13:21:08 PM - Launch Browser: IE version 9.11.17763.0
9/10/2019 13:41:52 PM - Save Script: Version 13.3.0.1.262 User SUJITSWAIN
9/10/2019 13:44:19 PM - Launch Browser: IE version 9.11.17763.0
9/10/2019 13:53:17 PM - Save Script: Version 13.3.0.1.262 User SUJITSWAIN
9/10/2019 13:55:01 PM - Save Script: Version 13.3.0.1.262 User SUJITSWAIN
9/10/2019 13:59:06 PM - Save Script: Version 13.3.0.1.262 User SUJITSWAIN
9/10/2019 13:59:29 PM - Save Script: Version 13.3.0.1.262 User SUJITSWAIN
9/10/2019 14:04:37 PM - Save Script: Version 13.3.0.1.262 User SUJITSWAIN
9/10/2019 14:05:07 PM - Save Script: Version 13.3.0.1.262 User SUJITSWAIN
9/10/2019 14:06:26 PM - Save Script: Version 13.3.0.1.262 User SUJITSWAIN
9/10/2019 14:25:39 PM - Save Script: Version 13.3.0.1.262 User SUJITSWAIN
9/10/2019 14:28:34 PM - Save Script: Version 13.3.0.1.262 User SUJITSWAIN
9/10/2019 14:29:01 PM - Save Script: Version 13.3.0.1.262 User SUJITSWAIN
9/10/2019 15:59:51 PM - Save Script: Version 13.3.0.1.262 User SUJITSWAIN
9/10/2019 16:04:23 PM - Save Script: Version 13.3.0.1.262 User SUJITSWAIN
9/10/2019 16:13:22 PM - Save Script: Version 13.3.0.1.262 User SUJITSWAIN
9/10/2019 16:23:54 PM - Save Script: Version 13.3.0.1.262 User SUJITSWAIN
9/10/2019 16:24:56 PM - Save Script: Version 13.3.0.1.262 User SUJITSWAIN
9/10/2019 16:26:17 PM - Save Script: Version 13.3.0.1.262 User SUJITSWAIN
9/10/2019 16:35:18 PM - Save Script: Version 13.3.0.1.262 User SUJITSWAIN
9/10/2019 16:39:16 PM - Save Script: Version 13.3.0.1.262 User SUJITSWAIN
9/10/2019 16:41:30 PM - Save Script: Version 13.3.0.1.262 User SUJITSWAIN
9/10/2019 16:48:03 PM - Save Script: Version 13.3.0.1.262 User SUJITSWAIN
9/10/2019 16:48:11 PM - Save Script: Version 13.3.0.1.262 User SUJITSWAIN
9/10/2019 16:48:23 PM - Launch Browser: IE version 9.11.17763.0
9/10/2019 16:53:05 PM - Save Script: Version 13.3.0.1.262 User SUJITSWAIN
9/10/2019 17:17:37 PM - Save Script: Version 13.3.0.1.262 User SUJITSWAIN
9/10/2019 17:29:11 PM - Save Script: Version 13.3.0.1.262 User SUJITSWAIN
9/10/2019 17:31:15 PM - Save Script: Version 13.3.0.1.262 User SUJITSWAIN
9/10/2019 17:31:39 PM - Launch Browser: IE version 9.11.17763.0
9/10/2019 17:38:53 PM - Launch Browser: IE version 9.11.17763.0
9/10/2019 17:45:55 PM - Save Script: Version 13.3.0.1.262 User SUJITSWAIN
9/10/2019 17:48:39 PM - Save Script: Version 13.3.0.1.262 User SUJITSWAIN
9/10/2019 18:01:55 PM - Save Script: Version 13.3.0.1.262 User SUJITSWAIN
9/10/2019 18:04:47 PM - Save Script: Version 13.3.0.1.262 User SUJITSWAIN
9/10/2019 18:05:44 PM - Save Script: Version 13.3.0.1.262 User SUJITSWAIN
9/10/2019 19:02:37 PM - Save Script: Version 13.3.0.1.262 User SUJITSWAIN
9/10/2019 19:30:16 PM - Save Script: Version 13.3.0.1.262 User SUJITSWAIN
9/10/2019 19:30:39 PM - Save Script: Version 13.3.0.1.262 User SUJITSWAIN
9/10/2019 19:32:47 PM - Save Script: Version 13.3.0.1.262 User SUJITSWAIN
9/10/2019 19:32:54 PM - Save Script: Version 13.3.0.1.262 User SUJITSWAIN
9/10/2019 19:35:31 PM - Save Script: Version 13.3.0.1.262 User SUJITSWAIN
9/10/2019 19:36:54 PM - Save Script: Version 13.3.0.1.262 User SUJITSWAIN
9/10/2019 19:39:58 PM - Save Script: Version 13.3.0.1.262 User SUJITSWAIN
9/10/2019 19:44:45 PM - Save Script: Version 13.3.0.1.262 User SUJITSWAIN
9/11/2019 16:26:49 PM - Upgrade Script Results: Successfully upgraded script results.
9/12/2019 13:49:09 PM - Upgrade Script Results: Successfully upgraded script results.
9/12/2019 13:58:06 PM - Save Script: Version 13.3.0.1.262 User SUJITSWAIN
9/12/2019 14:05:23 PM - Save Script: Version 13.3.0.1.262 User SUJITSWAIN
9/12/2019 14:11:44 PM - Save Script: Version 13.3.0.1.262 User SUJITSWAIN
9/12/2019 14:29:52 PM - Save Script: Version 13.3.0.1.262 User SUJITSWAIN
9/12/2019 14:29:58 PM - Launch Browser: IE version 9.11.17763.0
9/12/2019 14:34:47 PM - Save Script: Version 13.3.0.1.262 User SUJITSWAIN
3/24/2020 11:09:53 AM - Save Script: Version 13.3.0.1.262 User SUJITSWAIN
3/24/2020 11:10:11 AM - Save Script: Version 13.3.0.1.262 User SUJITSWAIN
3/24/2020 11:29:28 AM - Save Script: Version 13.3.0.1.262 User SUJITSWAIN
3/24/2020 11:41:32 AM - Save Script: Version 13.3.0.1.262 User SUJITSWAIN
3/24/2020 11:44:11 AM - Launch Browser: IE version 9.11.18362.0
3/24/2020 11:47:19 AM - Save Script: Version 13.3.0.1.262 User SUJITSWAIN
3/24/2020 12:01:44 PM - Save Script: Version 13.3.0.1.262 User SUJITSWAIN
3/24/2020 12:14:18 PM - Save Script: Version 13.3.0.1.262 User SUJITSWAIN
3/24/2020 12:27:35 PM - Launch Browser: IE version 9.11.18362.0
3/24/2020 12:28:39 PM - Save Script: Version 13.3.0.1.262 User SUJITSWAIN
3/24/2020 12:28:50 PM - Save Script: Version 13.3.0.1.262 User SUJITSWAIN
3/30/2020 13:43:23 PM - Upgrade Script Results: Successfully upgraded script results.
4/01/2020 21:19:14 PM - Upgrade Script Results: Successfully upgraded script results.