8/20/2019 00:00:27 AM - Launch Browser: IE version 9.11.17763.0
8/20/2019 00:25:38 AM - Launch Browser: IE version 9.11.17763.0
8/20/2019 00:35:29 AM - Save Script: Version 13.3.0.1.262 User SUJITSWAIN
8/20/2019 00:39:43 AM - Launch Browser: IE version 9.11.17763.0
8/20/2019 00:44:59 AM - Save Script: Version 13.3.0.1.262 User SUJITSWAIN
8/20/2019 00:46:50 AM - Save Script: Version 13.3.0.1.262 User SUJITSWAIN
8/20/2019 00:49:02 AM - Save Script: Version 13.3.0.1.262 User SUJITSWAIN
8/20/2019 00:49:13 AM - Save Script: Version 13.3.0.1.262 User SUJITSWAIN
8/20/2019 00:54:36 AM - Save Script: Version 13.3.0.1.262 User SUJITSWAIN
8/20/2019 00:55:45 AM - Save Script: Version 13.3.0.1.262 User SUJITSWAIN
8/20/2019 00:57:20 AM - Save Script: Version 13.3.0.1.262 User SUJITSWAIN
8/20/2019 00:58:16 AM - Save Script: Version 13.3.0.1.262 User SUJITSWAIN
8/20/2019 01:13:31 AM - Save Script: Version 13.3.0.1.262 User SUJITSWAIN
8/20/2019 01:22:02 AM - Save Script: Version 13.3.0.1.262 User SUJITSWAIN
8/20/2019 01:23:47 AM - Launch Browser: IE version 9.11.17763.0
8/20/2019 01:32:57 AM - Launch Browser: IE version 9.11.17763.0
8/20/2019 01:36:25 AM - Launch Browser: IE version 9.11.17763.0
8/20/2019 01:42:14 AM - Save Script: Version 13.3.0.1.262 User SUJITSWAIN
8/20/2019 01:42:22 AM - Save Script: Version 13.3.0.1.262 User SUJITSWAIN
8/20/2019 01:43:29 AM - Save Script: Version 13.3.0.1.262 User SUJITSWAIN
8/20/2019 01:43:34 AM - Launch Browser: IE version 9.11.17763.0
8/20/2019 01:47:49 AM - Save Script: Version 13.3.0.1.262 User SUJITSWAIN
8/20/2019 01:49:31 AM - Save Script: Version 13.3.0.1.262 User SUJITSWAIN
8/20/2019 01:58:16 AM - Save Script: Version 13.3.0.1.262 User SUJITSWAIN
8/20/2019 10:37:54 AM - Launch Browser: IE version 9.11.17763.0
8/20/2019 10:41:39 AM - Launch Browser: IE version 9.11.17763.0
8/20/2019 10:45:44 AM - Save Script: Version 13.3.0.1.262 User SUJITSWAIN
8/20/2019 10:46:11 AM - Save Script: Version 13.3.0.1.262 User SUJITSWAIN
8/20/2019 11:28:30 AM - Save Script: Version 13.3.0.1.262 User SUJITSWAIN
8/20/2019 11:33:30 AM - Upgrade Script Results: Successfully upgraded script results.
8/20/2019 11:43:59 AM - Save Script: Version 13.3.0.1.262 User SUJITSWAIN
8/20/2019 11:44:55 AM - Save Script: Version 13.3.0.1.262 User SUJITSWAIN
8/20/2019 11:55:56 AM - Launch Browser: IE version 9.11.17763.0
8/20/2019 12:02:52 PM - Save Script: Version 13.3.0.1.262 User SUJITSWAIN
8/20/2019 12:04:34 PM - Save Script: Version 13.3.0.1.262 User SUJITSWAIN
8/20/2019 12:06:07 PM - Save Script: Version 13.3.0.1.262 User SUJITSWAIN
8/20/2019 12:06:43 PM - Save Script: Version 13.3.0.1.262 User SUJITSWAIN
8/20/2019 12:10:10 PM - Save Script: Version 13.3.0.1.262 User SUJITSWAIN
8/20/2019 12:11:41 PM - Save Script: Version 13.3.0.1.262 User SUJITSWAIN
8/20/2019 12:12:13 PM - Save Script: Version 13.3.0.1.262 User SUJITSWAIN
8/20/2019 12:16:55 PM - Save Script: Version 13.3.0.1.262 User SUJITSWAIN
8/20/2019 12:17:28 PM - Save Script: Version 13.3.0.1.262 User SUJITSWAIN
8/20/2019 12:40:23 PM - Save Script: Version 13.3.0.1.262 User SUJITSWAIN
8/20/2019 12:40:34 PM - Save Script: Version 13.3.0.1.262 User SUJITSWAIN
8/20/2019 14:30:12 PM - Upgrade Script Results: Successfully upgraded script results.
8/20/2019 16:49:15 PM - Upgrade Script Results: Successfully upgraded script results.
9/12/2019 16:09:12 PM - Launch Browser: IE version 9.11.17763.0
9/12/2019 16:12:33 PM - Save Script: Version 13.3.0.1.262 User SUJITSWAIN
9/12/2019 16:13:59 PM - Save Script: Version 13.3.0.1.262 User SUJITSWAIN
9/12/2019 16:19:57 PM - Save Script: Version 13.3.0.1.262 User SUJITSWAIN
9/12/2019 16:21:33 PM - Save Script: Version 13.3.0.1.262 User SUJITSWAIN
9/12/2019 16:26:06 PM - Save Script: Version 13.3.0.1.262 User SUJITSWAIN
9/12/2019 16:34:06 PM - Save Script: Version 13.3.0.1.262 User SUJITSWAIN
9/12/2019 16:35:44 PM - Save Script: Version 13.3.0.1.262 User SUJITSWAIN
9/12/2019 16:36:46 PM - Save Script: Version 13.3.0.1.262 User SUJITSWAIN
9/12/2019 16:38:29 PM - Save Script: Version 13.3.0.1.262 User SUJITSWAIN
9/12/2019 16:39:35 PM - Save Script: Version 13.3.0.1.262 User SUJITSWAIN
9/12/2019 16:40:34 PM - Save Script: Version 13.3.0.1.262 User SUJITSWAIN
3/30/2020 18:00:56 PM - Save Script: Version 13.3.0.1.262 User SUJITSWAIN
4/13/2020 17:13:09 PM - Upgrade Script Results: Successfully upgraded script results.
4/27/2020 12:15:59 PM - Upgrade Script Results: Successfully upgraded script results.
4/30/2020 11:36:38 AM - Upgrade Script Results: Successfully upgraded script results.