8/01/2020 20:15:47 PM - Save Script: Version 13.3.0.1.262 User SUJITSWAIN
8/01/2020 20:17:39 PM - Save Script: Version 13.3.0.1.262 User SUJITSWAIN
8/01/2020 20:19:49 PM - Save Script: Version 13.3.0.1.262 User SUJITSWAIN
8/01/2020 21:12:18 PM - Launch Browser: IE version 9.11.18362.0
8/01/2020 21:15:23 PM - Save Script: Version 13.3.0.1.262 User SUJITSWAIN
8/01/2020 21:16:38 PM - Save Script: Version 13.3.0.1.262 User SUJITSWAIN
8/01/2020 21:17:44 PM - Save Script: Version 13.3.0.1.262 User SUJITSWAIN
8/01/2020 21:19:06 PM - Save Script: Version 13.3.0.1.262 User SUJITSWAIN
8/01/2020 21:37:00 PM - Save Script: Version 13.3.0.1.262 User SUJITSWAIN
8/01/2020 22:02:59 PM - Save Script: Version 13.3.0.1.262 User SUJITSWAIN
8/01/2020 23:45:41 PM - Save Script: Version 13.3.0.1.262 User SUJITSWAIN
8/01/2020 23:46:54 PM - Save Script: Version 13.3.0.1.262 User SUJITSWAIN
8/01/2020 23:59:32 PM - Save Script: Version 13.3.0.1.262 User SUJITSWAIN
8/01/2020 23:59:44 PM - Save Script: Version 13.3.0.1.262 User SUJITSWAIN
8/02/2020 00:46:07 AM - Save Script: Version 13.3.0.1.262 User SUJITSWAIN
8/02/2020 09:19:20 AM - Save Script: Version 13.3.0.1.262 User SUJITSWAIN
8/02/2020 09:23:51 AM - Save Script: Version 13.3.0.1.262 User SUJITSWAIN
8/02/2020 09:27:45 AM - Save Script: Version 13.3.0.1.262 User SUJITSWAIN
8/02/2020 09:27:52 AM - Save Script: Version 13.3.0.1.262 User SUJITSWAIN
8/02/2020 09:30:24 AM - Launch Browser: IE version 9.11.18362.0
8/02/2020 09:31:34 AM - Save Script: Version 13.3.0.1.262 User SUJITSWAIN
8/02/2020 09:36:27 AM - Save Script: Version 13.3.0.1.262 User SUJITSWAIN
8/02/2020 09:38:57 AM - Save Script: Version 13.3.0.1.262 User SUJITSWAIN
8/02/2020 09:43:15 AM - Save Script: Version 13.3.0.1.262 User SUJITSWAIN
8/02/2020 09:45:35 AM - Save Script: Version 13.3.0.1.262 User SUJITSWAIN
8/02/2020 09:47:14 AM - Save Script: Version 13.3.0.1.262 User SUJITSWAIN
8/02/2020 09:49:41 AM - Save Script: Version 13.3.0.1.262 User SUJITSWAIN
8/02/2020 09:51:46 AM - Launch Browser: IE version 9.11.18362.0
8/02/2020 09:53:53 AM - Save Script: Version 13.3.0.1.262 User SUJITSWAIN
8/02/2020 09:59:39 AM - Save Script: Version 13.3.0.1.262 User SUJITSWAIN
8/02/2020 10:29:04 AM - Save Script: Version 13.3.0.1.262 User SUJITSWAIN
8/02/2020 10:31:29 AM - Save Script: Version 13.3.0.1.262 User SUJITSWAIN
8/02/2020 10:35:27 AM - Launch Browser: IE version 9.11.18362.0
8/02/2020 10:36:36 AM - Save Script: Version 13.3.0.1.262 User SUJITSWAIN
8/02/2020 10:36:51 AM - Save Script: Version 13.3.0.1.262 User SUJITSWAIN
8/02/2020 11:13:21 AM - Save Script: Version 13.3.0.1.262 User SUJITSWAIN
8/02/2020 11:14:54 AM - Save Script: Version 13.3.0.1.262 User SUJITSWAIN
8/02/2020 11:15:27 AM - Save Script: Version 13.3.0.1.262 User SUJITSWAIN
8/02/2020 11:19:08 AM - Save Script: Version 13.3.0.1.262 User SUJITSWAIN
8/02/2020 12:08:10 PM - Launch Browser: IE version 9.11.18362.0
8/02/2020 12:09:47 PM - Save Script: Version 13.3.0.1.262 User SUJITSWAIN
8/02/2020 12:10:40 PM - Save Script: Version 13.3.0.1.262 User SUJITSWAIN
8/02/2020 12:11:49 PM - Save Script: Version 13.3.0.1.262 User SUJITSWAIN
8/02/2020 12:19:37 PM - Save Script: Version 13.3.0.1.262 User SUJITSWAIN
8/02/2020 12:21:15 PM - Save Script: Version 13.3.0.1.262 User SUJITSWAIN
8/02/2020 12:21:22 PM - Save Script: Version 13.3.0.1.262 User SUJITSWAIN
8/02/2020 12:24:26 PM - Save Script: Version 13.3.0.1.262 User SUJITSWAIN
8/02/2020 12:29:26 PM - Save Script: Version 13.3.0.1.262 User SUJITSWAIN
8/02/2020 12:30:15 PM - Save Script: Version 13.3.0.1.262 User SUJITSWAIN
8/02/2020 12:30:49 PM - Save Script: Version 13.3.0.1.262 User SUJITSWAIN
8/02/2020 12:31:48 PM - Save Script: Version 13.3.0.1.262 User SUJITSWAIN
8/02/2020 12:33:25 PM - Save Script: Version 13.3.0.1.262 User SUJITSWAIN
8/02/2020 12:36:53 PM - Save Script: Version 13.3.0.1.262 User SUJITSWAIN
8/02/2020 12:40:01 PM - Save Script: Version 13.3.0.1.262 User SUJITSWAIN
8/02/2020 12:41:34 PM - Save Script: Version 13.3.0.1.262 User SUJITSWAIN
8/02/2020 12:41:42 PM - Save Script: Version 13.3.0.1.262 User SUJITSWAIN
8/02/2020 17:51:29 PM - Save Script: Version 13.3.0.1.262 User SUJITSWAIN
8/02/2020 18:05:13 PM - Save Script: Version 13.3.0.1.262 User SUJITSWAIN
8/02/2020 18:06:04 PM - Save Script: Version 13.3.0.1.262 User SUJITSWAIN
8/02/2020 18:07:08 PM - Save Script: Version 13.3.0.1.262 User SUJITSWAIN
8/02/2020 18:14:09 PM - Save Script: Version 13.3.0.1.262 User SUJITSWAIN
8/02/2020 18:14:23 PM - Save Script: Version 13.3.0.1.262 User SUJITSWAIN
8/02/2020 18:16:10 PM - Launch Browser: IE version 9.11.18362.0
8/02/2020 18:23:14 PM - Save Script: Version 13.3.0.1.262 User SUJITSWAIN
8/02/2020 18:25:58 PM - Save Script: Version 13.3.0.1.262 User SUJITSWAIN
8/02/2020 18:31:30 PM - Save Script: Version 13.3.0.1.262 User SUJITSWAIN
8/02/2020 18:51:23 PM - Upgrade Script Results: Successfully upgraded script results.
8/02/2020 18:55:21 PM - Launch Browser: IE version 9.11.18362.0
8/02/2020 19:00:05 PM - Save Script: Version 13.3.0.1.262 User SUJITSWAIN
8/02/2020 19:00:22 PM - Save Script: Version 13.3.0.1.262 User SUJITSWAIN
8/02/2020 19:07:44 PM - Save Script: Version 13.3.0.1.262 User SUJITSWAIN
8/02/2020 19:19:41 PM - Save Script: Version 13.3.0.1.262 User SUJITSWAIN
8/02/2020 19:20:54 PM - Save Script: Version 13.3.0.1.262 User SUJITSWAIN
8/02/2020 19:23:50 PM - Save Script: Version 13.3.0.1.262 User SUJITSWAIN
8/02/2020 19:29:44 PM - Save Script: Version 13.3.0.1.262 User SUJITSWAIN
8/02/2020 19:30:25 PM - Save Script: Version 13.3.0.1.262 User SUJITSWAIN
8/02/2020 19:36:06 PM - Save Script: Version 13.3.0.1.262 User SUJITSWAIN
8/02/2020 19:36:50 PM - Save Script: Version 13.3.0.1.262 User SUJITSWAIN
8/02/2020 19:37:52 PM - Save Script: Version 13.3.0.1.262 User SUJITSWAIN
8/02/2020 19:39:11 PM - Save Script: Version 13.3.0.1.262 User SUJITSWAIN
8/02/2020 19:39:53 PM - Save Script: Version 13.3.0.1.262 User SUJITSWAIN
8/02/2020 19:53:02 PM - Save Script: Version 13.3.0.1.262 User SUJITSWAIN
8/02/2020 19:54:06 PM - Save Script: Version 13.3.0.1.262 User SUJITSWAIN
8/02/2020 19:56:01 PM - Save Script: Version 13.3.0.1.262 User SUJITSWAIN
8/02/2020 20:00:26 PM - Save Script: Version 13.3.0.1.262 User SUJITSWAIN
8/02/2020 20:03:20 PM - Save Script: Version 13.3.0.1.262 User SUJITSWAIN