7/16/2020 16:53:53 PM - Save Script: Version 13.3.0.1.262 User SUJITSWAIN
7/16/2020 16:55:03 PM - Launch Browser: IE version 9.11.18362.0
7/16/2020 17:05:48 PM - Launch Browser: IE version 9.11.18362.0
7/16/2020 17:10:52 PM - Save Script: Version 13.3.0.1.262 User SUJITSWAIN
7/16/2020 17:11:21 PM - Save Script: Version 13.3.0.1.262 User SUJITSWAIN
7/16/2020 17:15:25 PM - Save Script: Version 13.3.0.1.262 User SUJITSWAIN
7/16/2020 17:19:27 PM - Save Script: Version 13.3.0.1.262 User SUJITSWAIN
7/16/2020 17:32:02 PM - Save Script: Version 13.3.0.1.262 User SUJITSWAIN
7/16/2020 19:10:51 PM - Save Script: Version 13.3.0.1.262 User SUJITSWAIN
7/16/2020 19:15:43 PM - Save Script: Version 13.3.0.1.262 User SUJITSWAIN
7/16/2020 19:43:11 PM - Save Script: Version 13.3.0.1.262 User SUJITSWAIN
7/16/2020 19:43:34 PM - Save Script: Version 13.3.0.1.262 User SUJITSWAIN
7/16/2020 19:44:05 PM - Save Script: Version 13.3.0.1.262 User SUJITSWAIN
7/16/2020 19:46:09 PM - Save Script: Version 13.3.0.1.262 User SUJITSWAIN
7/16/2020 19:48:52 PM - Save Script: Version 13.3.0.1.262 User SUJITSWAIN
7/16/2020 19:49:18 PM - Save Script: Version 13.3.0.1.262 User SUJITSWAIN
7/16/2020 19:49:40 PM - Save Script: Version 13.3.0.1.262 User SUJITSWAIN
7/16/2020 19:52:26 PM - Save Script: Version 13.3.0.1.262 User SUJITSWAIN
7/16/2020 19:53:57 PM - Save Script: Version 13.3.0.1.262 User SUJITSWAIN
7/16/2020 19:58:32 PM - Save Script: Version 13.3.0.1.262 User SUJITSWAIN
7/16/2020 20:00:53 PM - Save Script: Version 13.3.0.1.262 User SUJITSWAIN
7/16/2020 20:04:06 PM - Save Script: Version 13.3.0.1.262 User SUJITSWAIN
7/16/2020 21:54:57 PM - Save Script: Version 13.3.0.1.262 User SUJITSWAIN
7/16/2020 21:58:07 PM - Save Script: Version 13.3.0.1.262 User SUJITSWAIN
7/16/2020 21:59:19 PM - Save Script: Version 13.3.0.1.262 User SUJITSWAIN
7/16/2020 22:01:22 PM - Save Script: Version 13.3.0.1.262 User SUJITSWAIN
7/16/2020 22:42:54 PM - Save Script: Version 13.3.0.1.262 User SUJITSWAIN
7/16/2020 23:05:12 PM - Save Script: Version 13.3.0.1.262 User SUJITSWAIN
7/16/2020 23:06:44 PM - Launch Browser: IE version 9.11.18362.0
7/16/2020 23:07:19 PM - Save Script: Version 13.3.0.1.262 User SUJITSWAIN
7/16/2020 23:08:41 PM - Save Script: Version 13.3.0.1.262 User SUJITSWAIN
7/16/2020 23:11:10 PM - Save Script: Version 13.3.0.1.262 User SUJITSWAIN
7/16/2020 23:18:08 PM - Save Script: Version 13.3.0.1.262 User SUJITSWAIN
7/16/2020 23:22:20 PM - Save Script: Version 13.3.0.1.262 User SUJITSWAIN
7/17/2020 17:56:00 PM - Launch Browser: IE version 9.11.18362.0
7/17/2020 18:02:51 PM - Save Script: Version 13.3.0.1.262 User SUJITSWAIN
7/17/2020 18:11:19 PM - Save Script: Version 13.3.0.1.262 User SUJITSWAIN
7/17/2020 18:15:06 PM - Launch Browser: IE version 9.11.18362.0
7/17/2020 18:26:23 PM - Save Script: Version 13.3.0.1.262 User SUJITSWAIN
7/17/2020 18:31:34 PM - Save Script: Version 13.3.0.1.262 User SUJITSWAIN
7/17/2020 18:32:12 PM - Save Script: Version 13.3.0.1.262 User SUJITSWAIN
7/17/2020 18:33:09 PM - Save Script: Version 13.3.0.1.262 User SUJITSWAIN
7/17/2020 18:33:17 PM - Save Script: Version 13.3.0.1.262 User SUJITSWAIN
7/17/2020 18:34:44 PM - Save Script: Version 13.3.0.1.262 User SUJITSWAIN
7/17/2020 18:37:13 PM - Save Script: Version 13.3.0.1.262 User SUJITSWAIN
7/17/2020 18:37:19 PM - Launch Browser: IE version 9.11.18362.0
7/17/2020 18:39:12 PM - Save Script: Version 13.3.0.1.262 User SUJITSWAIN
7/17/2020 18:40:14 PM - Save Script: Version 13.3.0.1.262 User SUJITSWAIN
7/17/2020 18:49:14 PM - Save Script: Version 13.3.0.1.262 User SUJITSWAIN
7/17/2020 18:56:23 PM - Save Script: Version 13.3.0.1.262 User SUJITSWAIN
7/17/2020 18:56:51 PM - Save Script: Version 13.3.0.1.262 User SUJITSWAIN
7/17/2020 19:02:54 PM - Save Script: Version 13.3.0.1.262 User SUJITSWAIN
7/17/2020 19:03:11 PM - Save Script: Version 13.3.0.1.262 User SUJITSWAIN
7/17/2020 19:06:06 PM - Save Script: Version 13.3.0.1.262 User SUJITSWAIN
7/17/2020 19:09:16 PM - Save Script: Version 13.3.0.1.262 User SUJITSWAIN
7/17/2020 19:10:31 PM - Save Script: Version 13.3.0.1.262 User SUJITSWAIN
7/17/2020 19:10:53 PM - Save Script: Version 13.3.0.1.262 User SUJITSWAIN
7/17/2020 19:13:25 PM - Save Script: Version 13.3.0.1.262 User SUJITSWAIN
7/17/2020 19:13:30 PM - Save Script: Version 13.3.0.1.262 User SUJITSWAIN
7/17/2020 19:15:41 PM - Save Script: Version 13.3.0.1.262 User SUJITSWAIN
7/17/2020 19:18:56 PM - Save Script: Version 13.3.0.1.262 User SUJITSWAIN
7/17/2020 19:24:46 PM - Save Script: Version 13.3.0.1.262 User SUJITSWAIN
7/18/2020 00:01:05 AM - Save Script: Version 13.3.0.1.262 User SUJITSWAIN
7/18/2020 00:02:18 AM - Save Script: Version 13.3.0.1.262 User SUJITSWAIN
7/18/2020 00:04:19 AM - Save Script: Version 13.3.0.1.262 User SUJITSWAIN
7/18/2020 00:05:42 AM - Save Script: Version 13.3.0.1.262 User SUJITSWAIN
7/18/2020 00:06:46 AM - Save Script: Version 13.3.0.1.262 User SUJITSWAIN
7/18/2020 00:27:31 AM - Save Script: Version 13.3.0.1.262 User SUJITSWAIN
7/18/2020 08:59:18 AM - Save Script: Version 13.3.0.1.262 User SUJITSWAIN
7/18/2020 08:59:45 AM - Save Script: Version 13.3.0.1.262 User SUJITSWAIN
7/18/2020 09:02:23 AM - Save Script: Version 13.3.0.1.262 User SUJITSWAIN
7/18/2020 09:03:19 AM - Save Script: Version 13.3.0.1.262 User SUJITSWAIN
7/18/2020 09:05:36 AM - Save Script: Version 13.3.0.1.262 User SUJITSWAIN
7/18/2020 09:06:07 AM - Launch Browser: IE version 9.11.18362.0
7/18/2020 09:12:27 AM - Save Script: Version 13.3.0.1.262 User SUJITSWAIN
7/18/2020 09:20:10 AM - Save Script: Version 13.3.0.1.262 User SUJITSWAIN
7/18/2020 09:20:45 AM - Save Script: Version 13.3.0.1.262 User SUJITSWAIN
7/18/2020 09:21:43 AM - Save Script: Version 13.3.0.1.262 User SUJITSWAIN
7/18/2020 09:24:31 AM - Save Script: Version 13.3.0.1.262 User SUJITSWAIN
7/18/2020 09:26:21 AM - Save Script: Version 13.3.0.1.262 User SUJITSWAIN
7/18/2020 09:26:30 AM - Save Script: Version 13.3.0.1.262 User SUJITSWAIN
7/18/2020 09:28:44 AM - Save Script: Version 13.3.0.1.262 User SUJITSWAIN
7/18/2020 09:32:46 AM - Save Script: Version 13.3.0.1.262 User SUJITSWAIN
7/18/2020 09:32:58 AM - Save Script: Version 13.3.0.1.262 User SUJITSWAIN
7/18/2020 09:35:23 AM - Save Script: Version 13.3.0.1.262 User SUJITSWAIN
7/18/2020 09:42:06 AM - Launch Browser: IE version 9.11.18362.0
7/18/2020 09:44:19 AM - Save Script: Version 13.3.0.1.262 User SUJITSWAIN
7/18/2020 09:44:48 AM - Save Script: Version 13.3.0.1.262 User SUJITSWAIN
7/18/2020 09:45:10 AM - Save Script: Version 13.3.0.1.262 User SUJITSWAIN
7/18/2020 09:47:08 AM - Save Script: Version 13.3.0.1.262 User SUJITSWAIN
7/18/2020 09:48:17 AM - Save Script: Version 13.3.0.1.262 User SUJITSWAIN
7/18/2020 09:48:50 AM - Upgrade Script Results: Successfully upgraded script results.
7/18/2020 09:50:08 AM - Save Script: Version 13.3.0.1.262 User SUJITSWAIN
7/18/2020 09:50:27 AM - Save Script: Version 13.3.0.1.262 User SUJITSWAIN
7/18/2020 09:52:52 AM - Save Script: Version 13.3.0.1.262 User SUJITSWAIN
7/18/2020 09:53:13 AM - Save Script: Version 13.3.0.1.262 User SUJITSWAIN
7/18/2020 09:54:56 AM - Save Script: Version 13.3.0.1.262 User SUJITSWAIN
7/18/2020 09:55:20 AM - Save Script: Version 13.3.0.1.262 User SUJITSWAIN
7/18/2020 09:58:28 AM - Save Script: Version 13.3.0.1.262 User SUJITSWAIN
7/18/2020 10:00:27 AM - Launch Browser: IE version 9.11.18362.0
7/18/2020 10:01:39 AM - Save Script: Version 13.3.0.1.262 User SUJITSWAIN
7/18/2020 10:02:46 AM - Save Script: Version 13.3.0.1.262 User SUJITSWAIN
7/18/2020 10:09:57 AM - Save Script: Version 13.3.0.1.262 User SUJITSWAIN
7/18/2020 10:11:59 AM - Save Script: Version 13.3.0.1.262 User SUJITSWAIN
7/18/2020 10:14:28 AM - Save Script: Version 13.3.0.1.262 User SUJITSWAIN
7/19/2020 17:04:17 PM - Upgrade Script Results: Successfully upgraded script results.
7/20/2020 20:19:11 PM - Upgrade Script Results: Successfully upgraded script results.