11/22/2020 13:36:09 PM - Save Script: Version 13.3.0.1.262 User SUJITSWAIN
11/22/2020 13:44:56 PM - Save Script: Version 13.3.0.1.262 User SUJITSWAIN
11/22/2020 13:45:49 PM - Save Script: Version 13.3.0.1.262 User SUJITSWAIN
11/22/2020 14:24:11 PM - Save Script: Version 13.3.0.1.262 User SUJITSWAIN
11/22/2020 14:28:28 PM - Launch Browser: Chrome version null
11/22/2020 14:29:05 PM - Save Script: Version 13.3.0.1.262 User SUJITSWAIN
11/22/2020 14:29:35 PM - Save Script: Version 13.3.0.1.262 User SUJITSWAIN
11/22/2020 14:30:34 PM - Save Script: Version 13.3.0.1.262 User SUJITSWAIN
11/22/2020 14:31:48 PM - Save Script: Version 13.3.0.1.262 User SUJITSWAIN
11/22/2020 14:38:04 PM - Save Script: Version 13.3.0.1.262 User SUJITSWAIN
11/22/2020 14:46:52 PM - Save Script: Version 13.3.0.1.262 User SUJITSWAIN
11/22/2020 14:57:05 PM - Save Script: Version 13.3.0.1.262 User SUJITSWAIN
11/22/2020 15:10:48 PM - Save Script: Version 13.3.0.1.262 User SUJITSWAIN
11/22/2020 15:19:15 PM - Launch Browser: Chrome version null
11/22/2020 15:48:57 PM - Save Script: Version 13.3.0.1.262 User SUJITSWAIN
11/22/2020 15:56:19 PM - Save Script: Version 13.3.0.1.262 User SUJITSWAIN
11/23/2020 10:47:31 AM - Upgrade Script Results: Successfully upgraded script results.
11/23/2020 14:34:02 PM - Upgrade Script Results: Successfully upgraded script results.
11/28/2020 13:25:10 PM - Save Script: Version 13.3.0.1.262 User SUJITSWAIN
11/28/2020 13:28:57 PM - Save Script: Version 13.3.0.1.262 User SUJITSWAIN
11/29/2020 09:53:42 AM - Upgrade Script Results: Successfully upgraded script results.
11/29/2020 09:56:31 AM - Save Script: Version 13.3.0.1.262 User SUJITSWAIN
11/29/2020 10:07:02 AM - Save Script: Version 13.3.0.1.262 User SUJITSWAIN
11/29/2020 10:10:00 AM - Save Script: Version 13.3.0.1.262 User SUJITSWAIN
11/29/2020 10:11:55 AM - Save Script: Version 13.3.0.1.262 User SUJITSWAIN
11/29/2020 10:12:40 AM - Save Script: Version 13.3.0.1.262 User SUJITSWAIN
11/29/2020 10:16:37 AM - Save Script: Version 13.3.0.1.262 User SUJITSWAIN
11/29/2020 10:17:22 AM - Launch Browser: Chrome version null
11/29/2020 10:20:47 AM - Save Script: Version 13.3.0.1.262 User SUJITSWAIN
11/29/2020 16:53:25 PM - Upgrade Script Results: Successfully upgraded script results.
11/30/2020 14:26:47 PM - Upgrade Script Results: Successfully upgraded script results.
12/01/2020 21:41:04 PM - Upgrade Script Results: Successfully upgraded script results.
12/02/2020 18:52:46 PM - Upgrade Script Results: Successfully upgraded script results.
12/03/2020 13:10:58 PM - Upgrade Script Results: Successfully upgraded script results.
12/03/2020 13:50:31 PM - Upgrade Script Results: Successfully upgraded script results.
12/03/2020 18:58:43 PM - Upgrade Script Results: Successfully upgraded script results.
12/06/2020 10:08:47 AM - Upgrade Script Results: Successfully upgraded script results.