8/18/2019 20:22:52 PM - Launch Browser: IE version 9.11.17763.0
8/18/2019 20:23:29 PM - Save Script: Version 13.3.0.1.262 User SUJITSWAIN
8/18/2019 20:32:05 PM - Save Script: Version 13.3.0.1.262 User SUJITSWAIN
8/18/2019 20:33:04 PM - Save Script: Version 13.3.0.1.262 User SUJITSWAIN
8/18/2019 23:32:18 PM - Launch Browser: IE version 9.11.17763.0
8/18/2019 23:42:06 PM - Save Script: Version 13.3.0.1.262 User SUJITSWAIN
8/18/2019 23:43:51 PM - Save Script: Version 13.3.0.1.262 User SUJITSWAIN
8/18/2019 23:44:02 PM - Save Script: Version 13.3.0.1.262 User SUJITSWAIN
8/18/2019 23:50:17 PM - Save Script: Version 13.3.0.1.262 User SUJITSWAIN
8/18/2019 23:57:52 PM - Save Script: Version 13.3.0.1.262 User SUJITSWAIN
8/18/2019 23:58:27 PM - Launch Browser: IE version 9.11.17763.0
8/19/2019 00:01:52 AM - Save Script: Version 13.3.0.1.262 User SUJITSWAIN
8/19/2019 00:25:07 AM - Save Script: Version 13.3.0.1.262 User SUJITSWAIN
8/19/2019 00:25:54 AM - Launch Browser: IE version 9.11.17763.0
8/19/2019 00:30:33 AM - Launch Browser: IE version 9.11.17763.0
8/19/2019 00:34:38 AM - Save Script: Version 13.3.0.1.262 User SUJITSWAIN
8/19/2019 00:35:16 AM - Save Script: Version 13.3.0.1.262 User SUJITSWAIN
8/19/2019 00:40:16 AM - Save Script: Version 13.3.0.1.262 User SUJITSWAIN
8/19/2019 00:42:21 AM - Save Script: Version 13.3.0.1.262 User SUJITSWAIN
8/19/2019 00:51:27 AM - Save Script: Version 13.3.0.1.262 User SUJITSWAIN
8/19/2019 00:54:59 AM - Save Script: Version 13.3.0.1.262 User SUJITSWAIN
8/19/2019 00:55:38 AM - Save Script: Version 13.3.0.1.262 User SUJITSWAIN
8/19/2019 00:57:41 AM - Save Script: Version 13.3.0.1.262 User SUJITSWAIN
8/19/2019 01:09:48 AM - Save Script: Version 13.3.0.1.262 User SUJITSWAIN
8/19/2019 01:25:49 AM - Save Script: Version 13.3.0.1.262 User SUJITSWAIN
8/19/2019 01:26:20 AM - Save Script: Version 13.3.0.1.262 User SUJITSWAIN
8/19/2019 01:26:23 AM - Save Script: Version 13.3.0.1.262 User SUJITSWAIN
8/19/2019 11:32:50 AM - Save Script: Version 13.3.0.1.262 User SUJITSWAIN
8/19/2019 11:35:35 AM - Save Script: Version 13.3.0.1.262 User SUJITSWAIN
8/19/2019 11:38:22 AM - Save Script: Version 13.3.0.1.262 User SUJITSWAIN
8/19/2019 11:42:09 AM - Save Script: Version 13.3.0.1.262 User SUJITSWAIN
8/19/2019 11:42:46 AM - Save Script: Version 13.3.0.1.262 User SUJITSWAIN
8/19/2019 11:45:48 AM - Upgrade Script Results: Successfully upgraded script results.
8/19/2019 12:30:15 PM - Save Script: Version 13.3.0.1.262 User SUJITSWAIN
8/19/2019 12:33:30 PM - Save Script: Version 13.3.0.1.262 User SUJITSWAIN
8/19/2019 13:00:36 PM - Save Script: Version 13.3.0.1.262 User SUJITSWAIN
8/19/2019 14:13:42 PM - Upgrade Script Results: Successfully upgraded script results.