8/13/2019 15:20:37 PM - Launch Browser: IE version 9.11.17763.0
8/13/2019 15:32:40 PM - Save Script: Version 13.3.0.1.262 User SUJITSWAIN
8/13/2019 16:53:43 PM - Launch Browser: IE version 9.11.17763.0
8/13/2019 17:03:24 PM - Save Script: Version 13.3.0.1.262 User SUJITSWAIN
8/13/2019 17:05:02 PM - Save Script: Version 13.3.0.1.262 User SUJITSWAIN
8/13/2019 17:08:56 PM - Save Script: Version 13.3.0.1.262 User SUJITSWAIN
8/13/2019 17:12:59 PM - Save Script: Version 13.3.0.1.262 User SUJITSWAIN
8/13/2019 17:13:33 PM - Save Script: Version 13.3.0.1.262 User SUJITSWAIN
8/13/2019 17:14:39 PM - Save Script: Version 13.3.0.1.262 User SUJITSWAIN
8/13/2019 17:16:03 PM - Save Script: Version 13.3.0.1.262 User SUJITSWAIN
8/13/2019 17:18:10 PM - Save Script: Version 13.3.0.1.262 User SUJITSWAIN
8/13/2019 17:19:17 PM - Save Script: Version 13.3.0.1.262 User SUJITSWAIN
8/13/2019 17:24:54 PM - Save Script: Version 13.3.0.1.262 User SUJITSWAIN
8/13/2019 17:26:06 PM - Save Script: Version 13.3.0.1.262 User SUJITSWAIN
8/13/2019 17:34:18 PM - Save Script: Version 13.3.0.1.262 User SUJITSWAIN
8/13/2019 17:35:55 PM - Save Script: Version 13.3.0.1.262 User SUJITSWAIN
8/13/2019 17:39:52 PM - Save Script: Version 13.3.0.1.262 User SUJITSWAIN
8/13/2019 18:28:28 PM - Save Script: Version 13.3.0.1.262 User SUJITSWAIN
8/13/2019 18:45:31 PM - Save Script: Version 13.3.0.1.262 User SUJITSWAIN
8/13/2019 18:51:02 PM - Save Script: Version 13.3.0.1.262 User SUJITSWAIN
8/13/2019 18:51:38 PM - Save Script: Version 13.3.0.1.262 User SUJITSWAIN
8/13/2019 18:51:53 PM - Save Script: Version 13.3.0.1.262 User SUJITSWAIN
8/13/2019 18:51:57 PM - Save Script: Version 13.3.0.1.262 User SUJITSWAIN
8/13/2019 18:53:24 PM - Save Script: Version 13.3.0.1.262 User SUJITSWAIN
8/13/2019 19:01:26 PM - Save Script: Version 13.3.0.1.262 User SUJITSWAIN
8/13/2019 19:03:10 PM - Save Script: Version 13.3.0.1.262 User SUJITSWAIN
8/13/2019 19:04:50 PM - Save Script: Version 13.3.0.1.262 User SUJITSWAIN
8/13/2019 19:05:35 PM - Save Script: Version 13.3.0.1.262 User SUJITSWAIN
8/13/2019 19:08:49 PM - Save Script: Version 13.3.0.1.262 User SUJITSWAIN
8/13/2019 19:08:57 PM - Save Script: Version 13.3.0.1.262 User SUJITSWAIN
8/13/2019 19:14:13 PM - Save Script: Version 13.3.0.1.262 User SUJITSWAIN
8/13/2019 19:15:37 PM - Save Script: Version 13.3.0.1.262 User SUJITSWAIN
8/13/2019 19:15:53 PM - Save Script: Version 13.3.0.1.262 User SUJITSWAIN
8/13/2019 19:21:52 PM - Save Script: Version 13.3.0.1.262 User SUJITSWAIN
8/13/2019 19:26:35 PM - Save Script: Version 13.3.0.1.262 User SUJITSWAIN
8/14/2019 13:59:13 PM - Upgrade Script Results: Successfully upgraded script results.
8/14/2019 14:17:10 PM - Save Script: Version 13.3.0.1.262 User SUJITSWAIN
8/14/2019 14:19:17 PM - Save Script: Version 13.3.0.1.262 User SUJITSWAIN
8/14/2019 14:20:44 PM - Save Script: Version 13.3.0.1.262 User SUJITSWAIN
8/14/2019 14:27:34 PM - Save Script: Version 13.3.0.1.262 User SUJITSWAIN
8/14/2019 14:28:40 PM - Save Script: Version 13.3.0.1.262 User SUJITSWAIN
8/14/2019 14:29:12 PM - Save Script: Version 13.3.0.1.262 User SUJITSWAIN
8/14/2019 14:40:23 PM - Save Script: Version 13.3.0.1.262 User SUJITSWAIN
8/14/2019 14:40:28 PM - Launch Browser: IE version 9.11.17763.0
8/14/2019 14:53:44 PM - Save Script: Version 13.3.0.1.262 User SUJITSWAIN
8/14/2019 14:54:04 PM - Save Script: Version 13.3.0.1.262 User SUJITSWAIN
8/14/2019 14:54:29 PM - Save Script: Version 13.3.0.1.262 User SUJITSWAIN
8/14/2019 15:01:45 PM - Save Script: Version 13.3.0.1.262 User SUJITSWAIN
8/14/2019 15:05:01 PM - Save Script: Version 13.3.0.1.262 User SUJITSWAIN
8/14/2019 15:07:21 PM - Save Script: Version 13.3.0.1.262 User SUJITSWAIN
8/14/2019 15:07:28 PM - Launch Browser: IE version 9.11.17763.0
8/14/2019 15:10:09 PM - Save Script: Version 13.3.0.1.262 User SUJITSWAIN
8/14/2019 15:10:31 PM - Save Script: Version 13.3.0.1.262 User SUJITSWAIN
8/14/2019 15:20:17 PM - Save Script: Version 13.3.0.1.262 User SUJITSWAIN
8/14/2019 15:20:19 PM - Save Script: Version 13.3.0.1.262 User SUJITSWAIN
8/14/2019 15:21:17 PM - Save Script: Version 13.3.0.1.262 User SUJITSWAIN
8/14/2019 15:24:54 PM - Save Script: Version 13.3.0.1.262 User SUJITSWAIN
8/14/2019 15:25:14 PM - Save Script: Version 13.3.0.1.262 User SUJITSWAIN
8/14/2019 15:25:18 PM - Save Script: Version 13.3.0.1.262 User SUJITSWAIN
8/14/2019 15:26:38 PM - Save Script: Version 13.3.0.1.262 User SUJITSWAIN
8/14/2019 15:27:44 PM - Save Script: Version 13.3.0.1.262 User SUJITSWAIN
8/14/2019 15:41:56 PM - Save Script: Version 13.3.0.1.262 User SUJITSWAIN
8/14/2019 15:45:22 PM - Upgrade Script Results: Successfully upgraded script results.
8/14/2019 15:50:16 PM - Upgrade Script Results: Successfully upgraded script results.
8/14/2019 16:23:00 PM - Save Script: Version 13.3.0.1.262 User SUJITSWAIN
8/14/2019 16:23:26 PM - Save Script: Version 13.3.0.1.262 User SUJITSWAIN
8/14/2019 17:28:03 PM - Save Script: Version 13.3.0.1.262 User SUJITSWAIN
8/14/2019 17:29:27 PM - Save Script: Version 13.3.0.1.262 User SUJITSWAIN
8/14/2019 17:32:32 PM - Save Script: Version 13.3.0.1.262 User SUJITSWAIN
8/14/2019 17:41:05 PM - Save Script: Version 13.3.0.1.262 User SUJITSWAIN
8/14/2019 17:41:59 PM - Save Script: Version 13.3.0.1.262 User SUJITSWAIN
8/14/2019 17:54:15 PM - Save Script: Version 13.3.0.1.262 User SUJITSWAIN
8/15/2019 01:02:06 AM - Save Script: Version 13.3.0.1.262 User SUJITSWAIN
8/15/2019 10:49:40 AM - Upgrade Script Results: Successfully upgraded script results.
8/15/2019 10:53:20 AM - Save Script: Version 13.3.0.1.262 User SUJITSWAIN
8/15/2019 10:56:54 AM - Save Script: Version 13.3.0.1.262 User SUJITSWAIN
8/15/2019 11:00:38 AM - Save Script: Version 13.3.0.1.262 User SUJITSWAIN
8/15/2019 11:10:24 AM - Save Script: Version 13.3.0.1.262 User SUJITSWAIN
8/15/2019 11:14:11 AM - Save Script: Version 13.3.0.1.262 User SUJITSWAIN
8/15/2019 11:14:31 AM - Save Script: Version 13.3.0.1.262 User SUJITSWAIN
8/16/2019 21:58:39 PM - Upgrade Script Results: Successfully upgraded script results.