7/31/2019 17:45:28 PM - Launch Browser: IE version 9.11.17763.0
7/31/2019 17:57:14 PM - Launch Browser: IE version 9.11.17763.0
7/31/2019 18:00:19 PM - Save Script: Version 13.3.0.1.262 User SUJITSWAIN
7/31/2019 18:00:25 PM - Launch Browser: IE version 9.11.17763.0
7/31/2019 18:07:31 PM - Save Script: Version 13.3.0.1.262 User SUJITSWAIN
7/31/2019 18:07:40 PM - Launch Browser: IE version 9.11.17763.0
7/31/2019 18:11:23 PM - Launch Browser: IE version 9.11.17763.0
7/31/2019 18:19:37 PM - Launch Browser: IE version 9.11.17763.0
7/31/2019 18:26:24 PM - Launch Browser: IE version 9.11.17763.0
7/31/2019 18:46:46 PM - Launch Browser: FF version 48.0.2
7/31/2019 18:49:01 PM - Launch Browser: FF version 48.0.2
7/31/2019 18:56:00 PM - Launch Browser: IE version 9.11.17763.0
8/01/2019 12:01:40 PM - Launch Browser: IE version 9.11.17763.0
8/01/2019 12:13:49 PM - Save Script: Version 13.3.0.1.262 User SUJITSWAIN
8/01/2019 12:57:09 PM - Save Script: Version 13.3.0.1.262 User SUJITSWAIN
8/01/2019 12:57:28 PM - Save Script: Version 13.3.0.1.262 User SUJITSWAIN
8/01/2019 13:06:55 PM - Save Script: Version 13.3.0.1.262 User SUJITSWAIN
8/04/2019 11:54:25 AM - Upgrade Script Results: Successfully upgraded script results.
8/05/2019 11:16:33 AM - Launch Browser: IE version 9.11.17763.0
8/05/2019 11:18:08 AM - Launch Browser: IE version 9.11.17763.0
8/05/2019 11:19:23 AM - Launch Browser: IE version 9.11.17763.0
8/05/2019 11:41:12 AM - Launch Browser: IE version 9.11.17763.0
8/05/2019 11:43:11 AM - Save Script: Version 13.3.0.1.262 User SUJITSWAIN
8/05/2019 11:46:52 AM - Save Script: Version 13.3.0.1.262 User SUJITSWAIN
8/05/2019 11:47:31 AM - Save Script: Version 13.3.0.1.262 User SUJITSWAIN
8/05/2019 11:57:13 AM - Save Script: Version 13.3.0.1.262 User SUJITSWAIN
8/05/2019 11:57:28 AM - Save Script: Version 13.3.0.1.262 User SUJITSWAIN
8/05/2019 11:58:04 AM - Save Script: Version 13.3.0.1.262 User SUJITSWAIN
8/05/2019 12:02:11 PM - Save Script: Version 13.3.0.1.262 User SUJITSWAIN
8/05/2019 12:07:37 PM - Save Script: Version 13.3.0.1.262 User SUJITSWAIN
8/05/2019 12:15:29 PM - Save Script: Version 13.3.0.1.262 User SUJITSWAIN
8/05/2019 13:22:51 PM - Save Script: Version 13.3.0.1.262 User SUJITSWAIN
8/05/2019 13:24:43 PM - Save Script: Version 13.3.0.1.262 User SUJITSWAIN
8/05/2019 13:32:02 PM - Save Script: Version 13.3.0.1.262 User SUJITSWAIN
8/05/2019 13:35:52 PM - Save Script: Version 13.3.0.1.262 User SUJITSWAIN
8/05/2019 13:41:52 PM - Save Script: Version 13.3.0.1.262 User SUJITSWAIN
8/05/2019 13:45:05 PM - Save Script: Version 13.3.0.1.262 User SUJITSWAIN
8/05/2019 13:52:11 PM - Save Script: Version 13.3.0.1.262 User SUJITSWAIN
8/05/2019 13:52:58 PM - Save Script: Version 13.3.0.1.262 User SUJITSWAIN
8/05/2019 14:01:45 PM - Save Script: Version 13.3.0.1.262 User SUJITSWAIN
8/05/2019 14:02:35 PM - Save Script: Version 13.3.0.1.262 User SUJITSWAIN
8/05/2019 14:09:41 PM - Save Script: Version 13.3.0.1.262 User SUJITSWAIN
8/05/2019 15:43:20 PM - Upgrade Script Results: Successfully upgraded script results.
8/06/2019 13:56:45 PM - Upgrade Script Results: Successfully upgraded script results.
8/06/2019 14:23:29 PM - Save Script: Version 13.3.0.1.262 User SUJITSWAIN
8/06/2019 14:24:47 PM - Save Script: Version 13.3.0.1.262 User SUJITSWAIN
8/06/2019 15:14:21 PM - Save Script: Version 13.3.0.1.262 User SUJITSWAIN
8/06/2019 15:18:05 PM - Launch Browser: IE version 9.11.17763.0
8/06/2019 15:21:18 PM - Save Script: Version 13.3.0.1.262 User SUJITSWAIN
8/06/2019 15:21:30 PM - Save Script: Version 13.3.0.1.262 User SUJITSWAIN
8/06/2019 15:22:56 PM - Save Script: Version 13.3.0.1.262 User SUJITSWAIN
8/06/2019 15:29:10 PM - Save Script: Version 13.3.0.1.262 User SUJITSWAIN
8/06/2019 15:34:23 PM - Save Script: Version 13.3.0.1.262 User SUJITSWAIN
8/06/2019 15:39:47 PM - Save Script: Version 13.3.0.1.262 User SUJITSWAIN
8/06/2019 15:59:02 PM - Save Script: Version 13.3.0.1.262 User SUJITSWAIN
8/06/2019 16:12:23 PM - Save Script: Version 13.3.0.1.262 User SUJITSWAIN
8/06/2019 16:43:23 PM - Save Script: Version 13.3.0.1.262 User SUJITSWAIN
8/06/2019 16:45:15 PM - Save Script: Version 13.3.0.1.262 User SUJITSWAIN
8/06/2019 17:53:33 PM - Save Script: Version 13.3.0.1.262 User SUJITSWAIN
8/06/2019 17:54:11 PM - Save Script: Version 13.3.0.1.262 User SUJITSWAIN
8/06/2019 17:55:46 PM - Save Script: Version 13.3.0.1.262 User SUJITSWAIN
8/06/2019 18:09:48 PM - Save Script: Version 13.3.0.1.262 User SUJITSWAIN
8/07/2019 15:45:59 PM - Upgrade Script Results: Successfully upgraded script results.
8/07/2019 15:47:04 PM - Save Script: Version 13.3.0.1.262 User SUJITSWAIN
8/07/2019 16:15:41 PM - Save Script: Version 13.3.0.1.262 User SUJITSWAIN
8/07/2019 16:26:29 PM - Save Script: Version 13.3.0.1.262 User SUJITSWAIN
8/07/2019 16:29:34 PM - Save Script: Version 13.3.0.1.262 User SUJITSWAIN
8/07/2019 17:31:34 PM - Save Script: Version 13.3.0.1.262 User SUJITSWAIN
8/07/2019 17:52:10 PM - Save Script: Version 13.3.0.1.262 User SUJITSWAIN
8/07/2019 17:52:20 PM - Save Script: Version 13.3.0.1.262 User SUJITSWAIN
8/12/2019 11:59:35 AM - Save Script: Version 13.3.0.1.262 User SUJITSWAIN
8/12/2019 12:08:03 PM - Save Script: Version 13.3.0.1.262 User SUJITSWAIN
8/12/2019 12:23:07 PM - Launch Browser: IE version 9.11.17763.0
8/12/2019 13:04:14 PM - Upgrade Script Results: Successfully upgraded script results.
8/12/2019 13:15:17 PM - Save Script: Version 13.3.0.1.262 User SUJITSWAIN
8/12/2019 13:16:18 PM - Save Script: Version 13.3.0.1.262 User SUJITSWAIN
8/12/2019 13:17:13 PM - Save Script: Version 13.3.0.1.262 User SUJITSWAIN
8/12/2019 13:18:01 PM - Save Script: Version 13.3.0.1.262 User SUJITSWAIN
8/12/2019 13:19:07 PM - Save Script: Version 13.3.0.1.262 User SUJITSWAIN
8/12/2019 13:23:07 PM - Save Script: Version 13.3.0.1.262 User SUJITSWAIN
8/12/2019 13:23:57 PM - Save Script: Version 13.3.0.1.262 User SUJITSWAIN
8/12/2019 13:28:30 PM - Save Script: Version 13.3.0.1.262 User SUJITSWAIN
8/12/2019 13:30:01 PM - Save Script: Version 13.3.0.1.262 User SUJITSWAIN
8/12/2019 13:31:21 PM - Save Script: Version 13.3.0.1.262 User SUJITSWAIN
8/12/2019 13:36:15 PM - Save Script: Version 13.3.0.1.262 User SUJITSWAIN
8/12/2019 13:38:50 PM - Save Script: Version 13.3.0.1.262 User SUJITSWAIN
8/12/2019 13:39:43 PM - Save Script: Version 13.3.0.1.262 User SUJITSWAIN
8/12/2019 13:40:53 PM - Save Script: Version 13.3.0.1.262 User SUJITSWAIN
8/12/2019 13:40:55 PM - Save Script: Version 13.3.0.1.262 User SUJITSWAIN
8/12/2019 13:47:55 PM - Save Script: Version 13.3.0.1.262 User SUJITSWAIN
8/12/2019 14:05:54 PM - Save Script: Version 13.3.0.1.262 User SUJITSWAIN
8/12/2019 14:10:52 PM - Save Script: Version 13.3.0.1.262 User SUJITSWAIN
8/12/2019 14:11:20 PM - Save Script: Version 13.3.0.1.262 User SUJITSWAIN
8/12/2019 14:11:41 PM - Save Script: Version 13.3.0.1.262 User SUJITSWAIN
8/12/2019 14:16:55 PM - Save Script: Version 13.3.0.1.262 User SUJITSWAIN
8/12/2019 14:21:43 PM - Launch Browser: IE version 9.11.17763.0
8/12/2019 14:24:15 PM - Launch Browser: IE version 9.11.17763.0
8/12/2019 14:28:42 PM - Save Script: Version 13.3.0.1.262 User SUJITSWAIN
8/12/2019 15:27:55 PM - Save Script: Version 13.3.0.1.262 User SUJITSWAIN
8/12/2019 15:28:35 PM - Save Script: Version 13.3.0.1.262 User SUJITSWAIN
8/12/2019 15:32:52 PM - Save Script: Version 13.3.0.1.262 User SUJITSWAIN
8/12/2019 15:44:12 PM - Upgrade Script Results: Successfully upgraded script results.
8/12/2019 15:50:53 PM - Save Script: Version 13.3.0.1.262 User SUJITSWAIN
8/12/2019 15:51:55 PM - Save Script: Version 13.3.0.1.262 User SUJITSWAIN
8/12/2019 16:24:54 PM - Save Script: Version 13.3.0.1.262 User SUJITSWAIN
8/12/2019 16:25:42 PM - Save Script: Version 13.3.0.1.262 User SUJITSWAIN
8/12/2019 16:26:17 PM - Save Script: Version 13.3.0.1.262 User SUJITSWAIN
8/12/2019 16:26:49 PM - Save Script: Version 13.3.0.1.262 User SUJITSWAIN
8/12/2019 16:39:42 PM - Save Script: Version 13.3.0.1.262 User SUJITSWAIN
8/12/2019 16:40:43 PM - Save Script: Version 13.3.0.1.262 User SUJITSWAIN
8/12/2019 16:53:24 PM - Save Script: Version 13.3.0.1.262 User SUJITSWAIN
8/12/2019 16:53:52 PM - Save Script: Version 13.3.0.1.262 User SUJITSWAIN
8/12/2019 16:56:44 PM - Save Script: Version 13.3.0.1.262 User SUJITSWAIN
8/12/2019 17:01:08 PM - Save Script: Version 13.3.0.1.262 User SUJITSWAIN
8/12/2019 17:58:43 PM - Save Script: Version 13.3.0.1.262 User SUJITSWAIN
8/12/2019 18:00:46 PM - Save Script: Version 13.3.0.1.262 User SUJITSWAIN
8/12/2019 18:02:01 PM - Save Script: Version 13.3.0.1.262 User SUJITSWAIN
8/12/2019 18:04:17 PM - Save Script: Version 13.3.0.1.262 User SUJITSWAIN
8/12/2019 18:13:32 PM - Save Script: Version 13.3.0.1.262 User SUJITSWAIN
8/12/2019 18:15:43 PM - Save Script: Version 13.3.0.1.262 User SUJITSWAIN
8/12/2019 18:18:02 PM - Save Script: Version 13.3.0.1.262 User SUJITSWAIN
8/13/2019 15:31:00 PM - Upgrade Script Results: Successfully upgraded script results.
8/13/2019 16:32:09 PM - Save Script: Version 13.3.0.1.262 User SUJITSWAIN
8/13/2019 18:24:59 PM - Upgrade Script Results: Successfully upgraded script results.
8/14/2019 13:59:10 PM - Upgrade Script Results: Successfully upgraded script results.
8/14/2019 15:42:18 PM - Launch Browser: IE version 9.11.17763.0
8/14/2019 15:45:08 PM - Upgrade Script Results: Successfully upgraded script results.
8/14/2019 15:50:13 PM - Upgrade Script Results: Successfully upgraded script results.
8/14/2019 18:00:16 PM - Save Script: Version 13.3.0.1.262 User SUJITSWAIN
8/14/2019 18:00:38 PM - Save Script: Version 13.3.0.1.262 User SUJITSWAIN
8/14/2019 18:08:11 PM - Save Script: Version 13.3.0.1.262 User SUJITSWAIN
8/15/2019 00:43:43 AM - Save Script: Version 13.3.0.1.262 User SUJITSWAIN
8/15/2019 00:43:52 AM - Save Script: Version 13.3.0.1.262 User SUJITSWAIN
8/15/2019 00:52:17 AM - Save Script: Version 13.3.0.1.262 User SUJITSWAIN
8/15/2019 10:49:33 AM - Upgrade Script Results: Successfully upgraded script results.
8/16/2019 21:58:29 PM - Upgrade Script Results: Successfully upgraded script results.
8/18/2019 20:30:01 PM - Upgrade Script Results: Successfully upgraded script results.
8/18/2019 23:20:13 PM - Upgrade Script Results: Successfully upgraded script results.
8/19/2019 11:46:01 AM - Upgrade Script Results: Successfully upgraded script results.
8/19/2019 14:13:55 PM - Upgrade Script Results: Successfully upgraded script results.
9/05/2019 01:10:15 AM - Save Script: Version 13.3.0.1.262 User SUJITSWAIN
9/05/2019 01:53:56 AM - Save Script: Version 13.3.0.1.262 User SUJITSWAIN
9/05/2019 02:09:38 AM - Save Script: Version 13.3.0.1.262 User SUJITSWAIN
9/05/2019 03:58:25 AM - Save Script: Version 13.3.0.1.262 User SUJITSWAIN
9/05/2019 10:40:00 AM - Save Script: Version 13.3.0.1.262 User SUJITSWAIN
9/05/2019 10:44:39 AM - Save Script: Version 13.3.0.1.262 User SUJITSWAIN
9/05/2019 10:47:02 AM - Save Script: Version 13.3.0.1.262 User SUJITSWAIN
9/05/2019 10:50:52 AM - Save Script: Version 13.3.0.1.262 User SUJITSWAIN
9/05/2019 10:51:10 AM - Save Script: Version 13.3.0.1.262 User SUJITSWAIN
9/05/2019 11:10:54 AM - Save Script: Version 13.3.0.1.262 User SUJITSWAIN
9/05/2019 11:11:57 AM - Save Script: Version 13.3.0.1.262 User SUJITSWAIN
9/05/2019 11:12:21 AM - Save Script: Version 13.3.0.1.262 User SUJITSWAIN
9/05/2019 11:28:07 AM - Save Script: Version 13.3.0.1.262 User SUJITSWAIN
9/05/2019 11:29:11 AM - Save Script: Version 13.3.0.1.262 User SUJITSWAIN
9/05/2019 11:30:43 AM - Save Script: Version 13.3.0.1.262 User SUJITSWAIN
9/05/2019 11:30:59 AM - Save Script: Version 13.3.0.1.262 User SUJITSWAIN
9/05/2019 11:33:31 AM - Save Script: Version 13.3.0.1.262 User SUJITSWAIN
9/05/2019 11:33:48 AM - Save Script: Version 13.3.0.1.262 User SUJITSWAIN
9/05/2019 11:34:06 AM - Save Script: Version 13.3.0.1.262 User SUJITSWAIN
9/05/2019 11:34:29 AM - Save Script: Version 13.3.0.1.262 User SUJITSWAIN
9/05/2019 11:34:53 AM - Save Script: Version 13.3.0.1.262 User SUJITSWAIN
9/05/2019 11:36:33 AM - Save Script: Version 13.3.0.1.262 User SUJITSWAIN
9/05/2019 11:36:43 AM - Save Script: Version 13.3.0.1.262 User SUJITSWAIN
9/05/2019 11:37:51 AM - Save Script: Version 13.3.0.1.262 User SUJITSWAIN
9/05/2019 11:40:51 AM - Save Script: Version 13.3.0.1.262 User SUJITSWAIN
9/05/2019 13:12:07 PM - Save Script: Version 13.3.0.1.262 User SUJITSWAIN
9/22/2019 11:43:22 AM - Save Script: Version 13.3.0.1.262 User SUJITSWAIN
9/22/2019 13:35:04 PM - Upgrade Script Results: Successfully upgraded script results.
9/23/2019 17:00:51 PM - Save Script: Version 13.3.0.1.262 User SUJITSWAIN
9/23/2019 17:01:26 PM - Save Script: Version 13.3.0.1.262 User SUJITSWAIN
9/23/2019 17:27:34 PM - Save Script: Version 13.3.0.1.262 User SUJITSWAIN