7/16/2020 16:53:53 PM - Save Script: Version 13.3.0.1.262 User SUJITSWAIN
7/16/2020 16:55:03 PM - Launch Browser: IE version 9.11.18362.0
7/16/2020 17:05:48 PM - Launch Browser: IE version 9.11.18362.0
7/16/2020 17:10:52 PM - Save Script: Version 13.3.0.1.262 User SUJITSWAIN
7/16/2020 17:11:21 PM - Save Script: Version 13.3.0.1.262 User SUJITSWAIN
7/16/2020 17:15:25 PM - Save Script: Version 13.3.0.1.262 User SUJITSWAIN
7/16/2020 17:19:27 PM - Save Script: Version 13.3.0.1.262 User SUJITSWAIN
7/16/2020 17:32:02 PM - Save Script: Version 13.3.0.1.262 User SUJITSWAIN
7/16/2020 19:10:51 PM - Save Script: Version 13.3.0.1.262 User SUJITSWAIN
7/16/2020 19:15:43 PM - Save Script: Version 13.3.0.1.262 User SUJITSWAIN
7/16/2020 19:43:11 PM - Save Script: Version 13.3.0.1.262 User SUJITSWAIN
7/16/2020 19:43:34 PM - Save Script: Version 13.3.0.1.262 User SUJITSWAIN
7/16/2020 19:44:05 PM - Save Script: Version 13.3.0.1.262 User SUJITSWAIN
7/16/2020 19:46:09 PM - Save Script: Version 13.3.0.1.262 User SUJITSWAIN
7/16/2020 19:48:52 PM - Save Script: Version 13.3.0.1.262 User SUJITSWAIN
7/16/2020 19:49:18 PM - Save Script: Version 13.3.0.1.262 User SUJITSWAIN
7/16/2020 19:49:40 PM - Save Script: Version 13.3.0.1.262 User SUJITSWAIN
7/16/2020 19:52:26 PM - Save Script: Version 13.3.0.1.262 User SUJITSWAIN
7/16/2020 19:53:57 PM - Save Script: Version 13.3.0.1.262 User SUJITSWAIN
7/16/2020 19:58:32 PM - Save Script: Version 13.3.0.1.262 User SUJITSWAIN
7/16/2020 20:00:53 PM - Save Script: Version 13.3.0.1.262 User SUJITSWAIN
7/16/2020 20:04:06 PM - Save Script: Version 13.3.0.1.262 User SUJITSWAIN
7/16/2020 21:54:57 PM - Save Script: Version 13.3.0.1.262 User SUJITSWAIN
7/16/2020 21:58:07 PM - Save Script: Version 13.3.0.1.262 User SUJITSWAIN
7/16/2020 21:59:19 PM - Save Script: Version 13.3.0.1.262 User SUJITSWAIN
7/16/2020 22:01:22 PM - Save Script: Version 13.3.0.1.262 User SUJITSWAIN
7/16/2020 22:42:54 PM - Save Script: Version 13.3.0.1.262 User SUJITSWAIN
7/16/2020 23:05:12 PM - Save Script: Version 13.3.0.1.262 User SUJITSWAIN
7/16/2020 23:06:44 PM - Launch Browser: IE version 9.11.18362.0
7/16/2020 23:07:19 PM - Save Script: Version 13.3.0.1.262 User SUJITSWAIN
7/16/2020 23:08:41 PM - Save Script: Version 13.3.0.1.262 User SUJITSWAIN
7/16/2020 23:11:10 PM - Save Script: Version 13.3.0.1.262 User SUJITSWAIN
7/16/2020 23:18:08 PM - Save Script: Version 13.3.0.1.262 User SUJITSWAIN
7/16/2020 23:22:20 PM - Save Script: Version 13.3.0.1.262 User SUJITSWAIN
7/17/2020 17:56:00 PM - Launch Browser: IE version 9.11.18362.0
7/18/2020 09:49:21 AM - Upgrade Script Results: Successfully upgraded script results.
7/19/2020 17:04:14 PM - Upgrade Script Results: Successfully upgraded script results.
7/20/2020 20:19:08 PM - Upgrade Script Results: Successfully upgraded script results.
8/01/2020 01:14:11 AM - Upgrade Script Results: Failed to upgrade all scripts results.
8/01/2020 09:59:54 AM - Upgrade Script Results: Failed to upgrade all scripts results.
8/01/2020 10:41:30 AM - Upgrade Script Results: Failed to upgrade all scripts results.