8/16/2019 23:46:35 PM - Launch Browser: IE version 9.11.17763.0
8/16/2019 23:54:02 PM - Launch Browser: IE version 9.11.17763.0
8/17/2019 00:00:43 AM - Save Script: Version 13.3.0.1.262 User SUJITSWAIN
8/17/2019 00:02:16 AM - Save Script: Version 13.3.0.1.262 User SUJITSWAIN
8/17/2019 00:02:47 AM - Save Script: Version 13.3.0.1.262 User SUJITSWAIN
8/17/2019 00:09:54 AM - Save Script: Version 13.3.0.1.262 User SUJITSWAIN
8/17/2019 00:20:29 AM - Save Script: Version 13.3.0.1.262 User SUJITSWAIN
8/17/2019 00:22:56 AM - Save Script: Version 13.3.0.1.262 User SUJITSWAIN
8/17/2019 00:25:11 AM - Save Script: Version 13.3.0.1.262 User SUJITSWAIN
8/17/2019 00:28:01 AM - Save Script: Version 13.3.0.1.262 User SUJITSWAIN
8/17/2019 00:38:42 AM - Save Script: Version 13.3.0.1.262 User SUJITSWAIN
8/17/2019 00:38:45 AM - Save Script: Version 13.3.0.1.262 User SUJITSWAIN
8/17/2019 00:39:02 AM - Save Script: Version 13.3.0.1.262 User SUJITSWAIN
8/17/2019 00:43:46 AM - Save Script: Version 13.3.0.1.262 User SUJITSWAIN
8/17/2019 00:44:02 AM - Save Script: Version 13.3.0.1.262 User SUJITSWAIN
8/18/2019 11:39:55 AM - Save Script: Version 13.3.0.1.262 User SUJITSWAIN
8/18/2019 12:14:40 PM - Save Script: Version 13.3.0.1.262 User SUJITSWAIN
8/18/2019 12:15:22 PM - Save Script: Version 13.3.0.1.262 User SUJITSWAIN
8/18/2019 20:29:46 PM - Upgrade Script Results: Successfully upgraded script results.
8/18/2019 23:20:05 PM - Upgrade Script Results: Successfully upgraded script results.
8/19/2019 11:45:51 AM - Upgrade Script Results: Successfully upgraded script results.
8/19/2019 14:13:45 PM - Upgrade Script Results: Successfully upgraded script results.
9/09/2019 14:02:42 PM - Save Script: Version 13.3.0.1.262 User SUJITSWAIN
9/09/2019 14:42:36 PM - Save Script: Version 13.3.0.1.262 User SUJITSWAIN
9/09/2019 15:20:48 PM - Save Script: Version 13.3.0.1.262 User SUJITSWAIN
9/09/2019 15:37:19 PM - Launch Browser: IE version 9.11.17763.0
9/09/2019 15:41:52 PM - Launch Browser: IE version 9.11.17763.0
9/09/2019 15:55:26 PM - Save Script: Version 13.3.0.1.262 User SUJITSWAIN
9/09/2019 15:55:51 PM - Launch Browser: IE version 9.11.17763.0
9/09/2019 16:59:55 PM - Launch Browser: IE version 9.11.17763.0
9/09/2019 17:10:15 PM - Save Script: Version 13.3.0.1.262 User SUJITSWAIN
9/09/2019 17:17:04 PM - Save Script: Version 13.3.0.1.262 User SUJITSWAIN
9/09/2019 17:17:51 PM - Save Script: Version 13.3.0.1.262 User SUJITSWAIN
9/09/2019 17:32:52 PM - Save Script: Version 13.3.0.1.262 User SUJITSWAIN
9/09/2019 17:35:38 PM - Save Script: Version 13.3.0.1.262 User SUJITSWAIN
9/09/2019 17:57:37 PM - Save Script: Version 13.3.0.1.262 User SUJITSWAIN
9/09/2019 17:59:06 PM - Save Script: Version 13.3.0.1.262 User SUJITSWAIN
9/09/2019 18:00:38 PM - Save Script: Version 13.3.0.1.262 User SUJITSWAIN
9/09/2019 18:14:40 PM - Save Script: Version 13.3.0.1.262 User SUJITSWAIN
9/09/2019 18:15:18 PM - Launch Browser: IE version 9.11.17763.0
9/09/2019 18:15:58 PM - Save Script: Version 13.3.0.1.262 User SUJITSWAIN
9/09/2019 18:26:51 PM - Launch Browser: IE version 9.11.17763.0
9/09/2019 18:32:05 PM - Save Script: Version 13.3.0.1.262 User SUJITSWAIN
9/09/2019 18:32:49 PM - Launch Browser: IE version 9.11.17763.0
9/09/2019 18:49:49 PM - Launch Browser: IE version 9.11.17763.0
9/09/2019 18:53:25 PM - Save Script: Version 13.3.0.1.262 User SUJITSWAIN
9/09/2019 18:53:35 PM - Launch Browser: IE version 9.11.17763.0
9/09/2019 18:56:03 PM - Save Script: Version 13.3.0.1.262 User SUJITSWAIN
9/09/2019 18:56:13 PM - Save Script: Version 13.3.0.1.262 User SUJITSWAIN
9/09/2019 19:08:43 PM - Save Script: Version 13.3.0.1.262 User SUJITSWAIN
9/09/2019 19:09:29 PM - Save Script: Version 13.3.0.1.262 User SUJITSWAIN
9/22/2019 13:35:52 PM - Upgrade Script Results: Successfully upgraded script results.
9/23/2019 17:46:43 PM - Upgrade Script Results: Successfully upgraded script results.
3/19/2020 21:23:27 PM - Save Script: Version 13.3.0.1.262 User SUJITSWAIN
3/19/2020 21:35:28 PM - Save Script: Version 13.3.0.1.262 User SUJITSWAIN
3/19/2020 21:43:19 PM - Save Script: Version 13.3.0.1.262 User SUJITSWAIN
3/19/2020 21:43:28 PM - Save Script: Version 13.3.0.1.262 User SUJITSWAIN
3/30/2020 13:43:40 PM - Upgrade Script Results: Successfully upgraded script results.
4/01/2020 21:19:42 PM - Upgrade Script Results: Successfully upgraded script results.