8/01/2019 14:54:37 PM - Launch Browser: IE version 9.11.17763.0
8/01/2019 14:57:45 PM - Save Script: Version 13.3.0.1.262 User SUJITSWAIN
8/04/2019 11:54:50 AM - Upgrade Script Results: Successfully upgraded script results.
8/05/2019 15:43:57 PM - Upgrade Script Results: Successfully upgraded script results.
8/06/2019 13:56:40 PM - Upgrade Script Results: Successfully upgraded script results.
8/06/2019 14:18:10 PM - Save Script: Version 13.3.0.1.262 User SUJITSWAIN
8/06/2019 14:18:56 PM - Save Script: Version 13.3.0.1.262 User SUJITSWAIN
8/06/2019 14:27:03 PM - Save Script: Version 13.3.0.1.262 User SUJITSWAIN
8/06/2019 14:33:50 PM - Launch Browser: IE version 9.11.17763.0
8/06/2019 14:41:58 PM - Launch Browser: IE version 9.11.17763.0
8/06/2019 14:44:30 PM - Save Script: Version 13.3.0.1.262 User SUJITSWAIN
8/06/2019 14:47:47 PM - Save Script: Version 13.3.0.1.262 User SUJITSWAIN
8/06/2019 14:48:55 PM - Save Script: Version 13.3.0.1.262 User SUJITSWAIN
8/06/2019 14:49:27 PM - Save Script: Version 13.3.0.1.262 User SUJITSWAIN
8/06/2019 14:49:49 PM - Save Script: Version 13.3.0.1.262 User SUJITSWAIN
8/06/2019 14:49:51 PM - Launch Browser: IE version 9.11.17763.0
8/06/2019 14:55:42 PM - Save Script: Version 13.3.0.1.262 User SUJITSWAIN
8/06/2019 14:56:18 PM - Save Script: Version 13.3.0.1.262 User SUJITSWAIN
8/06/2019 14:57:30 PM - Save Script: Version 13.3.0.1.262 User SUJITSWAIN
8/06/2019 14:58:02 PM - Launch Browser: IE version 9.11.17763.0
8/06/2019 15:00:04 PM - Save Script: Version 13.3.0.1.262 User SUJITSWAIN
8/06/2019 15:02:43 PM - Save Script: Version 13.3.0.1.262 User SUJITSWAIN
8/06/2019 15:04:34 PM - Save Script: Version 13.3.0.1.262 User SUJITSWAIN
8/06/2019 15:11:23 PM - Save Script: Version 13.3.0.1.262 User SUJITSWAIN
8/06/2019 16:07:50 PM - Save Script: Version 13.3.0.1.262 User SUJITSWAIN
8/07/2019 15:45:54 PM - Upgrade Script Results: Successfully upgraded script results.
8/12/2019 13:04:09 PM - Upgrade Script Results: Successfully upgraded script results.
8/12/2019 15:43:32 PM - Upgrade Script Results: Successfully upgraded script results.
8/12/2019 16:03:49 PM - Save Script: Version 13.3.0.1.262 User SUJITSWAIN
8/12/2019 16:10:16 PM - Save Script: Version 13.3.0.1.262 User SUJITSWAIN
8/13/2019 15:30:29 PM - Upgrade Script Results: Successfully upgraded script results.
8/13/2019 18:24:19 PM - Upgrade Script Results: Successfully upgraded script results.
8/25/2019 19:34:12 PM - Save Script: Version 13.3.0.1.262 User SUJITSWAIN
9/05/2019 02:20:05 AM - Save Script: Version 13.3.0.1.262 User SUJITSWAIN
9/05/2019 02:20:43 AM - Save Script: Version 13.3.0.1.262 User SUJITSWAIN
9/05/2019 03:07:49 AM - Launch Browser: IE version 9.11.17763.0
9/26/2019 13:10:40 PM - Upgrade Script Results: Successfully upgraded script results.
9/26/2019 13:54:51 PM - Upgrade Script Results: Successfully upgraded script results.
10/01/2019 16:25:35 PM - Upgrade Script Results: Successfully upgraded script results.
10/14/2019 15:07:41 PM - Upgrade Script Results: Successfully upgraded script results.
10/24/2019 17:01:43 PM - Upgrade Script Results: Successfully upgraded script results.
10/27/2019 13:03:01 PM - Upgrade Script Results: Successfully upgraded script results.
2/16/2020 12:54:53 PM - Upgrade Script Results: Successfully upgraded script results.
2/17/2020 11:47:25 AM - Upgrade Script Results: Successfully upgraded script results.
2/17/2020 15:26:14 PM - Upgrade Script Results: Successfully upgraded script results.
2/17/2020 15:36:42 PM - Upgrade Script Results: Successfully upgraded script results.
2/19/2020 10:30:19 AM - Upgrade Script Results: Successfully upgraded script results.
3/12/2020 14:40:14 PM - Upgrade Script Results: Successfully upgraded script results.
3/19/2020 20:25:22 PM - Upgrade Script Results: Successfully upgraded script results.
3/30/2020 13:43:37 PM - Upgrade Script Results: Successfully upgraded script results.
4/01/2020 21:19:38 PM - Upgrade Script Results: Successfully upgraded script results.