8/16/2020 12:34:15 PM - Save Script: Version 13.3.0.1.262 User SUJITSWAIN
8/16/2020 12:34:32 PM - Launch Browser: IE version 9.11.18362.0
8/16/2020 12:37:37 PM - Save Script: Version 13.3.0.1.262 User SUJITSWAIN
8/16/2020 12:38:02 PM - Save Script: Version 13.3.0.1.262 User SUJITSWAIN
8/16/2020 12:38:22 PM - Save Script: Version 13.3.0.1.262 User SUJITSWAIN
8/16/2020 12:39:51 PM - Save Script: Version 13.3.0.1.262 User SUJITSWAIN
8/16/2020 12:40:13 PM - Save Script: Version 13.3.0.1.262 User SUJITSWAIN
8/16/2020 12:41:39 PM - Launch Browser: IE version 9.11.18362.0
8/16/2020 12:46:41 PM - Save Script: Version 13.3.0.1.262 User SUJITSWAIN
8/16/2020 12:47:54 PM - Save Script: Version 13.3.0.1.262 User SUJITSWAIN
8/16/2020 12:52:03 PM - Save Script: Version 13.3.0.1.262 User SUJITSWAIN
8/16/2020 12:52:59 PM - Save Script: Version 13.3.0.1.262 User SUJITSWAIN
8/16/2020 13:02:42 PM - Save Script: Version 13.3.0.1.262 User SUJITSWAIN
8/16/2020 13:03:33 PM - Save Script: Version 13.3.0.1.262 User SUJITSWAIN
8/16/2020 13:04:27 PM - Save Script: Version 13.3.0.1.262 User SUJITSWAIN
8/16/2020 13:06:51 PM - Save Script: Version 13.3.0.1.262 User SUJITSWAIN
8/16/2020 13:38:26 PM - Save Script: Version 13.3.0.1.262 User SUJITSWAIN
8/16/2020 13:40:07 PM - Save Script: Version 13.3.0.1.262 User SUJITSWAIN
8/16/2020 13:40:55 PM - Launch Browser: IE version 9.11.18362.0
8/16/2020 13:50:30 PM - Save Script: Version 13.3.0.1.262 User SUJITSWAIN
8/16/2020 13:53:27 PM - Save Script: Version 13.3.0.1.262 User SUJITSWAIN
8/16/2020 13:58:25 PM - Save Script: Version 13.3.0.1.262 User SUJITSWAIN
8/16/2020 13:59:02 PM - Save Script: Version 13.3.0.1.262 User SUJITSWAIN
8/16/2020 14:10:37 PM - Save Script: Version 13.3.0.1.262 User SUJITSWAIN
8/16/2020 14:29:29 PM - Save Script: Version 13.3.0.1.262 User SUJITSWAIN
8/16/2020 14:33:57 PM - Save Script: Version 13.3.0.1.262 User SUJITSWAIN
8/16/2020 14:35:38 PM - Save Script: Version 13.3.0.1.262 User SUJITSWAIN
8/16/2020 14:37:11 PM - Save Script: Version 13.3.0.1.262 User SUJITSWAIN
8/16/2020 14:38:17 PM - Save Script: Version 13.3.0.1.262 User SUJITSWAIN
8/16/2020 14:45:42 PM - Save Script: Version 13.3.0.1.262 User SUJITSWAIN
8/16/2020 14:51:33 PM - Save Script: Version 13.3.0.1.262 User SUJITSWAIN
8/16/2020 14:54:15 PM - Save Script: Version 13.3.0.1.262 User SUJITSWAIN
8/16/2020 15:04:06 PM - Save Script: Version 13.3.0.1.262 User SUJITSWAIN
8/16/2020 15:06:11 PM - Save Script: Version 13.3.0.1.262 User SUJITSWAIN
8/16/2020 15:06:39 PM - Save Script: Version 13.3.0.1.262 User SUJITSWAIN
8/16/2020 15:22:20 PM - Save Script: Version 13.3.0.1.262 User SUJITSWAIN
8/16/2020 17:38:18 PM - Save Script: Version 13.3.0.1.262 User SUJITSWAIN
8/16/2020 17:39:40 PM - Save Script: Version 13.3.0.1.262 User SUJITSWAIN
8/16/2020 17:41:10 PM - Save Script: Version 13.3.0.1.262 User SUJITSWAIN
8/16/2020 17:44:23 PM - Save Script: Version 13.3.0.1.262 User SUJITSWAIN
8/16/2020 17:45:17 PM - Launch Browser: IE version 9.11.18362.0
8/16/2020 17:50:53 PM - Save Script: Version 13.3.0.1.262 User SUJITSWAIN
8/16/2020 17:50:59 PM - Save Script: Version 13.3.0.1.262 User SUJITSWAIN
8/16/2020 17:51:46 PM - Save Script: Version 13.3.0.1.262 User SUJITSWAIN
8/16/2020 17:52:36 PM - Save Script: Version 13.3.0.1.262 User SUJITSWAIN
8/16/2020 17:57:34 PM - Launch Browser: IE version 9.11.18362.0
8/16/2020 18:03:51 PM - Save Script: Version 13.3.0.1.262 User SUJITSWAIN
8/16/2020 18:09:49 PM - Launch Browser: IE version 9.11.18362.0
8/16/2020 18:31:21 PM - Save Script: Version 13.3.0.1.262 User SUJITSWAIN
8/16/2020 18:56:29 PM - Upgrade Script Results: Successfully upgraded script results.
8/16/2020 19:03:28 PM - Launch Browser: IE version 9.11.18362.0
8/16/2020 19:08:47 PM - Save Script: Version 13.3.0.1.262 User SUJITSWAIN
8/16/2020 19:11:09 PM - Save Script: Version 13.3.0.1.262 User SUJITSWAIN
8/16/2020 19:13:29 PM - Save Script: Version 13.3.0.1.262 User SUJITSWAIN
8/16/2020 19:15:04 PM - Save Script: Version 13.3.0.1.262 User SUJITSWAIN
8/16/2020 19:15:45 PM - Save Script: Version 13.3.0.1.262 User SUJITSWAIN
8/16/2020 19:31:38 PM - Save Script: Version 13.3.0.1.262 User SUJITSWAIN
8/16/2020 19:31:57 PM - Save Script: Version 13.3.0.1.262 User SUJITSWAIN
8/16/2020 19:34:53 PM - Save Script: Version 13.3.0.1.262 User SUJITSWAIN
8/16/2020 19:40:47 PM - Save Script: Version 13.3.0.1.262 User SUJITSWAIN
8/16/2020 19:43:12 PM - Launch Browser: IE version 9.11.18362.0
8/16/2020 19:48:27 PM - Save Script: Version 13.3.0.1.262 User SUJITSWAIN
8/16/2020 19:48:58 PM - Save Script: Version 13.3.0.1.262 User SUJITSWAIN
8/16/2020 19:49:15 PM - Save Script: Version 13.3.0.1.262 User SUJITSWAIN
8/16/2020 19:49:27 PM - Save Script: Version 13.3.0.1.262 User SUJITSWAIN
8/16/2020 19:50:09 PM - Launch Browser: IE version 9.11.18362.0
8/16/2020 19:52:17 PM - Save Script: Version 13.3.0.1.262 User SUJITSWAIN
8/16/2020 19:53:00 PM - Save Script: Version 13.3.0.1.262 User SUJITSWAIN
8/16/2020 19:56:11 PM - Save Script: Version 13.3.0.1.262 User SUJITSWAIN
8/16/2020 19:56:24 PM - Save Script: Version 13.3.0.1.262 User SUJITSWAIN
8/16/2020 19:57:36 PM - Save Script: Version 13.3.0.1.262 User SUJITSWAIN
8/16/2020 19:58:36 PM - Save Script: Version 13.3.0.1.262 User SUJITSWAIN
8/16/2020 19:58:41 PM - Save Script: Version 13.3.0.1.262 User SUJITSWAIN
8/16/2020 19:59:59 PM - Save Script: Version 13.3.0.1.262 User SUJITSWAIN
8/16/2020 20:01:00 PM - Save Script: Version 13.3.0.1.262 User SUJITSWAIN
8/16/2020 20:02:03 PM - Launch Browser: IE version 9.11.18362.0
8/16/2020 20:12:05 PM - Save Script: Version 13.3.0.1.262 User SUJITSWAIN
8/16/2020 20:17:20 PM - Launch Browser: IE version 9.11.18362.0
8/16/2020 20:24:03 PM - Save Script: Version 13.3.0.1.262 User SUJITSWAIN
8/16/2020 20:28:50 PM - Save Script: Version 13.3.0.1.262 User SUJITSWAIN
8/16/2020 20:30:15 PM - Save Script: Version 13.3.0.1.262 User SUJITSWAIN
8/16/2020 20:30:50 PM - Save Script: Version 13.3.0.1.262 User SUJITSWAIN
8/16/2020 20:31:01 PM - Save Script: Version 13.3.0.1.262 User SUJITSWAIN
8/16/2020 20:34:09 PM - Save Script: Version 13.3.0.1.262 User SUJITSWAIN
8/16/2020 20:34:24 PM - Save Script: Version 13.3.0.1.262 User SUJITSWAIN
8/17/2020 12:27:02 PM - Save Script: Version 13.3.0.1.262 User SUJITSWAIN
8/17/2020 14:39:54 PM - Upgrade Script Results: Successfully upgraded script results.
8/17/2020 15:04:24 PM - Save Script: Version 13.3.0.1.262 User SUJITSWAIN
8/17/2020 15:05:21 PM - Save Script: Version 13.3.0.1.262 User SUJITSWAIN
8/17/2020 15:05:34 PM - Save Script: Version 13.3.0.1.262 User SUJITSWAIN
8/17/2020 15:06:45 PM - Save Script: Version 13.3.0.1.262 User SUJITSWAIN
8/17/2020 16:18:09 PM - Launch Browser: IE version 9.11.18362.0
8/17/2020 16:20:27 PM - Save Script: Version 13.3.0.1.262 User SUJITSWAIN
8/17/2020 16:21:19 PM - Launch Browser: IE version 9.11.18362.0
8/17/2020 16:23:51 PM - Save Script: Version 13.3.0.1.262 User SUJITSWAIN
8/17/2020 16:28:17 PM - Save Script: Version 13.3.0.1.262 User SUJITSWAIN
8/17/2020 16:29:45 PM - Launch Browser: IE version 9.11.18362.0
8/17/2020 16:32:36 PM - Save Script: Version 13.3.0.1.262 User SUJITSWAIN
8/17/2020 16:45:50 PM - Launch Browser: IE version 9.11.18362.0
8/17/2020 16:50:10 PM - Launch Browser: IE version 9.11.18362.0
8/17/2020 16:56:07 PM - Save Script: Version 13.3.0.1.262 User SUJITSWAIN
8/17/2020 16:57:45 PM - Launch Browser: IE version 9.11.18362.0
8/17/2020 16:58:14 PM - Save Script: Version 13.3.0.1.262 User SUJITSWAIN
8/17/2020 16:58:52 PM - Save Script: Version 13.3.0.1.262 User SUJITSWAIN
8/17/2020 18:25:35 PM - Save Script: Version 13.3.0.1.262 User SUJITSWAIN
8/17/2020 18:25:41 PM - Launch Browser: IE version 9.11.18362.0
8/17/2020 18:26:45 PM - Save Script: Version 13.3.0.1.262 User SUJITSWAIN
8/17/2020 18:28:37 PM - Save Script: Version 13.3.0.1.262 User SUJITSWAIN
8/17/2020 18:30:34 PM - Launch Browser: IE version 9.11.18362.0
8/17/2020 18:38:51 PM - Save Script: Version 13.3.0.1.262 User SUJITSWAIN
8/17/2020 18:40:27 PM - Save Script: Version 13.3.0.1.262 User SUJITSWAIN
8/17/2020 18:42:47 PM - Launch Browser: IE version 9.11.18362.0
8/17/2020 19:32:04 PM - Save Script: Version 13.3.0.1.262 User SUJITSWAIN
8/17/2020 19:36:25 PM - Save Script: Version 13.3.0.1.262 User SUJITSWAIN
8/17/2020 19:36:42 PM - Launch Browser: IE version 9.11.18362.0
8/17/2020 19:37:55 PM - Save Script: Version 13.3.0.1.262 User SUJITSWAIN
8/17/2020 19:40:47 PM - Save Script: Version 13.3.0.1.262 User SUJITSWAIN
8/17/2020 19:40:59 PM - Save Script: Version 13.3.0.1.262 User SUJITSWAIN
8/17/2020 19:42:01 PM - Save Script: Version 13.3.0.1.262 User SUJITSWAIN
8/17/2020 19:42:19 PM - Save Script: Version 13.3.0.1.262 User SUJITSWAIN
8/17/2020 19:43:11 PM - Save Script: Version 13.3.0.1.262 User SUJITSWAIN
8/17/2020 19:43:31 PM - Save Script: Version 13.3.0.1.262 User SUJITSWAIN
8/17/2020 19:43:47 PM - Save Script: Version 13.3.0.1.262 User SUJITSWAIN
8/17/2020 19:44:34 PM - Save Script: Version 13.3.0.1.262 User SUJITSWAIN
8/17/2020 19:48:36 PM - Launch Browser: IE version 9.11.18362.0
8/17/2020 19:50:03 PM - Save Script: Version 13.3.0.1.262 User SUJITSWAIN
8/17/2020 19:50:43 PM - Save Script: Version 13.3.0.1.262 User SUJITSWAIN
8/17/2020 19:52:00 PM - Save Script: Version 13.3.0.1.262 User SUJITSWAIN
8/17/2020 20:22:06 PM - Launch Browser: IE version 9.11.18362.0
8/17/2020 20:22:46 PM - Save Script: Version 13.3.0.1.262 User SUJITSWAIN
8/17/2020 20:23:47 PM - Save Script: Version 13.3.0.1.262 User SUJITSWAIN
8/17/2020 20:28:11 PM - Save Script: Version 13.3.0.1.262 User SUJITSWAIN
8/17/2020 20:44:35 PM - Save Script: Version 13.3.0.1.262 User SUJITSWAIN
8/17/2020 20:46:19 PM - Save Script: Version 13.3.0.1.262 User SUJITSWAIN
8/17/2020 20:49:20 PM - Save Script: Version 13.3.0.1.262 User SUJITSWAIN
8/17/2020 20:50:04 PM - Save Script: Version 13.3.0.1.262 User SUJITSWAIN
8/18/2020 00:26:04 AM - Save Script: Version 13.3.0.1.262 User SUJITSWAIN
8/18/2020 00:26:57 AM - Save Script: Version 13.3.0.1.262 User SUJITSWAIN
8/18/2020 00:27:29 AM - Save Script: Version 13.3.0.1.262 User SUJITSWAIN
8/18/2020 00:27:45 AM - Save Script: Version 13.3.0.1.262 User SUJITSWAIN
8/18/2020 00:29:00 AM - Save Script: Version 13.3.0.1.262 User SUJITSWAIN
8/18/2020 00:30:52 AM - Launch Browser: IE version 9.11.18362.0
8/18/2020 00:35:20 AM - Save Script: Version 13.3.0.1.262 User SUJITSWAIN
8/18/2020 00:36:40 AM - Save Script: Version 13.3.0.1.262 User SUJITSWAIN
8/18/2020 00:40:39 AM - Save Script: Version 13.3.0.1.262 User SUJITSWAIN
8/18/2020 00:45:59 AM - Save Script: Version 13.3.0.1.262 User SUJITSWAIN
8/18/2020 00:47:37 AM - Save Script: Version 13.3.0.1.262 User SUJITSWAIN
8/18/2020 00:48:09 AM - Save Script: Version 13.3.0.1.262 User SUJITSWAIN
8/18/2020 00:49:49 AM - Save Script: Version 13.3.0.1.262 User SUJITSWAIN
8/18/2020 00:50:07 AM - Save Script: Version 13.3.0.1.262 User SUJITSWAIN
8/18/2020 00:50:19 AM - Save Script: Version 13.3.0.1.262 User SUJITSWAIN
8/18/2020 00:50:29 AM - Save Script: Version 13.3.0.1.262 User SUJITSWAIN