8/16/2020 12:34:15 PM - Save Script: Version 13.3.0.1.262 User SUJITSWAIN
8/16/2020 12:34:32 PM - Launch Browser: IE version 9.11.18362.0
8/16/2020 12:37:37 PM - Save Script: Version 13.3.0.1.262 User SUJITSWAIN
8/16/2020 12:38:02 PM - Save Script: Version 13.3.0.1.262 User SUJITSWAIN
8/16/2020 12:38:22 PM - Save Script: Version 13.3.0.1.262 User SUJITSWAIN
8/16/2020 12:39:51 PM - Save Script: Version 13.3.0.1.262 User SUJITSWAIN
8/16/2020 12:40:13 PM - Save Script: Version 13.3.0.1.262 User SUJITSWAIN
8/16/2020 12:41:39 PM - Launch Browser: IE version 9.11.18362.0
8/16/2020 12:46:41 PM - Save Script: Version 13.3.0.1.262 User SUJITSWAIN
8/16/2020 12:47:54 PM - Save Script: Version 13.3.0.1.262 User SUJITSWAIN
8/16/2020 12:52:03 PM - Save Script: Version 13.3.0.1.262 User SUJITSWAIN
8/16/2020 12:52:59 PM - Save Script: Version 13.3.0.1.262 User SUJITSWAIN
8/16/2020 13:02:42 PM - Save Script: Version 13.3.0.1.262 User SUJITSWAIN
8/16/2020 13:03:33 PM - Save Script: Version 13.3.0.1.262 User SUJITSWAIN
8/16/2020 13:04:27 PM - Save Script: Version 13.3.0.1.262 User SUJITSWAIN
8/16/2020 13:06:51 PM - Save Script: Version 13.3.0.1.262 User SUJITSWAIN
8/16/2020 13:38:26 PM - Save Script: Version 13.3.0.1.262 User SUJITSWAIN
8/16/2020 13:40:07 PM - Save Script: Version 13.3.0.1.262 User SUJITSWAIN
8/16/2020 13:40:55 PM - Launch Browser: IE version 9.11.18362.0
8/16/2020 13:50:30 PM - Save Script: Version 13.3.0.1.262 User SUJITSWAIN
8/16/2020 13:53:27 PM - Save Script: Version 13.3.0.1.262 User SUJITSWAIN
8/16/2020 13:58:25 PM - Save Script: Version 13.3.0.1.262 User SUJITSWAIN
8/16/2020 13:59:02 PM - Save Script: Version 13.3.0.1.262 User SUJITSWAIN
8/16/2020 14:10:37 PM - Save Script: Version 13.3.0.1.262 User SUJITSWAIN
8/16/2020 14:29:29 PM - Save Script: Version 13.3.0.1.262 User SUJITSWAIN
8/16/2020 14:33:57 PM - Save Script: Version 13.3.0.1.262 User SUJITSWAIN
8/16/2020 14:35:38 PM - Save Script: Version 13.3.0.1.262 User SUJITSWAIN
8/16/2020 14:37:11 PM - Save Script: Version 13.3.0.1.262 User SUJITSWAIN
8/16/2020 14:38:17 PM - Save Script: Version 13.3.0.1.262 User SUJITSWAIN
8/16/2020 14:45:42 PM - Save Script: Version 13.3.0.1.262 User SUJITSWAIN
8/16/2020 14:51:33 PM - Save Script: Version 13.3.0.1.262 User SUJITSWAIN
8/16/2020 14:54:15 PM - Save Script: Version 13.3.0.1.262 User SUJITSWAIN
8/16/2020 15:04:06 PM - Save Script: Version 13.3.0.1.262 User SUJITSWAIN
8/16/2020 15:06:11 PM - Save Script: Version 13.3.0.1.262 User SUJITSWAIN
8/16/2020 15:06:39 PM - Save Script: Version 13.3.0.1.262 User SUJITSWAIN
8/16/2020 15:22:20 PM - Save Script: Version 13.3.0.1.262 User SUJITSWAIN
8/16/2020 17:38:18 PM - Save Script: Version 13.3.0.1.262 User SUJITSWAIN
8/16/2020 17:39:40 PM - Save Script: Version 13.3.0.1.262 User SUJITSWAIN
8/16/2020 17:41:10 PM - Save Script: Version 13.3.0.1.262 User SUJITSWAIN
8/16/2020 17:44:23 PM - Save Script: Version 13.3.0.1.262 User SUJITSWAIN
8/16/2020 17:45:17 PM - Launch Browser: IE version 9.11.18362.0
8/16/2020 17:50:53 PM - Save Script: Version 13.3.0.1.262 User SUJITSWAIN
8/16/2020 17:50:59 PM - Save Script: Version 13.3.0.1.262 User SUJITSWAIN
8/16/2020 17:51:46 PM - Save Script: Version 13.3.0.1.262 User SUJITSWAIN
8/16/2020 17:52:36 PM - Save Script: Version 13.3.0.1.262 User SUJITSWAIN
8/16/2020 17:57:34 PM - Launch Browser: IE version 9.11.18362.0
8/16/2020 18:03:51 PM - Save Script: Version 13.3.0.1.262 User SUJITSWAIN
8/16/2020 18:09:49 PM - Launch Browser: IE version 9.11.18362.0
8/16/2020 18:31:21 PM - Save Script: Version 13.3.0.1.262 User SUJITSWAIN
8/16/2020 18:56:29 PM - Upgrade Script Results: Successfully upgraded script results.
8/16/2020 19:03:28 PM - Launch Browser: IE version 9.11.18362.0
8/16/2020 19:08:47 PM - Save Script: Version 13.3.0.1.262 User SUJITSWAIN
8/16/2020 19:11:09 PM - Save Script: Version 13.3.0.1.262 User SUJITSWAIN
8/16/2020 19:13:29 PM - Save Script: Version 13.3.0.1.262 User SUJITSWAIN
8/16/2020 19:15:04 PM - Save Script: Version 13.3.0.1.262 User SUJITSWAIN
8/16/2020 19:15:45 PM - Save Script: Version 13.3.0.1.262 User SUJITSWAIN
8/16/2020 19:31:38 PM - Save Script: Version 13.3.0.1.262 User SUJITSWAIN
8/16/2020 19:31:57 PM - Save Script: Version 13.3.0.1.262 User SUJITSWAIN
8/16/2020 19:34:53 PM - Save Script: Version 13.3.0.1.262 User SUJITSWAIN
8/16/2020 19:40:47 PM - Save Script: Version 13.3.0.1.262 User SUJITSWAIN
8/16/2020 19:43:12 PM - Launch Browser: IE version 9.11.18362.0
8/16/2020 19:48:27 PM - Save Script: Version 13.3.0.1.262 User SUJITSWAIN
8/16/2020 19:48:58 PM - Save Script: Version 13.3.0.1.262 User SUJITSWAIN
8/16/2020 19:49:15 PM - Save Script: Version 13.3.0.1.262 User SUJITSWAIN
8/16/2020 19:49:27 PM - Save Script: Version 13.3.0.1.262 User SUJITSWAIN
8/16/2020 19:50:09 PM - Launch Browser: IE version 9.11.18362.0
8/16/2020 19:52:17 PM - Save Script: Version 13.3.0.1.262 User SUJITSWAIN
8/16/2020 19:53:00 PM - Save Script: Version 13.3.0.1.262 User SUJITSWAIN
8/16/2020 19:56:11 PM - Save Script: Version 13.3.0.1.262 User SUJITSWAIN
8/16/2020 19:56:24 PM - Save Script: Version 13.3.0.1.262 User SUJITSWAIN
8/16/2020 19:57:36 PM - Save Script: Version 13.3.0.1.262 User SUJITSWAIN
8/16/2020 19:58:36 PM - Save Script: Version 13.3.0.1.262 User SUJITSWAIN
8/16/2020 19:58:41 PM - Save Script: Version 13.3.0.1.262 User SUJITSWAIN
8/16/2020 19:59:59 PM - Save Script: Version 13.3.0.1.262 User SUJITSWAIN
8/16/2020 20:01:00 PM - Save Script: Version 13.3.0.1.262 User SUJITSWAIN
8/16/2020 20:02:03 PM - Launch Browser: IE version 9.11.18362.0
8/16/2020 20:12:05 PM - Save Script: Version 13.3.0.1.262 User SUJITSWAIN
8/16/2020 20:17:20 PM - Launch Browser: IE version 9.11.18362.0
8/16/2020 20:24:03 PM - Save Script: Version 13.3.0.1.262 User SUJITSWAIN
8/16/2020 20:28:50 PM - Save Script: Version 13.3.0.1.262 User SUJITSWAIN
8/16/2020 20:30:15 PM - Save Script: Version 13.3.0.1.262 User SUJITSWAIN
8/16/2020 20:30:50 PM - Save Script: Version 13.3.0.1.262 User SUJITSWAIN
8/16/2020 20:31:01 PM - Save Script: Version 13.3.0.1.262 User SUJITSWAIN
8/16/2020 20:34:09 PM - Save Script: Version 13.3.0.1.262 User SUJITSWAIN
8/16/2020 20:34:24 PM - Save Script: Version 13.3.0.1.262 User SUJITSWAIN
8/17/2020 12:27:02 PM - Save Script: Version 13.3.0.1.262 User SUJITSWAIN
8/17/2020 14:39:54 PM - Upgrade Script Results: Successfully upgraded script results.
8/20/2020 09:40:15 AM - Upgrade Script Results: Successfully upgraded script results.
8/21/2020 13:26:03 PM - Upgrade Script Results: Successfully upgraded script results.
8/21/2020 14:35:23 PM - Save Script: Version 13.3.0.1.262 User SUJITSWAIN
8/21/2020 14:36:44 PM - Save Script: Version 13.3.0.1.262 User SUJITSWAIN
8/21/2020 14:51:33 PM - Launch Browser: IE version 9.11.18362.0
8/21/2020 14:52:50 PM - Launch Browser: Chrome version null
8/21/2020 14:54:52 PM - Save Script: Version 13.3.0.1.262 User SUJITSWAIN
8/21/2020 15:02:05 PM - Launch Browser: Chrome version null
8/21/2020 15:12:23 PM - Launch Browser: IE version 9.11.18362.0
8/23/2020 13:06:13 PM - Launch Browser: Chrome version null
8/23/2020 14:46:54 PM - Save Script: Version 13.3.0.1.262 User SUJITSWAIN
8/23/2020 14:50:42 PM - Save Script: Version 13.3.0.1.262 User SUJITSWAIN
8/23/2020 14:53:04 PM - Save Script: Version 13.3.0.1.262 User SUJITSWAIN
8/23/2020 14:55:22 PM - Launch Browser: IE version 9.11.18362.0
8/23/2020 14:59:10 PM - Save Script: Version 13.3.0.1.262 User SUJITSWAIN
8/23/2020 15:00:30 PM - Save Script: Version 13.3.0.1.262 User SUJITSWAIN
8/23/2020 15:00:45 PM - Save Script: Version 13.3.0.1.262 User SUJITSWAIN
8/23/2020 15:01:20 PM - Save Script: Version 13.3.0.1.262 User SUJITSWAIN
8/23/2020 15:02:28 PM - Save Script: Version 13.3.0.1.262 User SUJITSWAIN
8/23/2020 15:03:23 PM - Save Script: Version 13.3.0.1.262 User SUJITSWAIN
8/23/2020 15:05:20 PM - Save Script: Version 13.3.0.1.262 User SUJITSWAIN
8/23/2020 15:33:59 PM - Save Script: Version 13.3.0.1.262 User SUJITSWAIN
8/23/2020 15:34:42 PM - Save Script: Version 13.3.0.1.262 User SUJITSWAIN
8/23/2020 15:39:04 PM - Save Script: Version 13.3.0.1.262 User SUJITSWAIN
8/23/2020 15:41:32 PM - Save Script: Version 13.3.0.1.262 User SUJITSWAIN
8/23/2020 15:44:25 PM - Save Script: Version 13.3.0.1.262 User SUJITSWAIN
8/23/2020 15:48:28 PM - Save Script: Version 13.3.0.1.262 User SUJITSWAIN
8/23/2020 15:49:50 PM - Save Script: Version 13.3.0.1.262 User SUJITSWAIN
8/23/2020 15:50:47 PM - Save Script: Version 13.3.0.1.262 User SUJITSWAIN
8/23/2020 15:51:56 PM - Save Script: Version 13.3.0.1.262 User SUJITSWAIN
8/23/2020 15:55:43 PM - Save Script: Version 13.3.0.1.262 User SUJITSWAIN
8/23/2020 16:01:50 PM - Save Script: Version 13.3.0.1.262 User SUJITSWAIN
8/23/2020 16:09:39 PM - Save Script: Version 13.3.0.1.262 User SUJITSWAIN
8/23/2020 16:09:48 PM - Save Script: Version 13.3.0.1.262 User SUJITSWAIN
8/23/2020 16:11:34 PM - Save Script: Version 13.3.0.1.262 User SUJITSWAIN
8/23/2020 16:11:44 PM - Save Script: Version 13.3.0.1.262 User SUJITSWAIN
8/23/2020 16:18:31 PM - Save Script: Version 13.3.0.1.262 User SUJITSWAIN
8/23/2020 16:19:58 PM - Save Script: Version 13.3.0.1.262 User SUJITSWAIN
8/23/2020 16:20:08 PM - Save Script: Version 13.3.0.1.262 User SUJITSWAIN
8/23/2020 16:25:15 PM - Save Script: Version 13.3.0.1.262 User SUJITSWAIN
8/23/2020 16:31:09 PM - Save Script: Version 13.3.0.1.262 User SUJITSWAIN
8/23/2020 16:31:19 PM - Save Script: Version 13.3.0.1.262 User SUJITSWAIN
8/23/2020 16:34:10 PM - Save Script: Version 13.3.0.1.262 User SUJITSWAIN
8/23/2020 16:42:29 PM - Save Script: Version 13.3.0.1.262 User SUJITSWAIN
8/23/2020 16:44:25 PM - Save Script: Version 13.3.0.1.262 User SUJITSWAIN
8/23/2020 16:44:51 PM - Save Script: Version 13.3.0.1.262 User SUJITSWAIN
8/23/2020 16:52:24 PM - Save Script: Version 13.3.0.1.262 User SUJITSWAIN
8/23/2020 16:52:42 PM - Save Script: Version 13.3.0.1.262 User SUJITSWAIN
8/23/2020 16:54:57 PM - Save Script: Version 13.3.0.1.262 User SUJITSWAIN
8/23/2020 16:55:31 PM - Save Script: Version 13.3.0.1.262 User SUJITSWAIN
8/23/2020 16:55:35 PM - Save Script: Version 13.3.0.1.262 User SUJITSWAIN
8/23/2020 16:58:26 PM - Save Script: Version 13.3.0.1.262 User SUJITSWAIN
8/23/2020 17:54:40 PM - Save Script: Version 13.3.0.1.262 User SUJITSWAIN
8/23/2020 17:56:13 PM - Save Script: Version 13.3.0.1.262 User SUJITSWAIN
8/23/2020 18:06:38 PM - Save Script: Version 13.3.0.1.262 User SUJITSWAIN
8/24/2020 13:20:18 PM - Upgrade Script Results: Successfully upgraded script results.
8/24/2020 13:43:34 PM - Save Script: Version 13.3.0.1.262 User SUJITSWAIN
8/24/2020 14:41:27 PM - Launch Browser: IE version 9.11.18362.0
8/24/2020 14:42:37 PM - Save Script: Version 13.3.0.1.262 User SUJITSWAIN
8/24/2020 14:43:25 PM - Save Script: Version 13.3.0.1.262 User SUJITSWAIN
8/24/2020 14:44:10 PM - Save Script: Version 13.3.0.1.262 User SUJITSWAIN
8/24/2020 14:44:48 PM - Save Script: Version 13.3.0.1.262 User SUJITSWAIN
8/24/2020 14:45:06 PM - Save Script: Version 13.3.0.1.262 User SUJITSWAIN
8/24/2020 14:45:24 PM - Save Script: Version 13.3.0.1.262 User SUJITSWAIN
8/24/2020 14:50:44 PM - Save Script: Version 13.3.0.1.262 User SUJITSWAIN
8/24/2020 14:50:57 PM - Save Script: Version 13.3.0.1.262 User SUJITSWAIN
8/24/2020 15:10:34 PM - Save Script: Version 13.3.0.1.262 User SUJITSWAIN
8/24/2020 15:12:50 PM - Save Script: Version 13.3.0.1.262 User SUJITSWAIN
8/24/2020 16:53:19 PM - Save Script: Version 13.3.0.1.262 User SUJITSWAIN
8/24/2020 17:22:09 PM - Save Script: Version 13.3.0.1.262 User SUJITSWAIN
8/24/2020 17:32:59 PM - Save Script: Version 13.3.0.1.262 User SUJITSWAIN
8/25/2020 13:30:43 PM - Save Script: Version 13.3.0.1.262 User SUJITSWAIN
8/25/2020 13:39:28 PM - Launch Browser: IE version 9.11.18362.0
8/25/2020 13:42:07 PM - Save Script: Version 13.3.0.1.262 User SUJITSWAIN
8/25/2020 13:43:35 PM - Save Script: Version 13.3.0.1.262 User SUJITSWAIN
8/25/2020 13:44:59 PM - Save Script: Version 13.3.0.1.262 User SUJITSWAIN
8/25/2020 13:46:19 PM - Save Script: Version 13.3.0.1.262 User SUJITSWAIN
8/25/2020 13:54:29 PM - Launch Browser: IE version 9.11.18362.0
8/25/2020 13:56:04 PM - Save Script: Version 13.3.0.1.262 User SUJITSWAIN
8/25/2020 13:56:11 PM - Save Script: Version 13.3.0.1.262 User SUJITSWAIN
8/25/2020 13:58:35 PM - Save Script: Version 13.3.0.1.262 User SUJITSWAIN
8/26/2020 09:54:03 AM - Save Script: Version 13.3.0.1.262 User SUJITSWAIN
8/26/2020 10:27:05 AM - Save Script: Version 13.3.0.1.262 User SUJITSWAIN
8/26/2020 10:27:14 AM - Save Script: Version 13.3.0.1.262 User SUJITSWAIN
8/26/2020 10:29:51 AM - Launch Browser: IE version 9.11.18362.0
8/26/2020 10:30:38 AM - Save Script: Version 13.3.0.1.262 User SUJITSWAIN
8/26/2020 10:33:16 AM - Save Script: Version 13.3.0.1.262 User SUJITSWAIN
8/26/2020 10:33:59 AM - Save Script: Version 13.3.0.1.262 User SUJITSWAIN
8/26/2020 10:37:39 AM - Save Script: Version 13.3.0.1.262 User SUJITSWAIN
8/26/2020 10:43:58 AM - Launch Browser: IE version 9.11.18362.0
8/26/2020 10:45:18 AM - Save Script: Version 13.3.0.1.262 User SUJITSWAIN
8/26/2020 10:45:39 AM - Save Script: Version 13.3.0.1.262 User SUJITSWAIN
8/26/2020 11:05:22 AM - Save Script: Version 13.3.0.1.262 User SUJITSWAIN
8/26/2020 11:12:31 AM - Save Script: Version 13.3.0.1.262 User SUJITSWAIN
8/26/2020 11:14:41 AM - Save Script: Version 13.3.0.1.262 User SUJITSWAIN
8/26/2020 11:16:43 AM - Launch Browser: IE version 9.11.18362.0
8/26/2020 11:17:42 AM - Save Script: Version 13.3.0.1.262 User SUJITSWAIN
8/26/2020 11:18:39 AM - Save Script: Version 13.3.0.1.262 User SUJITSWAIN
8/26/2020 11:23:36 AM - Save Script: Version 13.3.0.1.262 User SUJITSWAIN
8/26/2020 11:25:05 AM - Save Script: Version 13.3.0.1.262 User SUJITSWAIN
8/26/2020 11:25:08 AM - Save Script: Version 13.3.0.1.262 User SUJITSWAIN
8/26/2020 11:35:58 AM - Save Script: Version 13.3.0.1.262 User SUJITSWAIN
8/26/2020 18:47:57 PM - Upgrade Script Results: Successfully upgraded script results.
8/30/2020 12:59:56 PM - Upgrade Script Results: Successfully upgraded script results.
8/31/2020 14:31:50 PM - Upgrade Script Results: Successfully upgraded script results.