9/01/2019 20:15:33 PM - Save Script: Version 13.3.0.1.262 User SUJITSWAIN
9/01/2019 20:20:09 PM - Launch Browser: IE version 9.11.17763.0
9/01/2019 20:30:45 PM - Save Script: Version 13.3.0.1.262 User SUJITSWAIN
9/01/2019 21:44:50 PM - Save Script: Version 13.3.0.1.262 User SUJITSWAIN
9/01/2019 21:58:05 PM - Save Script: Version 13.3.0.1.262 User SUJITSWAIN
9/01/2019 22:06:22 PM - Save Script: Version 13.3.0.1.262 User SUJITSWAIN
9/01/2019 22:09:23 PM - Save Script: Version 13.3.0.1.262 User SUJITSWAIN
9/01/2019 22:11:14 PM - Save Script: Version 13.3.0.1.262 User SUJITSWAIN
9/01/2019 22:13:37 PM - Save Script: Version 13.3.0.1.262 User SUJITSWAIN
9/01/2019 22:14:05 PM - Save Script: Version 13.3.0.1.262 User SUJITSWAIN
9/01/2019 22:16:16 PM - Save Script: Version 13.3.0.1.262 User SUJITSWAIN
9/01/2019 22:17:41 PM - Launch Browser: IE version 9.11.17763.0
9/01/2019 22:22:11 PM - Save Script: Version 13.3.0.1.262 User SUJITSWAIN
9/01/2019 22:25:15 PM - Save Script: Version 13.3.0.1.262 User SUJITSWAIN
9/01/2019 22:27:39 PM - Save Script: Version 13.3.0.1.262 User SUJITSWAIN
9/01/2019 22:29:56 PM - Save Script: Version 13.3.0.1.262 User SUJITSWAIN
9/01/2019 22:35:48 PM - Save Script: Version 13.3.0.1.262 User SUJITSWAIN
9/01/2019 22:47:00 PM - Save Script: Version 13.3.0.1.262 User SUJITSWAIN
9/01/2019 22:57:07 PM - Save Script: Version 13.3.0.1.262 User SUJITSWAIN
9/01/2019 22:57:58 PM - Save Script: Version 13.3.0.1.262 User SUJITSWAIN
9/01/2019 22:59:17 PM - Save Script: Version 13.3.0.1.262 User SUJITSWAIN
9/01/2019 23:09:13 PM - Save Script: Version 13.3.0.1.262 User SUJITSWAIN
9/01/2019 23:10:30 PM - Save Script: Version 13.3.0.1.262 User SUJITSWAIN
9/01/2019 23:12:26 PM - Save Script: Version 13.3.0.1.262 User SUJITSWAIN
9/01/2019 23:13:33 PM - Save Script: Version 13.3.0.1.262 User SUJITSWAIN
9/01/2019 23:30:38 PM - Save Script: Version 13.3.0.1.262 User SUJITSWAIN
9/01/2019 23:45:05 PM - Launch Browser: IE version 9.11.17763.0
9/01/2019 23:58:48 PM - Save Script: Version 13.3.0.1.262 User SUJITSWAIN
9/01/2019 23:59:05 PM - Launch Browser: IE version 9.11.17763.0
9/02/2019 00:03:43 AM - Save Script: Version 13.3.0.1.262 User SUJITSWAIN
9/02/2019 00:03:56 AM - Save Script: Version 13.3.0.1.262 User SUJITSWAIN
9/02/2019 00:04:17 AM - Save Script: Version 13.3.0.1.262 User SUJITSWAIN
9/02/2019 00:06:42 AM - Save Script: Version 13.3.0.1.262 User SUJITSWAIN
9/02/2019 16:39:04 PM - Save Script: Version 13.3.0.1.262 User SUJITSWAIN
9/02/2019 16:43:46 PM - Save Script: Version 13.3.0.1.262 User SUJITSWAIN
9/02/2019 16:50:27 PM - Save Script: Version 13.3.0.1.262 User SUJITSWAIN
9/02/2019 16:59:56 PM - Save Script: Version 13.3.0.1.262 User SUJITSWAIN
9/02/2019 17:01:13 PM - Save Script: Version 13.3.0.1.262 User SUJITSWAIN
9/02/2019 17:03:40 PM - Save Script: Version 13.3.0.1.262 User SUJITSWAIN
9/02/2019 17:06:15 PM - Save Script: Version 13.3.0.1.262 User SUJITSWAIN
9/02/2019 17:08:06 PM - Save Script: Version 13.3.0.1.262 User SUJITSWAIN
9/02/2019 17:28:54 PM - Save Script: Version 13.3.0.1.262 User SUJITSWAIN
9/02/2019 17:29:44 PM - Save Script: Version 13.3.0.1.262 User SUJITSWAIN
9/02/2019 18:08:28 PM - Save Script: Version 13.3.0.1.262 User SUJITSWAIN
4/28/2020 18:04:43 PM - Save Script: Version 13.3.0.1.262 User SUJITSWAIN
4/28/2020 18:04:58 PM - Save Script: Version 13.3.0.1.262 User SUJITSWAIN
4/28/2020 18:06:20 PM - Save Script: Version 13.3.0.1.262 User SUJITSWAIN
4/28/2020 18:16:39 PM - Save Script: Version 13.3.0.1.262 User SUJITSWAIN
4/28/2020 18:17:01 PM - Save Script: Version 13.3.0.1.262 User SUJITSWAIN
4/29/2020 17:37:47 PM - Save Script: Version 13.3.0.1.262 User SUJITSWAIN
4/29/2020 17:40:15 PM - Save Script: Version 13.3.0.1.262 User SUJITSWAIN
4/29/2020 17:41:22 PM - Save Script: Version 13.3.0.1.262 User SUJITSWAIN
4/29/2020 17:42:26 PM - Save Script: Version 13.3.0.1.262 User SUJITSWAIN
4/29/2020 17:42:43 PM - Save Script: Version 13.3.0.1.262 User SUJITSWAIN
4/29/2020 17:43:54 PM - Launch Browser: IE version 9.11.18362.0
4/29/2020 17:46:33 PM - Save Script: Version 13.3.0.1.262 User SUJITSWAIN
4/29/2020 17:48:31 PM - Save Script: Version 13.3.0.1.262 User SUJITSWAIN
4/29/2020 17:50:27 PM - Save Script: Version 13.3.0.1.262 User SUJITSWAIN
4/29/2020 18:43:39 PM - Save Script: Version 13.3.0.1.262 User SUJITSWAIN
4/29/2020 18:44:15 PM - Save Script: Version 13.3.0.1.262 User SUJITSWAIN
4/29/2020 18:44:30 PM - Save Script: Version 13.3.0.1.262 User SUJITSWAIN
4/29/2020 18:58:56 PM - Save Script: Version 13.3.0.1.262 User SUJITSWAIN
4/29/2020 19:01:40 PM - Save Script: Version 13.3.0.1.262 User SUJITSWAIN
4/29/2020 19:02:45 PM - Save Script: Version 13.3.0.1.262 User SUJITSWAIN
4/29/2020 19:08:27 PM - Save Script: Version 13.3.0.1.262 User SUJITSWAIN
4/29/2020 19:17:33 PM - Save Script: Version 13.3.0.1.262 User SUJITSWAIN
4/29/2020 19:18:34 PM - Save Script: Version 13.3.0.1.262 User SUJITSWAIN
4/29/2020 19:23:13 PM - Save Script: Version 13.3.0.1.262 User SUJITSWAIN
4/29/2020 19:26:56 PM - Save Script: Version 13.3.0.1.262 User SUJITSWAIN
4/29/2020 19:34:56 PM - Save Script: Version 13.3.0.1.262 User SUJITSWAIN
4/29/2020 19:38:01 PM - Save Script: Version 13.3.0.1.262 User SUJITSWAIN
4/29/2020 19:50:58 PM - Save Script: Version 13.3.0.1.262 User SUJITSWAIN
4/29/2020 19:57:38 PM - Launch Browser: IE version 9.11.18362.0
4/29/2020 20:48:32 PM - Save Script: Version 13.3.0.1.262 User SUJITSWAIN
4/29/2020 21:26:23 PM - Save Script: Version 13.3.0.1.262 User SUJITSWAIN
4/29/2020 22:50:55 PM - Launch Browser: IE version 9.11.18362.0
4/29/2020 22:58:11 PM - Launch Browser: IE version 9.11.18362.0
4/29/2020 23:01:48 PM - Save Script: Version 13.3.0.1.262 User SUJITSWAIN
4/29/2020 23:03:06 PM - Save Script: Version 13.3.0.1.262 User SUJITSWAIN
4/29/2020 23:06:47 PM - Save Script: Version 13.3.0.1.262 User SUJITSWAIN
4/29/2020 23:06:53 PM - Save Script: Version 13.3.0.1.262 User SUJITSWAIN
4/29/2020 23:11:58 PM - Launch Browser: IE version 9.11.18362.0
4/29/2020 23:13:24 PM - Save Script: Version 13.3.0.1.262 User SUJITSWAIN
4/29/2020 23:15:25 PM - Launch Browser: IE version 9.11.18362.0
4/29/2020 23:16:59 PM - Launch Browser: IE version 9.11.18362.0
4/29/2020 23:21:21 PM - Save Script: Version 13.3.0.1.262 User SUJITSWAIN
4/29/2020 23:22:59 PM - Save Script: Version 13.3.0.1.262 User SUJITSWAIN
4/30/2020 11:36:52 AM - Upgrade Script Results: Successfully upgraded script results.
4/30/2020 14:00:54 PM - Save Script: Version 13.3.0.1.262 User SUJITSWAIN
4/30/2020 14:01:49 PM - Save Script: Version 13.3.0.1.262 User SUJITSWAIN
4/30/2020 14:03:45 PM - Save Script: Version 13.3.0.1.262 User SUJITSWAIN
4/30/2020 14:05:26 PM - Save Script: Version 13.3.0.1.262 User SUJITSWAIN
4/30/2020 14:09:03 PM - Save Script: Version 13.3.0.1.262 User SUJITSWAIN
4/30/2020 14:10:33 PM - Save Script: Version 13.3.0.1.262 User SUJITSWAIN
4/30/2020 14:21:58 PM - Save Script: Version 13.3.0.1.262 User SUJITSWAIN
4/30/2020 14:22:25 PM - Save Script: Version 13.3.0.1.262 User SUJITSWAIN
4/30/2020 14:22:47 PM - Save Script: Version 13.3.0.1.262 User SUJITSWAIN
4/30/2020 16:06:21 PM - Save Script: Version 13.3.0.1.262 User SUJITSWAIN
4/30/2020 16:22:46 PM - Launch Browser: IE version 9.11.18362.0
4/30/2020 16:29:08 PM - Save Script: Version 13.3.0.1.262 User SUJITSWAIN
4/30/2020 16:29:18 PM - Save Script: Version 13.3.0.1.262 User SUJITSWAIN
4/30/2020 16:37:05 PM - Save Script: Version 13.3.0.1.262 User SUJITSWAIN
5/03/2020 13:59:40 PM - Upgrade Script Results: Successfully upgraded script results.
5/04/2020 12:28:44 PM - Upgrade Script Results: Successfully upgraded script results.