8/25/2019 17:30:16 PM - Launch Browser: IE version 9.11.17763.0
8/25/2019 17:32:48 PM - Save Script: Version 13.3.0.1.262 User SUJITSWAIN
8/25/2019 17:44:42 PM - Save Script: Version 13.3.0.1.262 User SUJITSWAIN
9/02/2019 14:24:08 PM - Save Script: Version 13.3.0.1.262 User SUJITSWAIN
9/02/2019 14:24:11 PM - Launch Browser: IE version 9.11.17763.0
4/08/2020 00:02:56 AM - Launch Browser: IE version 9.11.18362.0
4/08/2020 00:08:28 AM - Launch Browser: IE version 9.11.18362.0
4/08/2020 00:09:59 AM - Save Script: Version 13.3.0.1.262 User SUJITSWAIN
4/08/2020 00:10:52 AM - Save Script: Version 13.3.0.1.262 User SUJITSWAIN
4/08/2020 00:10:58 AM - Launch Browser: IE version 9.11.18362.0
4/08/2020 00:11:42 AM - Launch Browser: IE version 9.11.18362.0
4/08/2020 00:13:54 AM - Save Script: Version 13.3.0.1.262 User SUJITSWAIN
4/08/2020 00:14:16 AM - Launch Browser: IE version 9.11.18362.0
4/08/2020 00:17:05 AM - Save Script: Version 13.3.0.1.262 User SUJITSWAIN
4/08/2020 00:19:41 AM - Launch Browser: IE version 9.11.18362.0
4/08/2020 00:20:36 AM - Save Script: Version 13.3.0.1.262 User SUJITSWAIN
4/08/2020 00:21:34 AM - Launch Browser: IE version 9.11.18362.0
4/08/2020 00:22:06 AM - Save Script: Version 13.3.0.1.262 User SUJITSWAIN
4/08/2020 00:27:55 AM - Launch Browser: IE version 9.11.18362.0
4/13/2020 17:13:10 PM - Upgrade Script Results: Successfully upgraded script results.
4/27/2020 12:15:59 PM - Upgrade Script Results: Successfully upgraded script results.
4/30/2020 11:36:38 AM - Upgrade Script Results: Successfully upgraded script results.